25696	6102	123	09022016	230317	-	EP058743435MY	9110	MAS/EMS
25696	6102	123	09022016	230318	-	EP058743364MY	9110	MAS/EMS
25696	6102	123	09022016	230322	-	EP211706727MY	9110	MAS/EMS
25696	6102	123	09022016	230324	-	EP058743758MY	9110	MAS/EMS
25696	6102	123	09022016	230327	-	EP115293440MY	9110	MAS/EMS
25696	6102	123	09022016	230336	-	EP058743395MY	9110	MAS/EMS
25696	6102	123	09022016	230338	-	EP058743761MY	9110	MAS/EMS
25696	6102	123	09022016	230341	-	EP058743378MY	9110	MAS/EMS
25696	6102	123	09022016	230346	-	EP211658638MY	9110	MAS/EMS
25696	6102	123	09022016	230350	-	CG046479892MY	9110	MAS/EMS
25696	6102	123	09022016	230355	-	CG046516864MY	9110	MAS/EMS
25696	6102	123	09022016	230403	-	EP145748670MY	9110	MAS/EMS
25696	6102	123	09022016	230424	-	EP188958980MY	9110	MAS/EMS
25696	6102	123	09022016	230434	-	CG046398510MY	9110	MAS/EMS
25696	6102	123	09022016	230440	-	CG027859395MY	9110	MAS/EMS
25696	6102	123	09022016	230449	-	CG047002263MY	9110	MAS/EMS
25696	6102	123	09022016	230532	-	CG027859839MY	9601	MAS/EMS
25696	6102	123	09022016	230537	-	CG047002267MY	9601	MAS/EMS
25696	6102	123	09022016	230539	-	CG047025044MY	9601	MAS/EMS
25696	6102	123	09022016	230607	-	EP145835348MY	9601	MAS/EMS
25696	6102	123	09022016	230619	-	CG046398492MY	9610	MAS/EMS
25696	6102	123	09022016	230622	-	CG047002266MY	9610	MAS/EMS
25696	6102	123	09022016	230625	-	CG027859348MY	9610	MAS/EMS
25696	6102	123	09022016	230829	-	CG045742942MY	9610	MAS/EMS
25696	6102	123	09022016	230831	-	CG046516869MY	9610	MAS/EMS
25696	6102	123	09022016	230919	-	CG046924041MY	9610	MAS/EMS
25696	6102	123	09022016	230936	-	EF231230724MY	9610	MAS/EMS
25696	6102	123	09022016	230941	-	CG046915377MY	9610	MAS/EMS
25696	6102	123	09022016	230946	-	CG046370698MY	9610	MAS/EMS
25696	6102	123	09022016	231004	-	CG045258011MY	9601	MAS/EMS
25696	6102	123	09022016	231008	-	CG046479844MY	9601	MAS/EMS
25696	6102	123	09022016	231010	-	CG046915376MY	9601	MAS/EMS
25696	6102	123	09022016	231013	-	CG046924799MY	9601	MAS/EMS
25696	6102	123	09022016	231016	-	CG046516870MY	9601	MAS/EMS
25696	6102	123	09022016	231018	-	EP211476462MY	9601	MAS/EMS
25696	6102	123	09022016	231021	-	CG045814192MY	9601	MAS/EMS
25696	6102	123	09022016	231023	-	EH179418947MY	9601	MAS/EMS
25696	6102	123	09022016	231026	-	CG045258053MY	9601	MAS/EMS
25696	6102	123	09022016	231030	-	CG046398499MY	9601	MAS/EMS
25696	6102	123	09022016	231032	-	EP143138857MY	9601	MAS/EMS
25696	6102	123	09022016	231043	-	CG046922395MY	9601	MAS/EMS
25696	6102	123	09022016	231047	-	CG046734917MY	9601	MAS/EMS
25696	6102	123	09022016	231052	-	CG045742941MY	9601	MAS/EMS
25696	6102	123	09022016	231101	-	CG046370703MY	9601	MAS/EMS
25696	6102	123	09022016	231105	-	CG046373766MY	9601	MAS/EMS
25696	6102	123	09022016	231113	-	CG040055076MY	9601	MAS/EMS
25696	6102	123	09022016	231140	-	CG045258056MY	9610	MAS/EMS
25696	6102	123	09022016	231144	-	CG046373844MY	9610	MAS/EMS
25696	6102	123	09022016	231401	-	CG046395536MY	9110	MAS/EMS
25696	6102	123	09022016	231549	-	CG900138423MY	9601	MAS/EMS
25696	6102	123	09022016	232747	-	MYKULAMY8700C60074	8700	MAS/CP 15.6
25696	6102	123	09022016	232812	-	MYKULAMY8700C60072	8700	MAS/CP 15.9
25696	6102	123	09022016	232826	-	MYKULAMY8700C60073	8700	MAS/CP 15.9
25696	6102	123	09022016	232941	-	MYKULAMY8700C60070	8700	MAS/CP 21.0
