36429	6102	123	09022016	224443	-	CG047135041MY	9345	PAJ 1050 3G
36429	6102	123	09022016	224816	-	CG046561459MY	9345	PAJ 1050 3G
36429	6102	123	09022016	224821	-	CG045117038MY	9345	PAJ 1050 3G
36429	6102	123	09022016	224834	-	CG046493783MY	9345	PAJ 1050 3G
36429	6102	123	09022016	224845	-	EP172168887MY	9345	PAJ 1050 3G
36429	6102	123	09022016	224901	-	CG900138044MY	9345	PAJ 1050 3G
36429	6102	123	09022016	224908	-	CG045255736MY	9345	PAJ 1050 3G
36429	6102	123	09022016	224913	-	EH140885271MY	9345	PAJ 1050 3G
36429	6102	123	09022016	224919	-	EM908733196MY	9345	PAJ 1050 3G
36429	6102	123	09022016	224924	-	EH140885210MY	9345	PAJ 1050 3G
36429	6102	123	09022016	224933	-	EH169721481MY	9345	PAJ 1050 3G
36429	6102	123	09022016	224937	-	CG046966134MY	9345	PAJ 1050 3G
36429	6102	123	09022016	224954	-	CG040089347MY	9345	PAJ 1050 3G
36429	6102	123	09022016	224958	-	EM907268309MY	9345	PAJ 1050 3G
36429	6102	123	09022016	225025	-	EM907255530MY	9345	PAJ 1050 3G
36429	6102	123	09022016	225030	-	CG046859494MY	9345	PAJ 1050 3G
36429	6102	123	09022016	225034	-	CG046648813MY	9345	PAJ 1050 3G
36429	6102	123	09022016	225038	-	CG046054252MY	9345	PAJ 1050 3G
36429	6102	123	09022016	225041	-	CG027860310MY	9345	PAJ 1050 3G
36429	6102	123	09022016	225044	-	CG046859544MY	9345	PAJ 1050 3G
36429	6102	123	09022016	225050	-	CG047002196MY	9345	PAJ 1050 3G
36429	6102	123	09022016	225054	-	EP145372455MY	9345	PAJ 1050 3G
36429	6102	123	09022016	225058	-	CG046054253MY	9345	PAJ 1050 3G
36429	6102	123	09022016	225104	-	CG027703147MY	9345	PAJ 1050 3G
36429	6102	123	09022016	225108	-	CG027860597MY	9345	PAJ 1050 3G
36429	6102	123	09022016	225114	-	CG027860600MY	9345	PAJ 1050 3G
36429	6102	123	09022016	225121	-	CG046859486MY	9345	PAJ 1050 3G
36429	6102	123	09022016	225132	-	CG030194551MY	9345	PAJ 1050 3G
36429	6102	123	09022016	225138	-	CG047294180MY	9345	PAJ 1050 3G
36429	6102	123	09022016	225142	-	CG046973132MY	9345	PAJ 1050 3G
36429	6102	123	09022016	225153	-	CG046915351MY	9345	PAJ 1050 3G
36429	6102	123	09022016	225233	-	CG900138151MY	9345	PAJ 1050 3G
36429	6102	123	09022016	225255	-	CG900138298MY	9345	PAJ 1050 3G
36429	6102	123	09022016	225304	-	CG046661027MY	9345	PAJ 1050 3G
36429	6102	123	09022016	225310	-	EM907365190MY	9345	PAJ 1050 3G
36429	6102	123	09022016	225318	-	EM907252547MY	9345	PAJ 1050 3G
36429	6102	123	09022016	225321	-	EH129506175MY	9345	PAJ 1050 3G
36429	6102	123	09022016	225323	-	CG026773235MY	9345	PAJ 1050 3G
36429	6102	123	09022016	225327	-	EM907268754MY	9345	PAJ 1050 3G
36429	6102	123	09022016	225329	-	CG046924490MY	9345	PAJ 1050 3G
36429	6102	123	09022016	225333	-	CG046859535MY	9345	PAJ 1050 3G
36429	6102	123	09022016	225351	-	EF774309270MY	9345	PAJ 1050 3G
36429	6102	123	09022016	225357	-	CG900138278MY	9345	PAJ 1050 3G
36429	6102	123	09022016	225413	-	CG045810763MY	9345	PAJ 1050 3G
36429	6102	123	09022016	225419	-	CG046924491MY	9345	PAJ 1050 3G
36429	6102	123	09022016	225438	-	EM907291700MY	9345	PAJ 1050 3G
36429	6102	123	09022016	225446	-	CG046802278MY	9345	PAJ 1050 3G
36429	6102	123	09022016	225504	-	CG045814151MY	9345	PAJ 1050 3G
36429	6102	123	09022016	225510	-	CG046681204MY	9345	PAJ 1050 3G
36429	6102	123	09022016	225516	-	CG046373775MY	9345	PAJ 1050 3G
36429	6102	123	09022016	225521	-	CG046868066MY	9345	PAJ 1050 3G
36429	6102	123	09022016	225528	-	CG900138318MY	9345	PAJ 1050 3G
36429	6102	123	09022016	225534	-	CG046707675MY	9345	PAJ 1050 3G
36429	6102	123	09022016	225543	-	MYKULAMY9319E60202	9345	PAJ 1050 3G
36429	6102	123	09022016	225601	-	CG030194553MY	9345	PAJ 1050 3G
36429	6102	123	09022016	225607	-	CG046868057MY	9345	PAJ 1050 3G
36429	6102	123	09022016	225633	-	EH045003191MY	9345	PAJ 1050 3G
36429	6102	123	09022016	225808	-	CG046665934MY	9345	PAJ 1050 3G
36429	6102	123	09022016	225813	-	CG046358299MY	9345	PAJ 1050 3G
36429	6102	123	09022016	225821	-	CG028727855MY	9345	PAJ 1050 3G
36429	6102	123	09022016	225830	-	CG046969375MY	9345	PAJ 1050 3G
36429	6102	123	09022016	225837	-	EH140885121MY	9345	PAJ 1050 3G
36429	6102	123	09022016	225846	-	CG046859537MY	9345	PAJ 1050 3G
36429	6102	123	09022016	225853	-	CG029383632MY	9345	PAJ 1050 3G
36429	6102	123	09022016	225857	-	CG046373216MY	9345	PAJ 1050 3G
36429	6102	123	09022016	225908	-	CG046859475MY	9345	PAJ 1050 3G
36429	6102	123	09022016	225920	-	EH180562447MY	9345	PAJ 1050 3G
36429	6102	123	09022016	225931	-	CG046859530MY	9345	PAJ 1050 3G
36429	6102	123	09022016	225938	-	CG900138428MY	9345	PAJ 1050 3G
36429	6102	123	09022016	225946	-	CG900138103MY	9345	PAJ 1050 3G
36429	6102	123	09022016	225950	-	CG046648819MY	9345	PAJ 1050 3G
36429	6102	123	09022016	225956	-	CG046681205MY	9345	PAJ 1050 3G
36429	6102	123	09022016	230003	-	CG046859548MY	9345	PAJ 1050 3G
36429	6102	123	09022016	230010	-	CG046859536MY	9345	PAJ 1050 3G
36429	6102	123	09022016	230017	-	EH075388717MY	9345	PAJ 1050 3G
36429	6102	123	09022016	230024	-	EH140877920MY	9345	PAJ 1050 3G
36429	6102	123	09022016	230029	-	EH140885245MY	9345	PAJ 1050 3G
36429	6102	123	09022016	230035	-	CG046681206MY	9345	PAJ 1050 3G
36429	6102	123	09022016	230107	-	CG046915349MY	9345	PAJ 1050 3G
36429	6102	123	09022016	230111	-	EH146496399MY	9345	PAJ 1050 3G
36429	6102	123	09022016	230122	-	CG046717587MY	9345	PAJ 1050 3G
36429	6102	123	09022016	230130	-	CG046859490MY	9345	PAJ 1050 3G
36429	6102	123	09022016	230138	-	CG024283262MY	9345	PAJ 1050 3G
36429	6102	123	09022016	230143	-	CG030194552MY	9345	PAJ 1050 3G
36429	6102	123	09022016	230147	-	CG046493784MY	9345	PAJ 1050 3G
36429	6102	123	09022016	230200	-	CG046963542MY	9345	PAJ 1050 3G
36429	6102	123	09022016	230206	-	CG046999711MY	9345	PAJ 1050 3G
36429	6102	123	09022016	230210	-	CG040055083MY	9345	PAJ 1050 3G
36429	6102	123	09022016	230221	-	EF159259606MY	9345	PAJ 1050 3G
36429	6102	123	09022016	230227	-	CG900138188MY	9345	PAJ 1050 3G
36429	6102	123	09022016	230246	-	CG040055090MY	9345	PAJ 1050 3G
36429	6102	123	09022016	230258	-	CG900138091MY	9345	PAJ 1050 3G
36429	6102	123	09022016	230305	-	CG046868035MY	9345	PAJ 1050 3G
36429	6102	123	09022016	230312	-	CG031914800MY	9345	PAJ 1050 3G
36429	6102	123	09022016	230320	-	CG046859542MY	9345	PAJ 1050 3G
36429	6102	123	09022016	230329	-	CG046999752MY	9345	PAJ 1050 3G
36429	6102	123	09022016	230348	-	EH116560297MY	9345	PAJ 1050 3G
36429	6102	123	09022016	230353	-	CG900138128MY	9345	PAJ 1050 3G
36429	6102	123	09022016	230356	-	CG046734918MY	9345	PAJ 1050 3G
36429	6102	123	09022016	230412	-	EM907376396MY	9345	PAJ 1050 3G
36429	6102	123	09022016	230416	-	EM907306143MY	9345	PAJ 1050 3G
36429	6102	123	09022016	230420	-	EM907356649MY	9345	PAJ 1050 3G
36429	6102	123	09022016	230424	-	CG045527019MY	9345	PAJ 1050 3G
36429	6102	123	09022016	230427	-	EH140885152MY	9345	PAJ 1050 3G
36429	6102	123	09022016	230432	-	CG046759579MY	9345	PAJ 1050 3G
36429	6102	123	09022016	230439	-	CG046859533MY	9345	PAJ 1050 3G
36429	6102	123	09022016	230443	-	CG046859549MY	9345	PAJ 1050 3G
36429	6102	123	09022016	230452	-	CG046859538MY	9345	PAJ 1050 3G
36429	6102	123	09022016	230457	-	CG022679854MY	9345	PAJ 1050 3G
36429	6102	123	09022016	230527	-	EH135670220MY	9345	PAJ 1050 3G
36429	6102	123	09022016	230537	-	CG046969430MY	9345	PAJ 1050 3G
36429	6102	123	09022016	230549	-	CG046370038MY	9345	PAJ 1050 3G
36429	6102	123	09022016	230556	-	CG046922379MY	9345	PAJ 1050 3G
36429	6102	123	09022016	230612	-	CG030194559MY	9345	PAJ 1050 3G
36429	6102	123	09022016	230623	-	CG045742913MY	9345	PAJ 1050 3G
36429	6102	123	09022016	230634	-	EP166071107MY	9345	PAJ 1050 3G
36429	6102	123	09022016	230726	-	EH076088360MY	9345	PAJ 1050 3G
36429	6102	123	09022016	230736	-	CG046516873MY	9345	PAJ 1050 3G
36429	6102	123	09022016	230738	-	EP166074593MY	9345	PAJ 1050 3G
36429	6102	123	09022016	230750	-	CG046969371MY	9345	PAJ 1050 3G
36429	6102	123	09022016	230805	-	CG028727520MY	9345	PAJ 1050 3G
36429	6102	123	09022016	230812	-	CG046999710MY	9345	PAJ 1050 3G
36429	6102	123	09022016	230816	-	EM907378587MY	9345	PAJ 1050 3G
36429	6102	123	09022016	230833	-	CG046493967MY	9345	PAJ 1050 3G
36429	6102	123	09022016	230931	-	EM907314065MY	9345	PAJ 1050 3G
36429	6102	123	09022016	230940	-	CG047135174MY	9345	PAJ 1050 3G
36429	6102	123	09022016	230944	-	CG046922388MY	9345	PAJ 1050 3G
36429	6102	123	09022016	230956	-	EM907291713MY	9345	PAJ 1050 3G
36429	6102	123	09022016	231006	-	CG040089302MY	9345	PAJ 1050 3G
36429	6102	123	09022016	231018	-	EP166071950MY	9345	PAJ 1050 3G
36429	6102	123	09022016	231024	-	CG046924492MY	9345	PAJ 1050 3G
36429	6102	123	09022016	231030	-	CG045258041MY	9345	PAJ 1050 3G
36429	6102	123	09022016	231042	-	CG045873769MY	9345	PAJ 1050 3G
36429	6102	123	09022016	231051	-	CG047025045MY	9345	PAJ 1050 3G
36429	6102	123	09022016	231055	-	EM907294839MY	9345	PAJ 1050 3G
36429	6102	123	09022016	231102	-	EM907375965MY	9345	PAJ 1050 3G
36429	6102	123	09022016	231108	-	EH140885183MY	9345	PAJ 1050 3G
36429	6102	123	09022016	231113	-	CG045258040MY	9345	PAJ 1050 3G
36429	6102	123	09022016	231120	-	EH093501280MY	9345	PAJ 1050 3G
36429	6102	123	09022016	231131	-	CG046665939MY	9345	PAJ 1050 3G
36429	6102	123	09022016	231135	-	CG045398008MY	9345	PAJ 1050 3G
36429	6102	123	09022016	231143	-	CG900138242MY	9345	PAJ 1050 3G
36429	6102	123	09022016	231148	-	CG046516861MY	9345	PAJ 1050 3G
36429	6102	123	09022016	231154	-	CG046859529MY	9345	PAJ 1050 3G
36429	6102	123	09022016	231229	-	CG046302524MY	9345	PAJ 1050 3G
36429	6102	123	09022016	231302	-	EH140757480MY	9345	PAJ 1050 3G
36429	6102	123	09022016	231931	-	EH035971425MY	9500	PAJ10183G
36429	6102	123	09022016	231939	-	CG046843599MY	9500	PAJ10183G
36429	6102	123	09022016	231944	-	CG046922406MY	9500	PAJ10183G
36429	6102	123	09022016	231948	-	CG045527020MY	9500	PAJ10183G
36429	6102	123	09022016	231954	-	CG047135047MY	9500	PAJ10183G
36429	6102	123	09022016	231956	-	CG046493785MY	9500	PAJ10183G
36429	6102	123	09022016	232011	-	CG026895609MY	9500	PAJ10183G
36429	6102	123	09022016	232016	-	CG046924375MY	9500	PAJ10183G
36429	6102	123	09022016	232021	-	CG046393543MY	9500	PAJ10183G
36429	6102	123	09022016	232025	-	CG046999741MY	9500	PAJ10183G
36429	6102	123	09022016	232030	-	CG047294182MY	9500	PAJ10183G
36429	6102	123	09022016	232037	-	CG045398009MY	9500	PAJ10183G
36429	6102	123	09022016	232043	-	CG046681203MY	9500	PAJ10183G
36429	6102	123	09022016	232046	-	CG046370524MY	9500	PAJ10183G
36429	6102	123	09022016	232054	-	CG028727144MY	9500	PAJ10183G
36429	6102	123	09022016	232101	-	CG028727882MY	9500	PAJ10183G
36429	6102	123	09022016	232105	-	CG045722572MY	9500	PAJ10183G
36429	6102	123	09022016	232109	-	CG046854724MY	9500	PAJ10183G
36429	6102	123	09022016	232113	-	CG027860149MY	9500	PAJ10183G
36429	6102	123	09022016	232115	-	EP145872045MY	9500	PAJ10183G
36429	6102	123	09022016	232120	-	CG046648319MY	9500	PAJ10183G
36429	6102	123	09022016	232125	-	CG046843600MY	9500	PAJ10183G
36429	6102	123	09022016	232127	-	EN084523790MY	9500	PAJ10183G
36429	6102	123	09022016	232131	-	CG046707819MY	9500	PAJ10183G
36429	6102	123	09022016	232142	-	CG046398501MY	9500	PAJ10183G
36429	6102	123	09022016	232146	-	CG046973030MY	9500	PAJ10183G
36429	6102	123	09022016	232151	-	CG046843602MY	9500	PAJ10183G
36429	6102	123	09022016	232201	-	CG046999753MY	9500	PAJ10183G
36429	6102	123	09022016	232204	-	CG024283271MY	9500	PAJ10183G
36429	6102	123	09022016	232207	-	CG046859129MY	9500	PAJ10183G
36429	6102	123	09022016	232215	-	CG046969431MY	9500	PAJ10183G
36429	6102	123	09022016	232236	-	CG045682484MY	9500	PAJ10183G
36429	6102	123	09022016	232240	-	CG027702131MY	9500	PAJ10183G
36429	6102	123	09022016	232249	-	CG046759596MY	9500	PAJ10183G
36429	6102	123	09022016	232255	-	CG047135175MY	9500	PAJ10183G
36429	6102	123	09022016	232258	-	CG046924038MY	9500	PAJ10183G
