36444	6102	123	09022016	223955	-	EN067066556MY	8800	PAJ10173G/
36444	6102	123	09022016	224008	-	EN067066613MY	8800	PAJ10173G/
36444	6102	123	09022016	224025	-	EN067069107MY	8800	PAJ10173G/
36444	6102	123	09022016	224035	-	EN067066627MY	8800	PAJ10173G/
36444	6102	123	09022016	224048	-	EN067069019MY	8800	PAJ10173G/
36444	6102	123	09022016	224103	-	EN067066539MY	8800	PAJ10173G/
36444	6102	123	09022016	224112	-	EN067066560MY	8800	PAJ10173G/
36444	6102	123	09022016	224123	-	EN067069115MY	8800	PAJ10173G/
36444	6102	123	09022016	224140	-	EN067065241MY	8800	PAJ10173G/
36444	6102	123	09022016	224208	-	EN067066508MY	8800	PAJ10173G/
36444	6102	123	09022016	224215	-	EN067066600MY	8800	PAJ10173G/
36444	6102	123	09022016	224230	-	EN067066485MY	8800	PAJ10173G/
36444	6102	123	09022016	224253	-	EN067066635MY	8800	PAJ10173G/
36444	6102	123	09022016	224304	-	EN067069022MY	8800	PAJ10173G/
36444	6102	123	09022016	224319	-	EN067066525MY	8800	PAJ10173G/
36444	6102	123	09022016	224335	-	EN067066499MY	8800	PAJ10173G/
36444	6102	123	09022016	224346	-	EN067066644MY	8800	PAJ10173G/
36444	6102	123	09022016	224359	-	EN067066542MY	8800	PAJ10173G/
36444	6102	123	09022016	224431	-	EN067066658MY	8800	PAJ10173G/
36444	6102	123	09022016	230327	-	ED876259070MY	8800	PAJ10173G/
36444	6102	123	09022016	230456	-	EH159597484MY	8800	PAJ10173G/
36444	6102	123	09022016	230535	-	EF674495384MY	8800	PAJ10173G/
36444	6102	123	09022016	230545	-	EH072475765MY	8800	PAJ10173G/
36444	6102	123	09022016	230643	-	EH054847704MY	8800	PAJ10173G/
36444	6102	123	09022016	230656	-	EP157545816MY	8800	PAJ10173G/
36444	6102	123	09022016	230713	-	EM907319969MY	8800	PAJ10173G/
36444	6102	123	09022016	230730	-	EH157101052MY	8800	PAJ10173G/
36444	6102	123	09022016	230904	-	EF246562952MY	8800	PAJ10173G/
36444	6102	123	09022016	231015	-	CG046648807MY	8800	PAJ10173G/
36444	6102	123	09022016	231054	-	CG047135168MY	8800	PAJ10173G/
36444	6102	123	09022016	231117	-	CG024283267MY	8800	PAJ10173G/
36444	6102	123	09022016	231130	-	CG046054290MY	8800	PAJ10173G/
36444	6102	123	09022016	231147	-	CG046969434MY	8800	PAJ10173G/
36444	6102	123	09022016	231257	-	CG046479731MY	8800	PAJ10173G/
36444	6102	123	09022016	231301	-	CG026773227MY	8800	PAJ10173G/
36444	6102	123	09022016	231331	-	EP029587477MY	8800	PAJ10173G/
36444	6102	123	09022016	231340	-	EN084523826MY	8800	PAJ10173G/
36444	6102	123	09022016	231427	-	CG046648822MY	8800	PAJ10173G/
36444	6102	123	09022016	231440	-	CG047294176MY	8800	PAJ10173G/
36444	6102	123	09022016	231620	-	CG046665918MY	8800	PAJ10173G/
