36442	6102	123	09022016	224531	-	CG046929773MY	9800	PAG1234N7..
36442	6102	123	09022016	224542	-	CG024284441MY	9800	PAG1234N7..
36442	6102	123	09022016	224547	-	CG046859556MY	9800	PAG1234N7..
36442	6102	123	09022016	224551	-	CG900138394MY	9800	PAG1234N7..
36442	6102	123	09022016	224559	-	CG046999750MY	9800	PAG1234N7..
36442	6102	123	09022016	224603	-	CG046865060MY	9800	PAG1234N7..
36442	6102	123	09022016	224610	-	CG046969429MY	9800	PAG1234N7..
36442	6102	123	09022016	224613	-	CG046859564MY	9800	PAG1234N7..
36442	6102	123	09022016	224620	-	EH138924025MY	9800	PAG1234N7..
36442	6102	123	09022016	224624	-	EH116693205MY	9800	PAG1234N7..
36442	6102	123	09022016	224630	-	CG046648817MY	9800	PAG1234N7..
36442	6102	123	09022016	224641	-	CG046924800MY	9800	PAG1234N7..
36442	6102	123	09022016	224651	-	CG046648821MY	9800	PAG1234N7..
36442	6102	123	09022016	224655	-	CG047135180MY	9800	PAG1234N7..
36442	6102	123	09022016	224702	-	CG046859557MY	9800	PAG1234N7..
36442	6102	123	09022016	224707	-	CG045722597MY	9800	PAG1234N7..
36442	6102	123	09022016	224717	-	CG046681214MY	9800	PAG1234N7..
36442	6102	123	09022016	224722	-	EH196259049MY	9800	PAG1234N7..
36442	6102	123	09022016	224724	-	CG046859553MY	9800	PAG1234N7..
36442	6102	123	09022016	224732	-	EH138924039MY	9800	PAG1234N7..
36442	6102	123	09022016	224736	-	CG045117045MY	9800	PAG1234N7..
36442	6102	123	09022016	224739	-	CG046999751MY	9800	PAG1234N7..
36442	6102	123	09022016	224756	-	CG045828665MY	9800	PAG1234N7..
36442	6102	123	09022016	224801	-	CG046999715MY	9800	PAG1234N7..
36442	6102	123	09022016	224805	-	CG046966127MY	9800	PAG1234N7..
36442	6102	123	09022016	224810	-	CG046859554MY	9800	PAG1234N7..
36442	6102	123	09022016	224814	-	EM907387650MY	9800	PAG1234N7..
36442	6102	123	09022016	224818	-	CG022679860MY	9800	PAG1234N7..
36442	6102	123	09022016	224820	-	CG045398011MY	9800	PAG1234N7..
36442	6102	123	09022016	224826	-	EM907388743MY	9800	PAG1234N7..
36442	6102	123	09022016	224830	-	CG045814161MY	9800	PAG1234N7..
36442	6102	123	09022016	224833	-	CG028727884MY	9800	PAG1234N7..
36442	6102	123	09022016	224839	-	EM907355665MY	9800	PAG1234N7..
36442	6102	123	09022016	224841	-	CG046963541MY	9800	PAG1234N7..
36442	6102	123	09022016	224849	-	CG047135046MY	9800	PAG1234N7..
36442	6102	123	09022016	224852	-	CG046859585MY	9800	PAG1234N7..
36442	6102	123	09022016	224857	-	CG024283230MY	9800	PAG1234N7..
36442	6102	123	09022016	224915	-	CG047135177MY	9800	PAG1234N7..
36442	6102	123	09022016	224920	-	EH162277180MY	9800	PAG1234N7..
36442	6102	123	09022016	224927	-	CG046922399MY	9800	PAG1234N7..
36442	6102	123	09022016	224936	-	CG047002268MY	9800	PAG1234N7..
36442	6102	123	09022016	224940	-	CG046493966MY	9800	PAG1234N7..
36442	6102	123	09022016	224944	-	CG047294186MY	9800	PAG1234N7..
36442	6102	123	09022016	224946	-	EH130216710MY	9800	PAG1234N7..
36442	6102	123	09022016	224951	-	CG046859567MY	9800	PAG1234N7..
36442	6102	123	09022016	224956	-	CG046805794MY	9800	PAG1234N7..
36442	6102	123	09022016	225000	-	CG046759581MY	9800	PAG1234N7..
36442	6102	123	09022016	225004	-	CG046915409MY	9800	PAG1234N7..
36442	6102	123	09022016	225008	-	CG046859584MY	9800	PAG1234N7..
36442	6102	123	09022016	225018	-	CG046054303MY	9800	PAG1234N7..
36442	6102	123	09022016	225022	-	EH167365898MY	9800	PAG1234N7..
36442	6102	123	09022016	225028	-	CG040089342MY	9800	PAG1234N7..
36442	6102	123	09022016	225042	-	CG027702130MY	9800	PAG1234N7..
36442	6102	123	09022016	225046	-	CG046859563MY	9800	PAG1234N7..
36442	6102	123	09022016	225053	-	CG040055097MY	9800	PAG1234N7..
36442	6102	123	09022016	225056	-	EH138924042MY	9800	PAG1234N7..
36442	6102	123	09022016	225105	-	EP162548506MY	9800	PAG1234N7..
36442	6102	123	09022016	225109	-	CG028727146MY	9800	PAG1234N7..
36442	6102	123	09022016	225112	-	CG046373776MY	9800	PAG1234N7..
36442	6102	123	09022016	225116	-	CG045810600MY	9800	PAG1234N7..
36442	6102	123	09022016	225118	-	CG040055118MY	9800	PAG1234N7..
36442	6102	123	09022016	225126	-	CG046734924MY	9800	PAG1234N7..
36442	6102	123	09022016	225130	-	EH201676209MY	9800	PAG1234N7..
36442	6102	123	09022016	225134	-	CG046054273MY	9800	PAG1234N7..
36442	6102	123	09022016	225138	-	CG047294187MY	9800	PAG1234N7..
36442	6102	123	09022016	225141	-	CG900138263MY	9800	PAG1234N7..
36442	6102	123	09022016	225145	-	CG046807789MY	9800	PAG1234N7..
36442	6102	123	09022016	225150	-	CG046681213MY	9800	PAG1234N7..
36442	6102	123	09022016	225154	-	CG046661029MY	9800	PAG1234N7..
36442	6102	123	09022016	225200	-	CG046627346MY	9800	PAG1234N7..
36442	6102	123	09022016	225205	-	CG046493790MY	9800	PAG1234N7..
36442	6102	123	09022016	225209	-	CG045117040MY	9800	PAG1234N7..
36442	6102	123	09022016	225213	-	CG046973031MY	9800	PAG1234N7..
36442	6102	123	09022016	225216	-	CG046969428MY	9800	PAG1234N7..
36442	6102	123	09022016	225219	-	EM907313396MY	9800	PAG1234N7..
36442	6102	123	09022016	225222	-	CG046969374MY	9800	PAG1234N7..
36442	6102	123	09022016	225229	-	CG046648814MY	9800	PAG1234N7..
36442	6102	123	09022016	225233	-	CG026773226MY	9800	PAG1234N7..
36442	6102	123	09022016	225242	-	CG046561457MY	9800	PAG1234N7..
36442	6102	123	09022016	225245	-	EM907292206MY	9800	PAG1234N7..
36442	6102	123	09022016	225248	-	EM907375991MY	9800	PAG1234N7..
36442	6102	123	09022016	225254	-	CG046493789MY	9800	PAG1234N7..
36442	6102	123	09022016	225301	-	CG046929765MY	9800	PAG1234N7..
36442	6102	123	09022016	225304	-	CG046924029MY	9800	PAG1234N7..
36442	6102	123	09022016	225310	-	CG046561454MY	9800	PAG1234N7..
36442	6102	123	09022016	225316	-	CG046661033MY	9800	PAG1234N7..
36442	6102	123	09022016	225319	-	CG900138211MY	9800	PAG1234N7..
36442	6102	123	09022016	225325	-	CG046516866MY	9800	PAG1234N7..
36442	6102	123	09022016	225329	-	EH078310742MY	9800	PAG1234N7..
36442	6102	123	09022016	225334	-	CG900138113MY	9800	PAG1234N7..
36442	6102	123	09022016	225337	-	CG046868052MY	9800	PAG1234N7..
36442	6102	123	09022016	225341	-	CG046859558MY	9800	PAG1234N7..
36442	6102	123	09022016	225344	-	CG046859362MY	9800	PAG1234N7..
36442	6102	123	09022016	225348	-	EH117594354MY	9800	PAG1234N7..
36442	6102	123	09022016	225351	-	CG046859555MY	9800	PAG1234N7..
36442	6102	123	09022016	225356	-	CG046648810MY	9800	PAG1234N7..
36442	6102	123	09022016	225400	-	CG046859577MY	9800	PAG1234N7..
36442	6102	123	09022016	225406	-	CG045722443MY	9800	PAG1234N7..
36442	6102	123	09022016	225410	-	CG046759592MY	9800	PAG1234N7..
36442	6102	123	09022016	225414	-	CG027703239MY	9800	PAG1234N7..
36442	6102	123	09022016	225418	-	CG046922404MY	9800	PAG1234N7..
36442	6102	123	09022016	225421	-	EH178022602MY	9800	PAG1234N7..
36442	6102	123	09022016	225425	-	CG046868041MY	9800	PAG1234N7..
36442	6102	123	09022016	225430	-	EH159054094MY	9800	PAG1234N7..
36442	6102	123	09022016	225435	-	CG046516867MY	9800	PAG1234N7..
36442	6102	123	09022016	225438	-	EH178133577MY	9800	PAG1234N7..
36442	6102	123	09022016	225443	-	CG029383644MY	9800	PAG1234N7..
36442	6102	123	09022016	225449	-	EM907359591MY	9800	PAG1234N7..
36442	6102	123	09022016	225458	-	CG045258055MY	9800	PAG1234N7..
36442	6102	123	09022016	225501	-	CG046946470MY	9800	PAG1234N7..
36442	6102	123	09022016	225504	-	CG046915380MY	9800	PAG1234N7..
36442	6102	123	09022016	225508	-	CG046370707MY	9800	PAG1234N7..
36442	6102	123	09022016	225511	-	CG047135042MY	9800	PAG1234N7..
36442	6102	123	09022016	225514	-	CG046802270MY	9800	PAG1234N7..
36442	6102	123	09022016	225518	-	CG040055111MY	9800	PAG1234N7..
36442	6102	123	09022016	225522	-	EH130216683MY	9800	PAG1234N7..
36442	6102	123	09022016	225526	-	EP166074960MY	9800	PAG1234N7..
36442	6102	123	09022016	225531	-	EH130114605MY	9800	PAG1234N7..
36442	6102	123	09022016	225534	-	EH201676190MY	9800	PAG1234N7..
36442	6102	123	09022016	225538	-	CG040055125MY	9800	PAG1234N7..
36442	6102	123	09022016	230214	-	CG900138409MY	9800	JAG1234N7..
36442	6102	123	09022016	231316	-	CG046493821MY	8901	PAJ1030 3G..
36442	6102	123	09022016	231319	-	CG046759593MY	8901	PAJ1030 3G..
36442	6102	123	09022016	231323	-	CG045742936MY	8901	PAJ1030 3G..
36442	6102	123	09022016	231325	-	CG046370699MY	8901	PAJ1030 3G..
36442	6102	123	09022016	231328	-	CG027703139MY	8901	PAJ1030 3G..
36442	6102	123	09022016	231337	-	CG046922390MY	8901	PAJ1030 3G..
36442	6102	123	09022016	231339	-	CG046734935MY	8901	PAJ1030 3G..
36442	6102	123	09022016	231343	-	CG046805803MY	8901	PAJ1030 3G..
36442	6102	123	09022016	231345	-	CG046302523MY	8901	PAJ1030 3G..
36442	6102	123	09022016	231349	-	CG046924034MY	8901	PAJ1030 3G..
36442	6102	123	09022016	231356	-	CG046999719MY	8901	PAJ1030 3G..
36442	6102	123	09022016	231359	-	CG046915378MY	8901	PAJ1030 3G..
36442	6102	123	09022016	231402	-	CG028102652MY	8901	PAJ1030 3G..
36442	6102	123	09022016	231406	-	EH179418624MY	8901	PAJ1030 3G..
36442	6102	123	09022016	231410	-	CG045258035MY	8901	PAJ1030 3G..
36442	6102	123	09022016	231411	-	EH076014945MY	8901	PAJ1030 3G..
36442	6102	123	09022016	231439	-	CG047294177MY	8901	PAJ1030 3G..
36442	6102	123	09022016	231454	-	EH180830381MY	8901	PAJ1030 3G..
36442	6102	123	09022016	231505	-	CG046665935MY	8901	PAJ1030 3G..
36442	6102	123	09022016	231512	-	CG046054335MY	8901	PAJ1030 3G..
36442	6102	123	09022016	231522	-	CG046966006MY	8901	PAJ1030 3G..
36442	6102	123	09022016	231525	-	CG045415478MY	8901	PAJ1030 3G..
36442	6102	123	09022016	231533	-	CG045398004MY	8901	PAJ1030 3G..
36442	6102	123	09022016	231539	-	CG047135036MY	8901	PAJ1030 3G..
36442	6102	123	09022016	231558	-	CG024283240MY	8901	PAJ1030 3G..
36442	6102	123	09022016	231633	-	CG046493965MY	8901	PAJ1030 3G..
36442	6102	123	09022016	231639	-	CG046648850MY	8901	PAJ1030 3G..
36442	6102	123	09022016	231655	-	CG046924374MY	8901	PAJ1030 3G..
36442	6102	123	09022016	231700	-	CG047135169MY	8901	PAJ1030 3G..
36442	6102	123	09022016	231714	-	CG046561461MY	8901	PAJ1030 3G..
36442	6102	123	09022016	231720	-	CG046963545MY	8901	PAJ1030 3G..
36442	6102	123	09022016	231752	-	CG047002283MY	8901	PAJ1030 3G..
36442	6102	123	09022016	231759	-	CG046868526MY	8901	PAJ1030 3G..
36442	6102	123	09022016	231806	-	CG027859401MY	8901	PAJ1030 3G..
36442	6102	123	09022016	231812	-	CG900138376MY	8901	PAJ1030 3G..
36442	6102	123	09022016	231929	-	CG046969425MY	8901	PAJ1030 3G..
36442	6102	123	09022016	232004	-	CG046681210MY	8901	PAJ1030 3G..
36442	6102	123	09022016	232009	-	EM907362644MY	8901	PAJ1030 3G..
