LS012	4029	001	27012016	235856	-	EN088568451MY
LS011	4029	001	27012016	235938	-	EH069171985MY
LS011	4029	001	27012016	235941	-	EH152382705MY
LS011	4029	001	27012016	235943	-	ED280870905MY
LS014	4029	001	27012016	235945	-	EN101380912MY
LS014	4029	001	27012016	235947	-	EN101409369MY
LS014	4029	001	27012016	235949	-	EN101380651MY
LS014	4029	001	27012016	235951	-	EN101332506MY
LS014	4029	001	27012016	235955	-	EN101408947MY
LS014	4029	001	27012016	235957	-	EN101406172MY
LS014	4029	001	27012016	235959	-	EN101332735MY
LS014	4029	001	28012016	000001	-	EN101380166MY
LS013	4029	001	28012016	000002	-	EG513284738MY
LS014	4029	001	28012016	000004	-	EN101380532MY
LS013	4029	001	28012016	000005	-	EH130688042MY
LS014	4029	001	28012016	000006	-	EN101380271MY
LS013	4029	001	28012016	000008	-	EN077948745MY
LS014	4029	001	28012016	000008	-	EN101406504MY
LS012	4029	001	28012016	000010	-	CG046339138MY
LS013	4029	001	28012016	000011	-	EN080580332MY
LS014	4029	001	28012016	000011	-	EN101380121MY
LS012	4029	001	28012016	000014	-	EG513222132MY
LS014	4029	001	28012016	000015	-	EN101408479MY
LS012	4029	001	28012016	000016	-	EH065161829MY
LS011	4029	001	28012016	000017	-	EN000692045MY
LS013	4029	001	28012016	000017	-	EP181121596MY
LS014	4029	001	28012016	000017	-	EN101408301MY
LS013	4029	001	28012016	000019	-	EF509293058MY
LS014	4029	001	28012016	000019	-	EN101380356MY
LS013	4029	001	28012016	000021	-	EN062911758MY
LS014	4029	001	28012016	000021	-	EN101380311MY
LS011	4029	001	28012016	000024	-	EE034356989MY
LS012	4029	001	28012016	000024	-	CG046339162MY
LS013	4029	001	28012016	000024	-	EF484437955MY
LS014	4029	001	28012016	000024	-	EN101380603MY
LS012	4029	001	28012016	000025	-	EH094767655MY
LS011	4029	001	28012016	000026	-	EH150385377MY
LS013	4029	001	28012016	000026	-	EF584217189MY
LS014	4029	001	28012016	000026	-	EN101409046MY
LS014	4029	001	28012016	000028	-	EN101333299MY
LS012	4029	001	28012016	000029	-	EE026162592MY
LS014	4029	001	28012016	000031	-	EN101332381MY
LS014	4029	001	28012016	000033	-	EN101334590MY
LS012	4029	001	28012016	000034	-	CG046339005MY
LS014	4029	001	28012016	000036	-	EN101409602MY
LS011	4029	001	28012016	000037	-	EP148284145MY
LS014	4029	001	28012016	000038	-	EN101409899MY
LS011	4029	001	28012016	000039	-	EN064368994MY
LS013	4029	001	28012016	000040	-	EH020174116MY
LS012	4029	001	28012016	000042	-	EH150097234MY
LS014	4029	001	28012016	000043	-	EN101380210MY
LS013	4029	001	28012016	000047	-	ED079454748MY
LS011	4029	001	28012016	000048	-	EG513124546MY
LS013	4029	001	28012016	000049	-	EP115375974MY
LS013	4029	001	28012016	000052	-	EN095892654MY
LS013	4029	001	28012016	000055	-	EE035481991MY
LS011	4029	001	28012016	000056	-	EF845705571MY
LS014	4029	001	28012016	000056	-	EN101380529MY
LS011	4029	001	28012016	000058	-	EN101331854MY
LS011	4029	001	28012016	000100	-	EH020446110MY
LS014	4029	001	28012016	000101	-	EN101380268MY
LS011	4029	001	28012016	000102	-	EN076781973MY
LS013	4029	001	28012016	000102	-	EN097494363MY
LS012	4029	001	28012016	000104	-	CG046333907MY
LS013	4029	001	28012016	000104	-	ED263289893MY
LS014	4029	001	28012016	000105	-	EN101380909MY
LS013	4029	001	28012016	000108	-	EF509179526MY
LS014	4029	001	28012016	000108	-	EN101408955MY
LS011	4029	001	28012016	000110	-	CG046852349MY
LS012	4029	001	28012016	000111	-	EG513233634MY
LS014	4029	001	28012016	000112	-	EN101380170MY
LS013	4029	001	28012016	000114	-	EP115404018MY
LS014	4029	001	28012016	000114	-	EN101408451MY
LS012	4029	001	28012016	000116	-	CG046339066MY
LS012	4029	001	28012016	000117	-	EH126918699MY
LS014	4029	001	28012016	000117	-	EN101409409MY
LS014	4029	001	28012016	000120	-	EN101380223MY

