LS011	4029	001	27012016	235406	-	EH151280069MY
LS013	4029	001	27012016	235410	-	EE031993757MY
LS012	4029	001	27012016	235412	-	CG046339095MY
LS012	4029	001	27012016	235414	-	EH126427598MY
LS013	4029	001	27012016	235414	-	EH149753879MY
LS013	4029	001	27012016	235415	-	EP074086397MY
LS013	4029	001	27012016	235417	-	EH002255184MY
LS013	4029	001	27012016	235419	-	EP115403936MY
LS011	4029	001	27012016	235422	-	CG046850900MY
LS013	4029	001	27012016	235422	-	EE024344014MY
LS013	4029	001	27012016	235425	-	EH001935818MY
LS013	4029	001	27012016	235431	-	EP211663479MY
LS012	4029	001	27012016	235433	-	CG046339016MY
LS014	4029	001	27012016	235433	-	EN101408346MY
LS011	4029	001	27012016	235434	-	CG046849310MY
LS012	4029	001	27012016	235434	-	EH089392376MY
LS013	4029	001	27012016	235436	-	EP115475495MY
LS012	4029	001	27012016	235438	-	ED053020925MY
LS013	4029	001	27012016	235438	-	EP211656172MY
LS012	4029	001	27012016	235440	-	EN101418670MY
LS014	4029	001	27012016	235441	-	EN101333872MY
LS014	4029	001	27012016	235442	-	EN101409806MY
LS013	4029	001	27012016	235445	-	EP145755755MY
LS014	4029	001	27012016	235445	-	EN101334705MY
LS013	4029	001	27012016	235447	-	EP145689702MY
LS014	4029	001	27012016	235447	-	EN101334303MY
LS012	4029	001	27012016	235448	-	CG046333897MY
LS013	4029	001	27012016	235449	-	ED238226035MY
LS014	4029	001	27012016	235449	-	EN101405702MY
LS014	4029	001	27012016	235450	-	EN101334379MY
LS013	4029	001	27012016	235451	-	EP115318929MY
LS014	4029	001	27012016	235452	-	EN101407221MY
LS014	4029	001	27012016	235453	-	EN101407235MY
LS013	4029	001	27012016	235455	-	ED238226260MY
LS014	4029	001	27012016	235455	-	EN101332982MY
LS012	4029	001	27012016	235457	-	CG046339091MY
LS012	4029	001	27012016	235458	-	EH149618729MY
LS013	4029	001	27012016	235458	-	EE036101845MY
LS014	4029	001	27012016	235458	-	EN101333020MY
LS012	4029	001	27012016	235500	-	EH149614877MY
LS013	4029	001	27012016	235500	-	EP211689357MY
LS014	4029	001	27012016	235501	-	EN101407147MY
LS013	4029	001	27012016	235502	-	EP142333948MY
LS014	4029	001	27012016	235503	-	EN101334776MY
LS014	4029	001	27012016	235506	-	EN101332188MY
LS014	4029	001	27012016	235508	-	EN101406835MY
LS011	4029	001	27012016	235509	-	CG046849213MY
LS012	4029	001	27012016	235509	-	EG513228501MY
LS012	4029	001	27012016	235511	-	EH089393371MY
LS014	4029	001	27012016	235511	-	EN101332302MY
LS013	4029	001	27012016	235512	-	EP115404035MY
LS012	4029	001	27012016	235513	-	EH145545181MY
LS014	4029	001	27012016	235513	-	EN101407005MY
LS014	4029	001	27012016	235515	-	EN101409810MY
LS012	4029	001	27012016	235516	-	EN079937048MY
LS014	4029	001	27012016	235517	-	EN101408536MY
LS012	4029	001	27012016	235518	-	EN085420964MY
LS013	4029	001	27012016	235518	-	EH130625263MY
LS014	4029	001	27012016	235519	-	EN101333033MY
LS012	4029	001	27012016	235520	-	EH070311628MY
LS012	4029	001	27012016	235522	-	EH149628037MY
LS013	4029	001	27012016	235522	-	EP145689755MY
LS014	4029	001	27012016	235522	-	EN101332449MY
LS011	4029	001	27012016	235523	-	CG046849308MY
LS014	4029	001	27012016	235525	-	EN101333183MY
LS013	4029	001	27012016	235527	-	EE035482025MY
LS014	4029	001	27012016	235527	-	EN101405424MY
LS012	4029	001	27012016	235529	-	CG046339051MY
LS013	4029	001	27012016	235529	-	EH139125313MY
LS012	4029	001	27012016	235530	-	EP212288267MY
LS014	4029	001	27012016	235530	-	EN101333563MY
LS014	4029	001	27012016	235533	-	EN101408641MY
LS014	4029	001	27012016	235535	-	EN101332903MY
LS014	4029	001	27012016	235536	-	EN101332761MY
LS013	4029	001	27012016	235537	-	EP115315043MY
LS012	4029	001	27012016	235538	-	CG046339142MY
LS014	4029	001	27012016	235539	-	EN101407252MY
LS014	4029	001	27012016	235541	-	EN101333400MY
LS014	4029	001	27012016	235543	-	EN101407028MY
LS014	4029	001	27012016	235546	-	EN101407031MY
LS014	4029	001	27012016	235551	-	EN101408403MY
LS011	4029	001	27012016	235552	-	CG046852983MY
LS012	4029	001	27012016	235552	-	EH152029784MY
LS013	4029	001	27012016	235554	-	ED274934473MY
LS014	4029	001	27012016	235554	-	EN101334569MY
LS013	4029	001	27012016	235556	-	EP145420915MY
LS014	4029	001	27012016	235556	-	EN101406107MY
LS013	4029	001	27012016	235558	-	EP180711720MY
LS014	4029	001	27012016	235559	-	EN101334095MY
LS011	4029	001	27012016	235603	-	CG046849118MY
LS014	4029	001	27012016	235605	-	EN101332280MY
LS014	4029	001	27012016	235608	-	EN101408655MY
LS014	4029	001	27012016	235611	-	EN101407694MY
LS014	4029	001	27012016	235613	-	EN101332925MY
LS011	4029	001	27012016	235616	-	EN079964281MY
LS014	4029	001	27012016	235617	-	EN101334042MY
LS011	4029	001	27012016	235618	-	EN096206471MY
LS014	4029	001	27012016	235620	-	EN101334970MY
LS011	4029	001	27012016	235622	-	EN096236014MY
LS014	4029	001	27012016	235622	-	EN101407460MY
LS014	4029	001	27012016	235626	-	EN101407076MY
LS011	4029	001	27012016	235628	-	EM912378369MY
LS014	4029	001	27012016	235628	-	EN101409783MY
LS013	4029	001	27012016	235629	-	EP142333894MY
LS014	4029	001	27012016	235630	-	EN101406637MY
LS014	4029	001	27012016	235632	-	EN101409956MY
LS014	4029	001	27012016	235635	-	EN101333775MY
LS014	4029	001	27012016	235637	-	EN101333166MY
LS013	4029	001	27012016	235639	-	EP115475513MY
LS013	4029	001	27012016	235641	-	ED275093284MY
LS012	4029	001	27012016	235644	-	EG514308033MY
LS012	4029	001	27012016	235645	-	EH152029784MY
LS012	4029	001	27012016	235647	-	EH149793935MY
LS012	4029	001	27012016	235652	-	EE026624343MY
LS013	4029	001	27012016	235652	-	EP211902369MY
LS011	4029	001	27012016	235655	-	EF871115476MY
LS012	4029	001	27012016	235655	-	EN097204485MY
LS012	4029	001	27012016	235657	-	EN097219556MY
LS011	4029	001	27012016	235659	-	EN061650835MY
LS011	4029	001	27012016	235701	-	EN075493865MY
LS013	4029	001	27012016	235701	-	EP145355430MY
LS011	4029	001	27012016	235703	-	EN064369014MY
LS012	4029	001	27012016	235703	-	EH094523159MY
LS011	4029	001	27012016	235705	-	EN092249936MY
LS011	4029	001	27012016	235707	-	EH021209298MY
LS011	4029	001	27012016	235709	-	ED238228827MY
LS011	4029	001	27012016	235711	-	EF815733962MY
LS013	4029	001	27012016	235712	-	EP211902355MY
LS014	4029	001	27012016	235716	-	EN101408916MY
LS011	4029	001	27012016	235717	-	EG513272876MY
LS013	4029	001	27012016	235718	-	EP211928410MY
LS011	4029	001	27012016	235719	-	EP045040747MY
LS014	4029	001	27012016	235719	-	EN101334802MY
LS014	4029	001	27012016	235721	-	EN101406478MY
LS014	4029	001	27012016	235722	-	EN101334762MY
LS013	4029	001	27012016	235725	-	EP074086525MY
LS014	4029	001	27012016	235725	-	EN101380245MY
LS014	4029	001	27012016	235727	-	EN101409531MY
LS011	4029	001	27012016	235729	-	30361499346
LS014	4029	001	27012016	235729	-	EN101380625MY
LS013	4029	001	27012016	235731	-	EE035482039MY
LS014	4029	001	27012016	235732	-	EN101407155MY
LS013	4029	001	27012016	235735	-	EN095945136MY
LS013	4029	001	27012016	235739	-	EN070113976MY
LS014	4029	001	27012016	235739	-	EN101381011MY
LS013	4029	001	27012016	235746	-	EF731306007MY
LS014	4029	001	27012016	235748	-	EN101409491MY
LS014	4029	001	27012016	235750	-	EN101380926MY
LS013	4029	001	27012016	235751	-	EP211902409MY
LS014	4029	001	27012016	235752	-	EN101380308MY
LS013	4029	001	27012016	235754	-	EN097494641MY
LS011	4029	001	27012016	235757	-	CG046852955MY
LS013	4029	001	27012016	235757	-	EN023107376MY
LS014	4029	001	27012016	235757	-	EN101380254MY
LS012	4029	001	27012016	235758	-	CG046333914MY
LS014	4029	001	27012016	235800	-	EN101408933MY
LS013	4029	001	27012016	235801	-	EH070131820MY
LS014	4029	001	27012016	235802	-	EN101409647MY
LS012	4029	001	27012016	235806	-	CG046333909MY
LS014	4029	001	27012016	235806	-	EN101333705MY
LS014	4029	001	27012016	235808	-	EN101380373MY
LS014	4029	001	27012016	235810	-	EN101409593MY
LS011	4029	001	27012016	235811	-	CG046852565MY
LS013	4029	001	27012016	235811	-	EP074098523MY
LS012	4029	001	27012016	235812	-	CG046339107MY
LS014	4029	001	27012016	235812	-	EN101407725MY
LS014	4029	001	27012016	235815	-	EN101405265MY
LS013	4029	001	27012016	235816	-	EP074098506MY
LS014	4029	001	27012016	235818	-	EN101380299MY
LS012	4029	001	27012016	235819	-	EE026838922MY
LS014	4029	001	27012016	235820	-	EN101332364MY
LS014	4029	001	27012016	235825	-	EN101409514MY
LS013	4029	001	27012016	235827	-	ED079454765MY
LS014	4029	001	27012016	235827	-	EN101333634MY
LS014	4029	001	27012016	235830	-	EN101409528MY
LS014	4029	001	27012016	235832	-	EN101407439MY
LS014	4029	001	27012016	235834	-	EN101380461MY
LS012	4029	001	27012016	235835	-	CG046339084MY
LS013	4029	001	27012016	235835	-	EN013257359MY
LS012	4029	001	27012016	235837	-	EN088568289MY
LS014	4029	001	27012016	235837	-	EN101408261MY
LS012	4029	001	27012016	235839	-	EP221610351MY
LS011	4029	001	27012016	235842	-	CG046849261MY
LS013	4029	001	27012016	235843	-	EF509141605MY
LS013	4029	001	27012016	235844	-	EP074086352MY
LS014	4029	001	27012016	235844	-	EN101407867MY
LS012	4029	001	27012016	235845	-	CG046339136MY
LS013	4029	001	27012016	235846	-	EH042095429MY
LS014	4029	001	27012016	235846	-	EN101380135MY
LS014	4029	001	27012016	235848	-	EN101409576MY
LS014	4029	001	27012016	235850	-	EN101405251MY
LS013	4029	001	27012016	235851	-	EP074086485MY
LS014	4029	001	27012016	235852	-	EN101380342MY
LS012	4029	001	27012016	235853	-	CG046339114MY
LS013	4029	001	27012016	235853	-	EF489394130MY
LS014	4029	001	27012016	235854	-	EN101407093MY
LS013	4029	001	27012016	235855	-	EF489394157MY
LS012	4029	001	27012016	235858	-	EN080445788MY
LS014	4029	001	27012016	235858	-	EN101409430MY
LS013	4029	001	27012016	235900	-	EP145651959MY
LS014	4029	001	27012016	235900	-	EN101405407MY
LS014	4029	001	27012016	235901	-	EN101380395MY
LS014	4029	001	27012016	235904	-	EN101405282MY
LS014	4029	001	27012016	235905	-	EN101380577MY
LS012	4029	001	27012016	235906	-	CG046339169MY
LS012	4029	001	27012016	235908	-	EN080445743MY
LS013	4029	001	27012016	235908	-	EN097474633MY
LS014	4029	001	27012016	235908	-	EN101380197MY
LS013	4029	001	27012016	235909	-	EN026051163MY
LS014	4029	001	27012016	235910	-	EN101380585MY
LS013	4029	001	27012016	235911	-	EH139472542MY
LS014	4029	001	27012016	235912	-	EN101380869MY
LS014	4029	001	27012016	235914	-	EN101408244MY
LS013	4029	001	27012016	235915	-	EH130451386MY
LS014	4029	001	27012016	235916	-	EN101409505MY
LS012	4029	001	27012016	235917	-	CG046339148MY
LS013	4029	001	27012016	235917	-	EN097633621MY
LS014	4029	001	27012016	235918	-	EN101380152MY
LS013	4029	001	27012016	235920	-	EF588517285MY
LS012	4029	001	27012016	235922	-	EG513233047MY
LS013	4029	001	27012016	235922	-	EN094635950MY
LS011	4029	001	27012016	235923	-	CG046849250MY
LS014	4029	001	27012016	235923	-	EN101380841MY
LS013	4029	001	27012016	235924	-	EN044438268MY
LS011	4029	001	27012016	235925	-	EN091326781MY
LS014	4029	001	27012016	235925	-	EN101409386MY
LS013	4029	001	27012016	235926	-	EN097208385MY
LS012	4029	001	27012016	235928	-	EG513223257MY
LS013	4029	001	27012016	235928	-	EN097208200MY
LS011	4029	001	27012016	235930	-	EH127060473MY
LS013	4029	001	27012016	235931	-	EF530417920MY
LS014	4029	001	27012016	235931	-	EN101409236MY
LS011	4029	001	27012016	235932	-	EF874882083MY
LS014	4029	001	27012016	235934	-	EN101380546MY
LS011	4029	001	27012016	235936	-	EH068896890MY
LS014	4029	001	27012016	235940	-	EN101406464MY
LS014	4029	001	27012016	235943	-	EN101409580MY

