SS014	4029	001	27012016	235507	-	EP157313635MY
SS013	4029	001	27012016	235510	-	EH128803331MY
SS012	4029	001	27012016	235518	-	EF400641257MY
SS012	4029	001	27012016	235522	-	EF798524468MY
SS012	4029	001	27012016	235529	-	ED250229865MY
SS012	4029	001	27012016	235547	-	ED263289805MY
SS012	4029	001	27012016	235549	-	EH120817683MY
SS015	4029	001	27012016	235600	-	EP176828364MY
SS012	4029	001	27012016	235601	-	EN039287494MY
SS012	4029	001	27012016	235602	-	EH110680795MY
SS012	4029	001	27012016	235603	-	EH023877975MY
SS013	4029	001	27012016	235604	-	EN087071334MY
SS012	4029	001	27012016	235606	-	EH128461699MY
SS012	4029	001	27012016	235607	-	EH128461623MY
SS012	4029	001	27012016	235607	-	EH167352744MY
SS012	4029	001	27012016	235608	-	EN070080076MY
SS015	4029	001	27012016	235608	-	EN063120101MY
SS012	4029	001	27012016	235609	-	EF075408955MY
SS013	4029	001	27012016	235609	-	EH125744387MY
SS013	4029	001	27012016	235609	-	EP148126590MY
SS012	4029	001	27012016	235611	-	EH139507034MY
SS012	4029	001	27012016	235612	-	ED268793652MY
SS013	4029	001	27012016	235612	-	EN087071325MY
SS015	4029	001	27012016	235613	-	EF827256868MY
SS012	4029	001	27012016	235614	-	EF664552161MY
SS013	4029	001	27012016	235614	-	EN021606966MY
SS012	4029	001	27012016	235615	-	ED217075958MY
SS013	4029	001	27012016	235615	-	EH114858114MY
SS012	4029	001	27012016	235616	-	EN023094227MY
SS012	4029	001	27012016	235617	-	EH139507079MY
SS013	4029	001	27012016	235617	-	EF837425481MY
SS013	4029	001	27012016	235618	-	EH129444051MY
SS014	4029	001	27012016	235618	-	EN107259588MY
SS011	4029	001	27012016	235621	-	EG320767700MY
SS011	4029	001	27012016	235621	-	EN088855259MY
SS012	4029	001	27012016	235621	-	EF759791833MY
SS012	4029	001	27012016	235621	-	EF759791881MY
SS013	4029	001	27012016	235621	-	EH145447207MY
SS013	4029	001	27012016	235621	-	EN079479206MY
SS014	4029	001	27012016	235621	-	EH151473245MY
SS014	4029	001	27012016	235621	-	EP176828571MY
SS015	4029	001	27012016	235621	-	EN080434723MY
SS012	4029	001	27012016	235622	-	EF759678286MY
SS013	4029	001	27012016	235622	-	EP204373357MY
SS014	4029	001	27012016	235622	-	EF447513600MY
SS012	4029	001	27012016	235623	-	EF759791949MY
SS012	4029	001	27012016	235623	-	EH171981278MY
SS015	4029	001	27012016	235623	-	EN094588336MY
SS011	4029	001	27012016	235624	-	EP143035194MY
SS014	4029	001	27012016	235624	-	EP188048065MY
SS013	4029	001	27012016	235625	-	EN087074106MY
SS011	4029	001	27012016	235626	-	EG320763708MY
SS012	4029	001	27012016	235626	-	EN016239751MY
SS015	4029	001	27012016	235626	-	EH045609128MY
SS012	4029	001	27012016	235627	-	EN070080062MY
SS011	4029	001	27012016	235628	-	EG320767214MY
SS014	4029	001	27012016	235628	-	EF261662184MY
SS015	4029	001	27012016	235628	-	EH094598188MY
SS012	4029	001	27012016	235629	-	EN016239782MY
SS011	4029	001	27012016	235630	-	EH139710661MY
SS012	4029	001	27012016	235630	-	EN016239765MY
SS013	4029	001	27012016	235630	-	EH130414896MY
SS014	4029	001	27012016	235630	-	EN035949175MY
SS014	4029	001	27012016	235630	-	EN072013180MY
SS012	4029	001	27012016	235631	-	EN016773334MY
SS013	4029	001	27012016	235631	-	EP184710945MY
SS012	4029	001	27012016	235632	-	EN016773303MY
SS014	4029	001	27012016	235632	-	EP164347100MY
SS013	4029	001	27012016	235633	-	EH021713228MY
SS011	4029	001	27012016	235634	-	EN088656876MY
SS012	4029	001	27012016	235634	-	EN016773351MY
SS013	4029	001	27012016	235634	-	EN087071285MY
SS013	4029	001	27012016	235635	-	EP167126310MY
SS014	4029	001	27012016	235635	-	EH050372764MY
SS015	4029	001	27012016	235635	-	EH125195827MY
SS012	4029	001	27012016	235636	-	EN016238835MY
SS012	4029	001	27012016	235637	-	EN016238420MY
SS013	4029	001	27012016	235637	-	EM912374132MY
SS014	4029	001	27012016	235637	-	EN035949422MY
SS013	4029	001	27012016	235639	-	EN035949189MY
SS014	4029	001	27012016	235639	-	EN035949419MY
SS015	4029	001	27012016	235639	-	EG320763946MY
SS011	4029	001	27012016	235640	-	EG320764204MY
SS013	4029	001	27012016	235640	-	EN021606949MY
SS012	4029	001	27012016	235641	-	EF082327497MY
SS014	4029	001	27012016	235641	-	EN021606935MY
SS011	4029	001	27012016	235642	-	EG320766845MY
SS012	4029	001	27012016	235642	-	EN057188348MY
SS013	4029	001	27012016	235642	-	EN050095955MY
SS013	4029	001	27012016	235642	-	EP175101836MY
SS012	4029	001	27012016	235643	-	EN057188317MY
SS014	4029	001	27012016	235643	-	EH053923015MY
SS013	4029	001	27012016	235644	-	EM912369319MY
SS014	4029	001	27012016	235644	-	EF446961411MY
SS012	4029	001	27012016	235645	-	EH006185020MY
SS015	4029	001	27012016	235645	-	EN080339245MY
SS012	4029	001	27012016	235646	-	ED268793618MY
SS012	4029	001	27012016	235646	-	EH006185356MY
SS013	4029	001	27012016	235646	-	EH120859768MY
SS014	4029	001	27012016	235646	-	EP156954607MY
SS011	4029	001	27012016	235647	-	EN097898102MY
SS012	4029	001	27012016	235647	-	EH041574661MY
SS013	4029	001	27012016	235647	-	EP204385655MY
SS012	4029	001	27012016	235648	-	EH156651107MY
SS014	4029	001	27012016	235648	-	EH128799950MY
SS012	4029	001	27012016	235649	-	EH074721994MY
SS014	4029	001	27012016	235650	-	EP209863998MY
SS012	4029	001	27012016	235651	-	EE035723675MY
SS013	4029	001	27012016	235651	-	EH082276340MY
SS015	4029	001	27012016	235652	-	EE040457686MY
SS011	4029	001	27012016	235653	-	EN080448651MY
SS012	4029	001	27012016	235653	-	EH041574701MY
SS013	4029	001	27012016	235653	-	EN091030512MY
SS014	4029	001	27012016	235653	-	EP211873985MY
SS011	4029	001	27012016	235655	-	EN100865490MY
SS012	4029	001	27012016	235655	-	EH043275020MY
SS013	4029	001	27012016	235655	-	EH172371128MY
SS014	4029	001	27012016	235655	-	ED251399715MY
SS015	4029	001	27012016	235655	-	EP188416992MY
SS013	4029	001	27012016	235656	-	EN016238844MY
SS011	4029	001	27012016	235658	-	EG320767996MY
SS013	4029	001	27012016	235658	-	EN100034435MY
SS014	4029	001	27012016	235658	-	EP157073419MY
SS015	4029	001	27012016	235658	-	EH150830167MY
SS013	4029	001	27012016	235700	-	EM904564452MY
SS011	4029	001	27012016	235701	-	EG320763623MY
SS012	4029	001	27012016	235701	-	EN085394204MY
SS012	4029	001	27012016	235702	-	EN085394133MY
SS013	4029	001	27012016	235702	-	EN072013145MY
SS014	4029	001	27012016	235702	-	EN087036862MY
SS015	4029	001	27012016	235702	-	EN075493026MY
SS013	4029	001	27012016	235703	-	EH141747285MY
SS012	4029	001	27012016	235704	-	EN085394164MY
SS014	4029	001	27012016	235704	-	EH126165441MY
SS012	4029	001	27012016	235705	-	EN085394181MY
SS013	4029	001	27012016	235705	-	EM904584987MY
SS014	4029	001	27012016	235705	-	EP157073935MY
SS012	4029	001	27012016	235706	-	EN085394178MY
SS013	4029	001	27012016	235706	-	EP157650301MY
SS015	4029	001	27012016	235706	-	EG320767789MY
SS011	4029	001	27012016	235707	-	EG320768356MY
SS012	4029	001	27012016	235707	-	EN085394218MY
SS013	4029	001	27012016	235707	-	EP143035821MY
SS014	4029	001	27012016	235707	-	EP211634092MY
SS015	4029	001	27012016	235708	-	EH125195739MY
SS012	4029	001	27012016	235709	-	EN022895955MY
SS014	4029	001	27012016	235709	-	EH130059170MY
SS011	4029	001	27012016	235710	-	EG320764218MY
SS012	4029	001	27012016	235710	-	EF317184108MY
SS013	4029	001	27012016	235710	-	EN016238478MY
SS012	4029	001	27012016	235711	-	EF615558931MY
SS013	4029	001	27012016	235711	-	EM904538673MY
SS015	4029	001	27012016	235711	-	EP096776368MY
SS012	4029	001	27012016	235712	-	ED214252747MY
SS014	4029	001	27012016	235712	-	EH083496792MY
SS011	4029	001	27012016	235713	-	EG320767775MY
SS012	4029	001	27012016	235713	-	EE039130718MY
SS013	4029	001	27012016	235714	-	EP211890498MY
SS014	4029	001	27012016	235714	-	EE038786017MY
SS011	4029	001	27012016	235715	-	EG320766426MY
SS012	4029	001	27012016	235715	-	EN022895969MY
SS015	4029	001	27012016	235715	-	EH052186212MY
SS012	4029	001	27012016	235716	-	ED256045944MY
SS013	4029	001	27012016	235716	-	EN097604395MY
SS011	4029	001	27012016	235717	-	EG320766956MY
SS013	4029	001	27012016	235717	-	EF446984465MY
SS014	4029	001	27012016	235717	-	EH125911249MY
SS014	4029	001	27012016	235718	-	EN018992385MY
SS015	4029	001	27012016	235718	-	EN079759943MY
SS014	4029	001	27012016	235719	-	EN072012215MY
SS012	4029	001	27012016	235721	-	EH053161923MY
SS013	4029	001	27012016	235721	-	EH012693539MY
SS015	4029	001	27012016	235721	-	EN087037148MY
SS014	4029	001	27012016	235722	-	EH126300994MY
SS013	4029	001	27012016	235723	-	EP101606369MY
SS013	4029	001	27012016	235724	-	EN050096678MY
SS014	4029	001	27012016	235724	-	EH012622458MY
SS012	4029	001	27012016	235725	-	EN097898306MY
SS013	4029	001	27012016	235725	-	EN100034418MY
SS015	4029	001	27012016	235725	-	EN079759957MY
SS013	4029	001	27012016	235726	-	EN072012564MY
SS014	4029	001	27012016	235727	-	EP145559305MY
SS011	4029	001	27012016	235728	-	EH005266447MY
SS012	4029	001	27012016	235728	-	ED263234206MY
SS013	4029	001	27012016	235728	-	EE022862492MY
SS015	4029	001	27012016	235728	-	EH112938588MY
SS012	4029	001	27012016	235730	-	ED280858127MY
SS013	4029	001	27012016	235730	-	EE035080494MY
SS014	4029	001	27012016	235730	-	EH052651894MY
SS012	4029	001	27012016	235731	-	EF082596180MY
SS013	4029	001	27012016	235731	-	EH037651163MY
SS011	4029	001	27012016	235732	-	EH127853610MY
SS014	4029	001	27012016	235732	-	EH152345075MY
SS013	4029	001	27012016	235733	-	EM904576813MY
SS015	4029	001	27012016	235733	-	EN050095045MY
SS013	4029	001	27012016	235734	-	EF746122336MY
SS014	4029	001	27012016	235734	-	EP094803499MY
SS014	4029	001	27012016	235735	-	EP079193282MY
SS013	4029	001	27012016	235736	-	EH092085353MY
SS012	4029	001	27012016	235737	-	EF509284626MY
SS013	4029	001	27012016	235737	-	EN066220259MY
SS014	4029	001	27012016	235737	-	EP135827466MY
SS015	4029	001	27012016	235737	-	EN097220761MY
SS011	4029	001	27012016	235738	-	EG320764796MY
SS012	4029	001	27012016	235738	-	EN056716508MY
SS012	4029	001	27012016	235739	-	EN056717707MY
SS013	4029	001	27012016	235739	-	EN093684702MY
SS014	4029	001	27012016	235739	-	EH082276441MY
SS011	4029	001	27012016	235740	-	EG320764589MY
SS012	4029	001	27012016	235740	-	EF317359056MY
SS013	4029	001	27012016	235740	-	EN079824942MY
SS015	4029	001	27012016	235741	-	EG320765006MY
SS012	4029	001	27012016	235742	-	EN085394147MY
SS013	4029	001	27012016	235742	-	EH144918995MY
SS014	4029	001	27012016	235742	-	EP171492694MY
SS012	4029	001	27012016	235743	-	EN085394500MY
SS013	4029	001	27012016	235743	-	EH015270812MY
SS011	4029	001	27012016	235744	-	EN050028531MY
SS012	4029	001	27012016	235744	-	EN085394155MY
SS013	4029	001	27012016	235744	-	EH130136720MY
SS014	4029	001	27012016	235744	-	EN049676383MY
SS015	4029	001	27012016	235745	-	EN085545690MY
SS011	4029	001	27012016	235746	-	EN107116831MY
SS012	4029	001	27012016	235746	-	EN085394102MY
SS013	4029	001	27012016	235746	-	EP190989115MY
SS012	4029	001	27012016	235747	-	EN019886635MY
SS013	4029	001	27012016	235747	-	EF715713789MY
SS014	4029	001	27012016	235747	-	EP212655862MY
SS012	4029	001	27012016	235748	-	EF732804290MY
SS013	4029	001	27012016	235748	-	EM904576022MY
SS015	4029	001	27012016	235748	-	EH119862084MY
SS011	4029	001	27012016	235749	-	EG320767293MY
SS012	4029	001	27012016	235751	-	EH167352735MY
SS013	4029	001	27012016	235751	-	EN085546219MY
SS015	4029	001	27012016	235751	-	EH125195844MY
SS011	4029	001	27012016	235752	-	EN088177186MY
SS014	4029	001	27012016	235752	-	EH125103233MY
SS012	4029	001	27012016	235753	-	EF790818497MY
SS011	4029	001	27012016	235754	-	EN088654901MY
SS012	4029	001	27012016	235754	-	EH082179507MY
SS013	4029	001	27012016	235754	-	EN022686210MY
SS014	4029	001	27012016	235755	-	EH015270809MY
SS012	4029	001	27012016	235756	-	EN019886613MY
SS015	4029	001	27012016	235756	-	EH130285454MY
SS012	4029	001	27012016	235757	-	EF668586877MY
SS013	4029	001	27012016	235758	-	EH045335446MY
SS011	4029	001	27012016	235759	-	EN088904079MY
SS013	4029	001	27012016	235759	-	EN071988389MY
SS015	4029	001	27012016	235759	-	EH150746115MY
SS013	4029	001	27012016	235800	-	EN097332547MY
SS012	4029	001	27012016	235801	-	EN019886595MY
SS011	4029	001	27012016	235802	-	EH099292647MY
SS013	4029	001	27012016	235803	-	EP191051356MY
SS015	4029	001	27012016	235803	-	EH020164706MY
SS013	4029	001	27012016	235804	-	EF786680871MY
SS014	4029	001	27012016	235804	-	EP180299941MY
SS015	4029	001	27012016	235805	-	EH149368615MY
SS012	4029	001	27012016	235806	-	EN079009410MY
SS013	4029	001	27012016	235806	-	EP167126283MY
SS014	4029	001	27012016	235806	-	EH064626557MY
SS012	4029	001	27012016	235808	-	ED269000938MY
SS013	4029	001	27012016	235808	-	EH049668563MY
SS014	4029	001	27012016	235808	-	EN100059919MY
SS012	4029	001	27012016	235809	-	ED269000941MY
SS014	4029	001	27012016	235809	-	EP186496689MY
SS011	4029	001	27012016	235810	-	EH125742810MY
SS012	4029	001	27012016	235810	-	ED269002196MY
SS012	4029	001	27012016	235811	-	EH147958999MY
SS014	4029	001	27012016	235811	-	EP209864640MY
SS015	4029	001	27012016	235811	-	EP188417088MY
SS012	4029	001	27012016	235813	-	EH150008971MY
SS013	4029	001	27012016	235813	-	EP184033555MY
SS014	4029	001	27012016	235813	-	EH115235495MY
SS015	4029	001	27012016	235813	-	EP196043816MY
SS011	4029	001	27012016	235814	-	EG320765108MY
SS012	4029	001	27012016	235814	-	ED255150328MY
SS013	4029	001	27012016	235814	-	EF446961439MY
SS013	4029	001	27012016	235815	-	EN075492290MY
SS013	4029	001	27012016	235817	-	EN063120296MY
SS014	4029	001	27012016	235817	-	EF841806861MY
SS011	4029	001	27012016	235818	-	EG320765584MY
SS012	4029	001	27012016	235818	-	EF772176862MY
SS013	4029	001	27012016	235818	-	EP003470873MY
SS014	4029	001	27012016	235818	-	EP161136225MY
SS015	4029	001	27012016	235818	-	EG320763654MY
SS011	4029	001	27012016	235820	-	EG320764249MY
SS012	4029	001	27012016	235820	-	EE029885881MY
SS013	4029	001	27012016	235820	-	EH128730767MY
SS014	4029	001	27012016	235820	-	EH032993311MY
SS012	4029	001	27012016	235822	-	EF828178040MY
SS015	4029	001	27012016	235822	-	EH150747867MY
SS012	4029	001	27012016	235823	-	EF828178053MY
SS013	4029	001	27012016	235823	-	EM904563315MY
SS012	4029	001	27012016	235824	-	EF828178067MY
SS014	4029	001	27012016	235824	-	EN085447454MY
SS011	4029	001	27012016	235825	-	EG320766752MY
SS012	4029	001	27012016	235825	-	EE029885878MY
SS013	4029	001	27012016	235825	-	EP186894014MY
SS014	4029	001	27012016	235825	-	EP079183492MY
SS012	4029	001	27012016	235826	-	EF828178036MY
SS013	4029	001	27012016	235826	-	EP143036053MY
SS015	4029	001	27012016	235826	-	EF618377275MY
SS013	4029	001	27012016	235827	-	EH023265261MY
SS012	4029	001	27012016	235828	-	EF828178115MY
SS014	4029	001	27012016	235828	-	EN016772064MY
SS011	4029	001	27012016	235829	-	EH152381466MY
SS012	4029	001	27012016	235829	-	EF828178075MY
SS013	4029	001	27012016	235829	-	EN087071878MY
SS012	4029	001	27012016	235830	-	EF828178084MY
SS014	4029	001	27012016	235830	-	EH130414879MY
SS015	4029	001	27012016	235830	-	EH152346504MY
SS012	4029	001	27012016	235831	-	EF828178107MY
SS013	4029	001	27012016	235831	-	EH138996512MY
SS014	4029	001	27012016	235831	-	EP171493584MY
SS011	4029	001	27012016	235832	-	EN088721075MY
SS013	4029	001	27012016	235832	-	EN097696913MY
SS015	4029	001	27012016	235832	-	EP179397875MY
SS012	4029	001	27012016	235833	-	EN085394116MY
SS014	4029	001	27012016	235833	-	EH126082146MY
SS012	4029	001	27012016	235834	-	EN085394120MY
SS013	4029	001	27012016	235834	-	EP125023314MY
SS014	4029	001	27012016	235834	-	EF867710370MY
SS015	4029	001	27012016	235834	-	EP157654475MY
SS012	4029	001	27012016	235835	-	EN085393994MY
SS013	4029	001	27012016	235836	-	EN003561248MY
SS014	4029	001	27012016	235836	-	EH125667331MY
SS015	4029	001	27012016	235836	-	EN080339197MY
SS012	4029	001	27012016	235837	-	EN085394005MY
SS011	4029	001	27012016	235838	-	EG320764425MY
SS014	4029	001	27012016	235838	-	EH125669624MY
SS015	4029	001	27012016	235838	-	EP096776354MY
SS011	4029	001	27012016	235839	-	EG320766117MY
SS012	4029	001	27012016	235839	-	EN085394059MY
SS015	4029	001	27012016	235840	-	EG320765227MY
SS013	4029	001	27012016	235841	-	EN061174115MY
SS014	4029	001	27012016	235842	-	EN021606918MY
SS013	4029	001	27012016	235844	-	EH130665996MY
SS012	4029	001	27012016	235845	-	EN085394062MY
SS014	4029	001	27012016	235845	-	EN097369621MY
SS011	4029	001	27012016	235847	-	EN100782490MY
SS012	4029	001	27012016	235847	-	EN038657176MY
SS014	4029	001	27012016	235847	-	EH106477555MY
SS015	4029	001	27012016	235847	-	EH041491689MY
SS012	4029	001	27012016	235848	-	EN085394535MY
SS014	4029	001	27012016	235848	-	EN087071294MY
SS015	4029	001	27012016	235849	-	EH106477547MY
SS012	4029	001	27012016	235850	-	EN085394527MY
SS014	4029	001	27012016	235850	-	EH114875157MY
SS011	4029	001	27012016	235851	-	EN088657032MY
SS013	4029	001	27012016	235851	-	EF773943194MY
SS015	4029	001	27012016	235851	-	EH149758350MY
SS012	4029	001	27012016	235852	-	EN085394495MY
SS011	4029	001	27012016	235853	-	EG514310536MY
SS012	4029	001	27012016	235853	-	EN085394460MY
SS012	4029	001	27012016	235854	-	EE037033205MY
SS012	4029	001	27012016	235855	-	EH167775558MY
SS015	4029	001	27012016	235855	-	EH148149882MY
SS011	4029	001	27012016	235856	-	ED259052255MY
SS012	4029	001	27012016	235856	-	EN079006603MY
SS012	4029	001	27012016	235858	-	EF668586608MY
SS015	4029	001	27012016	235858	-	EN072013114MY
SS012	4029	001	27012016	235859	-	EF732804269MY
SS014	4029	001	27012016	235859	-	EN091095500MY
SS012	4029	001	27012016	235900	-	ED269002465MY
SS014	4029	001	27012016	235901	-	EP209906999MY
SS015	4029	001	27012016	235901	-	EH051965485MY
SS012	4029	001	27012016	235902	-	EF732804272MY
SS012	4029	001	27012016	235903	-	EN019886644MY
SS014	4029	001	27012016	235903	-	EP195918650MY
SS015	4029	001	27012016	235903	-	EG320767894MY
SS014	4029	001	27012016	235904	-	EF869200992MY
SS015	4029	001	27012016	235905	-	EP143035985MY
SS014	4029	001	27012016	235906	-	EH127272420MY
SS012	4029	001	27012016	235908	-	EF732804255MY
SS014	4029	001	27012016	235908	-	EN062221673MY
SS015	4029	001	27012016	235908	-	EP141381978MY
SS012	4029	001	27012016	235909	-	EF668586885MY
SS014	4029	001	27012016	235909	-	EN019886658MY
SS011	4029	001	27012016	235910	-	EN088779813MY
SS012	4029	001	27012016	235910	-	EH167426314MY
SS013	4029	001	27012016	235910	-	EN061201108MY
SS012	4029	001	27012016	235912	-	EF552921343MY
SS014	4029	001	27012016	235912	-	EP145174503MY
SS015	4029	001	27012016	235913	-	EH130637828MY
SS014	4029	001	27012016	235914	-	EH107606574MY
SS014	4029	001	27012016	235916	-	EH083304529MY
SS012	4029	001	27012016	235917	-	EF552921330MY
SS014	4029	001	27012016	235917	-	EF837425504MY
SS012	4029	001	27012016	235918	-	EF732804286MY
SS012	4029	001	27012016	235919	-	EN061004006MY
SS013	4029	001	27012016	235919	-	EN097696895MY
SS014	4029	001	27012016	235919	-	EH089401719MY
SS015	4029	001	27012016	235919	-	EG320765814MY
SS012	4029	001	27012016	235921	-	EH139267183MY
SS011	4029	001	27012016	235922	-	EG320768515MY
SS013	4029	001	27012016	235922	-	EN061201085MY
SS014	4029	001	27012016	235922	-	EN059448726MY
SS014	4029	001	27012016	235924	-	EH082276472MY
SS012	4029	001	27012016	235925	-	EH070832164MY
SS012	4029	001	27012016	235925	-	EH168068281MY
SS012	4029	001	27012016	235926	-	EH101295193MY
SS014	4029	001	27012016	235926	-	EH012693485MY
SS015	4029	001	27012016	235926	-	EP212658767MY
SS014	4029	001	27012016	235927	-	EF837290444MY
SS014	4029	001	27012016	235929	-	EN080317789MY
SS012	4029	001	27012016	235930	-	EH168068247MY
SS012	4029	001	27012016	235930	-	EH168068264MY
SS014	4029	001	27012016	235930	-	EH086102684MY
SS015	4029	001	27012016	235930	-	EF837290489MY
SS012	4029	001	27012016	235931	-	EH168068746MY
SS012	4029	001	27012016	235932	-	EH168067003MY
SS014	4029	001	27012016	235932	-	EP204433356MY
SS015	4029	001	27012016	235932	-	EN079759489MY
SS013	4029	001	27012016	235933	-	EH012693777MY
SS012	4029	001	27012016	235934	-	EH075925659MY
SS015	4029	001	27012016	235934	-	EN079759475MY
SS012	4029	001	27012016	235935	-	EF213699065MY
SS014	4029	001	27012016	235935	-	EH076011414MY
SS015	4029	001	27012016	235935	-	EN079759461MY
SS012	4029	001	27012016	235936	-	EN078903842MY
SS012	4029	001	27012016	235937	-	EF213698949MY
SS014	4029	001	27012016	235937	-	EP072048776MY
SS012	4029	001	27012016	235938	-	EN085360038MY
SS014	4029	001	27012016	235938	-	EH143050903MY
SS011	4029	001	27012016	235939	-	EN108760566MY
SS013	4029	001	27012016	235939	-	EM904563284MY
SS014	4029	001	27012016	235939	-	EP124865300MY
SS013	4029	001	27012016	235941	-	EH130285715MY
SS014	4029	001	27012016	235941	-	EN087004935MY
SS015	4029	001	27012016	235941	-	EF786680046MY
SS013	4029	001	27012016	235942	-	EP128349522MY
SS014	4029	001	27012016	235942	-	EN029940296MY
SS013	4029	001	27012016	235943	-	EE008469245MY
SS013	4029	001	27012016	235944	-	EP181794513MY
SS011	4029	001	27012016	235945	-	EG320764195MY
SS014	4029	001	27012016	235945	-	EF871063717MY
SS011	4029	001	27012016	235946	-	EG320765142MY
SS013	4029	001	27012016	235946	-	EH128803345MY
SS014	4029	001	27012016	235946	-	EH156832705MY
SS015	4029	001	27012016	235947	-	EF786601851MY
SS012	4029	001	27012016	235948	-	EN070355306MY
SS014	4029	001	27012016	235948	-	EN057998544MY
SS012	4029	001	27012016	235949	-	EN097519051MY
SS014	4029	001	27012016	235950	-	EH068924321MY
SS011	4029	001	27012016	235951	-	EG320765482MY
SS013	4029	001	27012016	235952	-	EP189737239MY
SS015	4029	001	27012016	235952	-	EH128799813MY
SS012	4029	001	27012016	235953	-	ED264614126MY
SS014	4029	001	27012016	235954	-	EH012694300MY
SS015	4029	001	27012016	235954	-	EH101187772MY
SS012	4029	001	27012016	235955	-	ED265146901MY
SS013	4029	001	27012016	235955	-	EH006277273MY
SS014	4029	001	27012016	235955	-	EN023382815MY
SS012	4029	001	27012016	235956	-	ED265146889MY
SS012	4029	001	27012016	235957	-	ED265146892MY
SS014	4029	001	27012016	235957	-	EH144909509MY
SS015	4029	001	27012016	235957	-	EN079759492MY
SS011	4029	001	27012016	235958	-	EN100782795MY
SS012	4029	001	27012016	235958	-	EH120816569MY
SS012	4029	001	28012016	000000	-	EF817780483MY
SS015	4029	001	28012016	000000	-	EP172292031MY
SS011	4029	001	28012016	000001	-	EN080454475MY
SS014	4029	001	28012016	000001	-	EP211737239MY
SS012	4029	001	28012016	000002	-	ED262081384MY
SS013	4029	001	28012016	000002	-	EP167126323MY
SS014	4029	001	28012016	000002	-	EH070805098MY
SS012	4029	001	28012016	000003	-	EF817780523MY
SS015	4029	001	28012016	000003	-	EN087047295MY
SS011	4029	001	28012016	000004	-	EF585736684MY
SS012	4029	001	28012016	000004	-	EF817780452MY
SS013	4029	001	28012016	000004	-	EN079475093MY
SS014	4029	001	28012016	000004	-	EH003569025MY
SS012	4029	001	28012016	000005	-	EF817780506MY
SS013	4029	001	28012016	000005	-	EH105502537MY
SS012	4029	001	28012016	000006	-	EF817780510MY
SS015	4029	001	28012016	000006	-	EF786091107MY
SS011	4029	001	28012016	000007	-	EN097898297MY
SS012	4029	001	28012016	000008	-	ED264614510MY
SS013	4029	001	28012016	000008	-	EP143035866MY
SS014	4029	001	28012016	000008	-	EH128445532MY
SS012	4029	001	28012016	000009	-	ED264618644MY
SS011	4029	001	28012016	000010	-	EN050068782MY
SS013	4029	001	28012016	000010	-	EH106477595MY
SS013	4029	001	28012016	000012	-	EF838842886MY
SS014	4029	001	28012016	000013	-	EP188141754MY
SS015	4029	001	28012016	000013	-	EP204920866MY
SS014	4029	001	28012016	000014	-	EH138996591MY
SS015	4029	001	28012016	000014	-	EF786091115MY
SS014	4029	001	28012016	000016	-	EH053207713MY
SS015	4029	001	28012016	000016	-	EP134060213MY
SS011	4029	001	28012016	000017	-	EN108760994MY
SS012	4029	001	28012016	000017	-	LE162180747MY
SS014	4029	001	28012016	000018	-	EP187914792MY
SS015	4029	001	28012016	000018	-	EF099467768MY
SS012	4029	001	28012016	000019	-	LE162180716MY
SS012	4029	001	28012016	000020	-	EF759791952MY
SS013	4029	001	28012016	000020	-	EH144909631MY
SS012	4029	001	28012016	000022	-	EF759791966MY
SS011	4029	001	28012016	000023	-	EN049982919MY
SS012	4029	001	28012016	000023	-	EF759791921MY
SS013	4029	001	28012016	000023	-	EH042104987MY
SS012	4029	001	28012016	000024	-	EF584196767MY
SS013	4029	001	28012016	000024	-	EP079180641MY
SS015	4029	001	28012016	000024	-	EF837290458MY
SS011	4029	001	28012016	000026	-	EN088654645MY
SS012	4029	001	28012016	000027	-	EN070509427MY
SS011	4029	001	28012016	000028	-	EN108761751MY
SS012	4029	001	28012016	000028	-	ED263289876MY
SS015	4029	001	28012016	000028	-	EF837290492MY
SS012	4029	001	28012016	000029	-	EH150746645MY
SS015	4029	001	28012016	000029	-	EF786680735MY
SS013	4029	001	28012016	000030	-	EH150007450MY
SS012	4029	001	28012016	000031	-	EH096094815MY
SS012	4029	001	28012016	000032	-	EN016328709MY
SS013	4029	001	28012016	000032	-	EP207022111MY
SS015	4029	001	28012016	000032	-	EF446961460MY
SS012	4029	001	28012016	000034	-	EN010445450MY
SS015	4029	001	28012016	000034	-	EN087047304MY
SS011	4029	001	28012016	000036	-	EN100782588MY
SS015	4029	001	28012016	000037	-	EN025524318MY
SS012	4029	001	28012016	000038	-	EM614291123MY
SS011	4029	001	28012016	000039	-	EN097898076MY
SS013	4029	001	28012016	000039	-	EN097203746MY
SS012	4029	001	28012016	000040	-	EM241338266MY
SS015	4029	001	28012016	000040	-	EN087047383MY
SS012	4029	001	28012016	000041	-	EN059578655MY
SS013	4029	001	28012016	000041	-	EN075493278MY
SS011	4029	001	28012016	000042	-	EN049828248MY
SS012	4029	001	28012016	000042	-	EH120817745MY
SS015	4029	001	28012016	000042	-	EN087047397MY
SS012	4029	001	28012016	000044	-	EH038406601MY
SS015	4029	001	28012016	000044	-	EN035948577MY
SS015	4029	001	28012016	000046	-	EF761225151MY
SS012	4029	001	28012016	000047	-	EN057142496MY
SS011	4029	001	28012016	000048	-	EP189870431MY
SS012	4029	001	28012016	000048	-	EN057142536MY
SS015	4029	001	28012016	000048	-	EF617818427MY
SS014	4029	001	28012016	000050	-	EP102040946MY
SS013	4029	001	28012016	000051	-	EF644684305MY
SS011	4029	001	28012016	000052	-	EP140794099MY
SS012	4029	001	28012016	000052	-	EN070508347MY
SS015	4029	001	28012016	000052	-	EF761225196MY
SS013	4029	001	28012016	000053	-	EH138996676MY
SS015	4029	001	28012016	000053	-	EF761225103MY
SS012	4029	001	28012016	000054	-	EN070508333MY
SS014	4029	001	28012016	000055	-	EP181710310MY
SS015	4029	001	28012016	000055	-	EN079759152MY
SS012	4029	001	28012016	000056	-	EF334278159MY
SS011	4029	001	28012016	000057	-	EN100868023MY
SS012	4029	001	28012016	000057	-	EF334278145MY
SS014	4029	001	28012016	000057	-	EH068924220MY
SS012	4029	001	28012016	000058	-	ED216635188MY
SS013	4029	001	28012016	000058	-	EP167343345MY
SS015	4029	001	28012016	000058	-	EN079759387MY
SS012	4029	001	28012016	000059	-	EN079888850MY
SS013	4029	001	28012016	000059	-	EH051606474MY
SS015	4029	001	28012016	000100	-	EN079759395MY
SS012	4029	001	28012016	000101	-	EN057191320MY
SS013	4029	001	28012016	000106	-	EP167126155MY
SS012	4029	001	28012016	000107	-	EN010445446MY
SS011	4029	001	28012016	000108	-	EN108761646MY
SS012	4029	001	28012016	000108	-	EN070508364MY
SS013	4029	001	28012016	000108	-	EH114875191MY
SS013	4029	001	28012016	000108	-	EP102041252MY
SS014	4029	001	28012016	000108	-	EH070805115MY
SS014	4029	001	28012016	000108	-	EH089309405MY
SS014	4029	001	28012016	000108	-	EH156206944MY
SS014	4029	001	28012016	000108	-	EN049624655MY
SS015	4029	001	28012016	000108	-	EN079759285MY
SS015	4029	001	28012016	000108	-	EN079759308MY
SS011	4029	001	28012016	000112	-	EG513242809MY
SS012	4029	001	28012016	000112	-	EN057142434MY
SS013	4029	001	28012016	000112	-	EP173551554MY
SS014	4029	001	28012016	000112	-	EN050095332MY
SS014	4029	001	28012016	000112	-	EP191397896MY
SS015	4029	001	28012016	000112	-	EN079759869MY
SS011	4029	001	28012016	000113	-	EP179952975MY
SS012	4029	001	28012016	000113	-	EM614291145MY
SS013	4029	001	28012016	000113	-	EN050096015MY
SS014	4029	001	28012016	000113	-	EH065488738MY
SS012	4029	001	28012016	000114	-	EN038658962MY
SS015	4029	001	28012016	000114	-	EN050095947MY
SS012	4029	001	28012016	000115	-	EF828175114MY
SS013	4029	001	28012016	000115	-	EH073813663MY
SS014	4029	001	28012016	000115	-	EN097036031MY
SS012	4029	001	28012016	000116	-	EF828175128MY
SS015	4029	001	28012016	000116	-	EH168067431MY
SS013	4029	001	28012016	000117	-	EF819453265MY
SS014	4029	001	28012016	000117	-	EN075493255MY
SS014	4029	001	28012016	000118	-	EH114493762MY
SS015	4029	001	28012016	000118	-	EP055574658MY
SS015	4029	001	28012016	000120	-	EH070047305MY

