SS014	4029	001	28012016	000009	-	EH150302240MY
SS014	4029	001	28012016	000022	-	EP195918725MY
SS015	4029	001	28012016	000039	-	EF786680032MY
SS014	4029	001	28012016	000048	-	EH045610979MY
SS012	4029	001	28012016	000050	-	EN057108194MY
SS015	4029	001	28012016	000050	-	EF761225063MY
SS014	4029	001	28012016	000051	-	EP060430532MY
SS012	4029	001	28012016	000055	-	EF342769628MY
SS014	4029	001	28012016	000100	-	EN063120659MY
SS012	4029	001	28012016	000108	-	EN079888846MY
SS012	4029	001	28012016	000108	-	EN079889149MY
SS013	4029	001	28012016	000108	-	EH094483327MY
SS012	4029	001	28012016	000112	-	EF828175159MY
SS013	4029	001	28012016	000112	-	EH150708404MY
SS013	4029	001	28012016	000112	-	EP102149489MY
SS015	4029	001	28012016	000112	-	EH012694698MY
SS011	4029	001	28012016	000117	-	EG320766655MY
SS012	4029	001	28012016	000117	-	EF828175131MY
SS011	4029	001	28012016	000119	-	EG320766735MY
SS012	4029	001	28012016	000119	-	EF828175145MY
SS012	4029	001	28012016	000119	-	EM614291171MY
SS012	4029	001	28012016	000121	-	ED095991921MY
SS012	4029	001	28012016	000121	-	EF176349805MY
SS014	4029	001	28012016	000121	-	EP211700976MY
SS012	4029	001	28012016	000122	-	EN056921274MY
SS014	4029	001	28012016	000122	-	EP171951320MY
SS011	4029	001	28012016	000123	-	EG320765377MY
SS012	4029	001	28012016	000123	-	EM241338235MY
SS014	4029	001	28012016	000124	-	EP181710337MY
SS015	4029	001	28012016	000124	-	EH021653745MY
SS012	4029	001	28012016	000125	-	EP101609189MY
SS011	4029	001	28012016	000126	-	EN088124308MY
SS012	4029	001	28012016	000126	-	EM614291137MY
SS012	4029	001	28012016	000126	-	EN079889223MY
SS014	4029	001	28012016	000126	-	EH069034689MY
SS014	4029	001	28012016	000127	-	EE935397975MY
SS015	4029	001	28012016	000127	-	EH125727049MY
SS012	4029	001	28012016	000128	-	EM614291185MY
SS012	4029	001	28012016	000130	-	ED280849978MY
SS014	4029	001	28012016	000130	-	EN042424456MY
SS015	4029	001	28012016	000130	-	EH125867973MY
SS011	4029	001	28012016	000131	-	EN108760915MY
SS012	4029	001	28012016	000131	-	EN056921243MY
SS012	4029	001	28012016	000131	-	EN056921314MY
SS013	4029	001	28012016	000131	-	EH162378223MY
SS011	4029	001	28012016	000132	-	EG320765275MY
SS014	4029	001	28012016	000132	-	EG514309590MY
SS012	4029	001	28012016	000133	-	ED263583201MY
SS012	4029	001	28012016	000133	-	EE032298815MY
SS013	4029	001	28012016	000133	-	EN016238362MY
SS014	4029	001	28012016	000133	-	EH065488724MY
SS015	4029	001	28012016	000133	-	EN026051265MY
SS012	4029	001	28012016	000134	-	EN056921257MY
SS012	4029	001	28012016	000135	-	EF584196736MY
SS013	4029	001	28012016	000135	-	EH033202487MY
SS014	4029	001	28012016	000135	-	EN048941192MY
SS015	4029	001	28012016	000135	-	EH125701815MY
SS011	4029	001	28012016	000136	-	EN088657015MY
SS012	4029	001	28012016	000136	-	EF372781494MY
SS013	4029	001	28012016	000136	-	EP204826123MY
SS012	4029	001	28012016	000137	-	EF817387170MY
SS013	4029	001	28012016	000137	-	EH065488741MY
SS011	4029	001	28012016	000138	-	EH098572787MY
SS012	4029	001	28012016	000138	-	EF817387055MY
SS014	4029	001	28012016	000138	-	EP196049632MY
SS012	4029	001	28012016	000139	-	EN011024802MY
SS013	4029	001	28012016	000139	-	EP200965535MY
SS012	4029	001	28012016	000140	-	ED246978252MY
SS013	4029	001	28012016	000140	-	EN057617824MY
SS015	4029	001	28012016	000140	-	EN075493114MY
SS011	4029	001	28012016	000141	-	EH125657303MY
SS012	4029	001	28012016	000141	-	ED246978235MY
SS012	4029	001	28012016	000142	-	EN079889237MY
SS013	4029	001	28012016	000142	-	EN031137352MY
SS013	4029	001	28012016	000142	-	EP188090010MY
SS012	4029	001	28012016	000143	-	EP205873080MY
SS015	4029	001	28012016	000143	-	EN079759339MY
SS011	4029	001	28012016	000144	-	EH058145335MY
SS012	4029	001	28012016	000144	-	ED246978249MY
SS015	4029	001	28012016	000144	-	EN079759400MY
SS012	4029	001	28012016	000145	-	EF817387197MY
SS013	4029	001	28012016	000145	-	EN011550777MY
SS012	4029	001	28012016	000146	-	EM614291208MY
SS013	4029	001	28012016	000146	-	EN097799325MY
SS015	4029	001	28012016	000146	-	EN079759435MY
SS012	4029	001	28012016	000147	-	EN079889210MY
SS013	4029	001	28012016	000147	-	EH128445529MY
SS012	4029	001	28012016	000148	-	EF817387064MY
SS013	4029	001	28012016	000148	-	EH162378299MY
SS012	4029	001	28012016	000149	-	EN079889183MY
SS013	4029	001	28012016	000149	-	EN063120058MY
SS011	4029	001	28012016	000150	-	EG320767378MY
SS012	4029	001	28012016	000150	-	EN079889206MY
SS015	4029	001	28012016	000150	-	EN079759427MY
SS013	4029	001	28012016	000151	-	EP167349864MY
SS013	4029	001	28012016	000152	-	EP157654515MY
SS011	4029	001	28012016	000153	-	EG320765448MY
SS012	4029	001	28012016	000153	-	EN039678795MY
SS012	4029	001	28012016	000154	-	EN070132374MY
SS013	4029	001	28012016	000154	-	EH128770505MY
SS011	4029	001	28012016	000155	-	EG320768268MY
SS012	4029	001	28012016	000155	-	EF213698921MY
SS012	4029	001	28012016	000155	-	EN059218008MY
SS015	4029	001	28012016	000155	-	EN079759413MY
SS013	4029	001	28012016	000156	-	EH168068508MY
SS012	4029	001	28012016	000157	-	EF213698952MY
SS012	4029	001	28012016	000158	-	EF213698966MY
SS011	4029	001	28012016	000159	-	EN097898513MY
SS012	4029	001	28012016	000159	-	EN038839837MY
SS013	4029	001	28012016	000159	-	EN021606952MY
SS012	4029	001	28012016	000200	-	EF213698881MY
SS012	4029	001	28012016	000200	-	EF213698918MY
SS011	4029	001	28012016	000201	-	EN088802980MY
SS012	4029	001	28012016	000201	-	EF213698935MY
SS013	4029	001	28012016	000201	-	EP079194124MY
SS012	4029	001	28012016	000202	-	EF213699079MY
SS014	4029	001	28012016	000202	-	EN066329976MY
SS015	4029	001	28012016	000202	-	EN079759988MY
SS012	4029	001	28012016	000203	-	EF213698904MY
SS011	4029	001	28012016	000204	-	EG101670336MY
SS012	4029	001	28012016	000204	-	EN080866940MY
SS013	4029	001	28012016	000204	-	EP205873558MY
SS012	4029	001	28012016	000205	-	EN080866936MY
SS014	4029	001	28012016	000205	-	EP143036067MY
SS012	4029	001	28012016	000206	-	EN080866922MY
SS014	4029	001	28012016	000206	-	EH021145456MY
SS011	4029	001	28012016	000207	-	EN088656814MY
SS012	4029	001	28012016	000207	-	EN057258123MY
SS013	4029	001	28012016	000207	-	EP079384579MY
SS015	4029	001	28012016	000207	-	EN295256888MY
SS012	4029	001	28012016	000208	-	EN057259234MY
SS011	4029	001	28012016	000209	-	EN108674598MY
SS012	4029	001	28012016	000209	-	EH150874755MY
SS013	4029	001	28012016	000209	-	EN097022426MY
SS014	4029	001	28012016	000209	-	EH126068776MY
SS012	4029	001	28012016	000210	-	EH151851937MY
SS013	4029	001	28012016	000210	-	EP135829008MY
SS012	4029	001	28012016	000211	-	EE026113129MY
SS015	4029	001	28012016	000211	-	EP209864684MY
SS012	4029	001	28012016	000212	-	EH120801140MY
SS013	4029	001	28012016	000212	-	EH021653966MY
SS012	4029	001	28012016	000213	-	EH041574692MY
SS013	4029	001	28012016	000213	-	EH021454642MY
SS014	4029	001	28012016	000213	-	EH168065930MY
SS012	4029	001	28012016	000215	-	EH043275767MY
SS013	4029	001	28012016	000215	-	EN093452439MY
SS014	4029	001	28012016	000215	-	EH141747577MY
SS012	4029	001	28012016	000216	-	EH043276095MY
SS013	4029	001	28012016	000216	-	EH141747387MY
SS012	4029	001	28012016	000217	-	EH082210989MY
SS014	4029	001	28012016	000217	-	EH147947174MY
SS013	4029	001	28012016	000218	-	EN093711283MY
SS014	4029	001	28012016	000218	-	EN072011263MY
SS015	4029	001	28012016	000218	-	EN079759325MY
SS012	4029	001	28012016	000219	-	EE028288255MY
SS014	4029	001	28012016	000220	-	EH151314672MY
SS015	4029	001	28012016	000220	-	EF446961371MY
SS011	4029	001	28012016	000221	-	EN100782526MY
SS012	4029	001	28012016	000221	-	EH043276100MY
SS013	4029	001	28012016	000221	-	EP189047605MY
SS012	4029	001	28012016	000222	-	EH043275798MY
SS013	4029	001	28012016	000222	-	EN093595392MY
SS014	4029	001	28012016	000222	-	EN087073542MY
SS015	4029	001	28012016	000222	-	EP072048802MY
SS012	4029	001	28012016	000223	-	EN080867035MY
SS012	4029	001	28012016	000223	-	EN080867049MY
SS012	4029	001	28012016	000224	-	EN080867021MY
SS011	4029	001	28012016	000225	-	EP177039500MY
SS012	4029	001	28012016	000225	-	EN080867018MY
SS013	4029	001	28012016	000225	-	EP125112751MY
SS011	4029	001	28012016	000227	-	EG101670574MY
SS012	4029	001	28012016	000227	-	EN080867004MY
SS014	4029	001	28012016	000227	-	EP222077024MY
SS015	4029	001	28012016	000227	-	EF786680995MY
SS012	4029	001	28012016	000228	-	EN080866998MY
SS013	4029	001	28012016	000228	-	EN087071277MY
SS012	4029	001	28012016	000229	-	EN080866984MY
SS013	4029	001	28012016	000229	-	EN097340628MY
SS014	4029	001	28012016	000229	-	EP207022085MY
SS015	4029	001	28012016	000229	-	EN079759356MY
SS011	4029	001	28012016	000230	-	EH127853654MY
SS012	4029	001	28012016	000230	-	EN080866919MY
SS014	4029	001	28012016	000230	-	EH105502418MY
SS015	4029	001	28012016	000230	-	EF746122035MY
SS012	4029	001	28012016	000231	-	EN080866905MY
SS013	4029	001	28012016	000231	-	EP205872950MY
SS011	4029	001	28012016	000232	-	ED251173592MY
SS012	4029	001	28012016	000232	-	EN080866896MY
SS014	4029	001	28012016	000232	-	EH152346813MY
SS012	4029	001	28012016	000233	-	EN080866882MY
SS013	4029	001	28012016	000233	-	EH020899565MY
SS012	4029	001	28012016	000234	-	EN080866865MY
SS012	4029	001	28012016	000234	-	EN080866879MY
SS013	4029	001	28012016	000234	-	EP188048215MY
SS015	4029	001	28012016	000234	-	EN079759118MY
SS011	4029	001	28012016	000235	-	EG320767801MY
SS012	4029	001	28012016	000235	-	EN080867211MY
SS013	4029	001	28012016	000235	-	EN031137499MY
SS012	4029	001	28012016	000236	-	EN080867208MY
SS013	4029	001	28012016	000236	-	EP157073498MY
SS012	4029	001	28012016	000237	-	EN080867225MY
SS013	4029	001	28012016	000237	-	EN063080583MY
SS015	4029	001	28012016	000237	-	EN079759135MY
SS012	4029	001	28012016	000238	-	EN080867239MY
SS013	4029	001	28012016	000238	-	EH114875205MY
SS012	4029	001	28012016	000239	-	EN080867273MY
SS013	4029	001	28012016	000239	-	EF871063632MY
SS015	4029	001	28012016	000239	-	EN079759121MY
SS012	4029	001	28012016	000240	-	EN080867260MY
SS013	4029	001	28012016	000240	-	EP167126544MY
SS014	4029	001	28012016	000240	-	EF784577050MY
SS011	4029	001	28012016	000241	-	EN088855262MY
SS012	4029	001	28012016	000241	-	EN080867256MY
SS013	4029	001	28012016	000241	-	EH151816705MY
SS015	4029	001	28012016	000241	-	EN079759149MY
SS012	4029	001	28012016	000242	-	EN080867242MY
SS012	4029	001	28012016	000243	-	EN080867287MY
SS013	4029	001	28012016	000243	-	EP209864653MY
SS011	4029	001	28012016	000244	-	EN088855276MY
SS012	4029	001	28012016	000244	-	EN080867110MY
SS012	4029	001	28012016	000245	-	EN080867145MY
SS012	4029	001	28012016	000245	-	EN080867295MY
SS013	4029	001	28012016	000245	-	EP102041266MY
SS015	4029	001	28012016	000245	-	EN079759311MY
SS011	4029	001	28012016	000246	-	EG320766196MY
SS012	4029	001	28012016	000246	-	EN080867137MY
SS013	4029	001	28012016	000246	-	EF644684203MY
SS012	4029	001	28012016	000247	-	EN080867123MY
SS013	4029	001	28012016	000247	-	EP209864185MY
SS015	4029	001	28012016	000247	-	EN079759373MY
SS012	4029	001	28012016	000248	-	EN080867106MY
SS013	4029	001	28012016	000248	-	EM904550334MY
SS011	4029	001	28012016	000249	-	EG320763711MY
SS012	4029	001	28012016	000249	-	EF783972986MY
SS013	4029	001	28012016	000249	-	EP101608679MY
SS015	4029	001	28012016	000249	-	EN079759360MY
SS012	4029	001	28012016	000250	-	EN080867097MY
SS013	4029	001	28012016	000250	-	EH151508894MY
SS011	4029	001	28012016	000251	-	EG320767660MY
SS013	4029	001	28012016	000251	-	EH070118987MY
SS015	4029	001	28012016	000251	-	EN079759271MY
SS012	4029	001	28012016	000252	-	EN080867083MY
SS013	4029	001	28012016	000252	-	EP181713639MY
SS012	4029	001	28012016	000253	-	EN080867070MY
SS015	4029	001	28012016	000253	-	EN079759299MY
SS012	4029	001	28012016	000254	-	EN080867052MY
SS013	4029	001	28012016	000254	-	EP169225641MY
SS013	4029	001	28012016	000255	-	EH180606032MY
SS015	4029	001	28012016	000255	-	EN079759254MY
SS013	4029	001	28012016	000256	-	EN093710230MY
SS013	4029	001	28012016	000256	-	EP102147222MY
SS012	4029	001	28012016	000257	-	EF759791895MY
SS012	4029	001	28012016	000257	-	EF759791935MY
SS015	4029	001	28012016	000257	-	EN079759342MY
SS012	4029	001	28012016	000258	-	EF759791878MY
SS013	4029	001	28012016	000259	-	EF644684282MY
SS015	4029	001	28012016	000259	-	EN079759268MY
SS012	4029	001	28012016	000300	-	EF759791847MY
SS015	4029	001	28012016	000300	-	EH083443083MY
SS012	4029	001	28012016	000301	-	EF759791855MY
SS012	4029	001	28012016	000301	-	EF759791864MY
SS012	4029	001	28012016	000302	-	ED264613196MY
SS013	4029	001	28012016	000302	-	EM904592127MY
SS012	4029	001	28012016	000303	-	ED264613633MY
SS013	4029	001	28012016	000303	-	EH130285370MY
SS015	4029	001	28012016	000303	-	EE035269901MY
SS012	4029	001	28012016	000304	-	ED264614727MY
SS013	4029	001	28012016	000304	-	EP205873527MY
SS012	4029	001	28012016	000305	-	ED264614877MY
SS013	4029	001	28012016	000305	-	EN093810272MY
SS012	4029	001	28012016	000306	-	ED264614470MY
SS011	4029	001	28012016	000307	-	EG320764694MY
SS012	4029	001	28012016	000307	-	ED264618661MY
SS015	4029	001	28012016	000307	-	EF837290435MY
SS012	4029	001	28012016	000308	-	LE162169830MY
SS012	4029	001	28012016	000309	-	ED264614143MY
SS015	4029	001	28012016	000309	-	EN024613161MY
SS011	4029	001	28012016	000310	-	EF715456250MY
SS012	4029	001	28012016	000310	-	ED264618658MY
SS012	4029	001	28012016	000311	-	ED264619239MY
SS012	4029	001	28012016	000312	-	EF818065030MY
SS013	4029	001	28012016	000312	-	EN097798912MY
SS011	4029	001	28012016	000313	-	EN101005231MY
SS012	4029	001	28012016	000313	-	EF817927952MY
SS013	4029	001	28012016	000313	-	EH162378197MY
SS014	4029	001	28012016	000313	-	EH045798449MY
SS012	4029	001	28012016	000314	-	EN022631556MY
SS014	4029	001	28012016	000314	-	EP151005075MY
SS012	4029	001	28012016	000315	-	ED264275652MY
SS013	4029	001	28012016	000315	-	EP079336304MY
SS011	4029	001	28012016	000317	-	EG320767850MY
SS014	4029	001	28012016	000317	-	EH042104077MY
SS012	4029	001	28012016	000319	-	EH051669491MY
SS013	4029	001	28012016	000319	-	EP167236641MY
SS013	4029	001	28012016	000319	-	EP209864786MY
SS011	4029	001	28012016	000320	-	EG514325297MY
SS012	4029	001	28012016	000320	-	ED264276057MY
SS012	4029	001	28012016	000320	-	EH113039419MY
SS014	4029	001	28012016	000320	-	EP181710133MY
SS013	4029	001	28012016	000321	-	EN091097222MY
SS014	4029	001	28012016	000321	-	EE035679610MY
SS011	4029	001	28012016	000323	-	EG320765394MY
SS012	4029	001	28012016	000323	-	EH149224616MY
SS014	4029	001	28012016	000323	-	EF668771128MY
SS012	4029	001	28012016	000324	-	ED114956448MY
SS013	4029	001	28012016	000324	-	ED255290475MY
SS012	4029	001	28012016	000325	-	ED114956434MY
SS013	4029	001	28012016	000325	-	EN021606921MY
SS012	4029	001	28012016	000326	-	EF817013760MY
SS014	4029	001	28012016	000326	-	EP171491668MY
SS012	4029	001	28012016	000327	-	EH145891945MY
SS013	4029	001	28012016	000327	-	EM904612731MY
SS011	4029	001	28012016	000328	-	EF817386982MY
SS013	4029	001	28012016	000328	-	EH020899574MY
SS014	4029	001	28012016	000328	-	EP128349575MY
SS013	4029	001	28012016	000329	-	EP188048184MY
SS012	4029	001	28012016	000330	-	EF744755619MY
SS013	4029	001	28012016	000330	-	EN061201111MY
SS014	4029	001	28012016	000330	-	EH129444079MY
SS015	4029	001	28012016	000330	-	EH012694211MY
SS011	4029	001	28012016	000331	-	EG320768095MY
SS012	4029	001	28012016	000331	-	EH149224704MY
SS013	4029	001	28012016	000331	-	EH007791003MY
SS012	4029	001	28012016	000332	-	ED264613298MY
SS013	4029	001	28012016	000332	-	EN080316046MY
SS015	4029	001	28012016	000332	-	EP204804573MY
SS013	4029	001	28012016	000333	-	EF644684132MY
SS011	4029	001	28012016	000334	-	EN088779963MY
SS012	4029	001	28012016	000334	-	ED216635214MY
SS012	4029	001	28012016	000334	-	EF817927921MY
SS015	4029	001	28012016	000334	-	EG320764460MY
SS012	4029	001	28012016	000336	-	ED216635228MY
SS013	4029	001	28012016	000336	-	EN030656210MY
SS015	4029	001	28012016	000336	-	EF871269781MY
SS015	4029	001	28012016	000337	-	EF099467895MY
SS011	4029	001	28012016	000338	-	EN088654977MY
SS012	4029	001	28012016	000338	-	EN079889197MY
SS013	4029	001	28012016	000338	-	EH160941613MY
SS014	4029	001	28012016	000338	-	EN097203729MY
SS012	4029	001	28012016	000339	-	EF584196753MY
SS012	4029	001	28012016	000339	-	EF789191342MY
SS013	4029	001	28012016	000339	-	EP055476372MY
SS015	4029	001	28012016	000339	-	EF837291847MY
SS011	4029	001	28012016	000340	-	EN057587813MY
SS013	4029	001	28012016	000340	-	EH112938441MY
SS013	4029	001	28012016	000340	-	EP157073524MY
SS014	4029	001	28012016	000340	-	EH045335534MY
SS012	4029	001	28012016	000341	-	EF744755622MY
SS013	4029	001	28012016	000341	-	EF644684075MY
SS014	4029	001	28012016	000341	-	EN097204596MY
SS015	4029	001	28012016	000341	-	EF785928486MY
SS012	4029	001	28012016	000343	-	EN057191333MY
SS013	4029	001	28012016	000343	-	EN097340472MY
SS014	4029	001	28012016	000343	-	EN095391159MY
SS014	4029	001	28012016	000344	-	EE024264903MY
SS011	4029	001	28012016	000345	-	EG320767112MY
SS013	4029	001	28012016	000345	-	EP191396856MY
SS014	4029	001	28012016	000346	-	ED259052224MY
SS012	4029	001	28012016	000347	-	ED275327015MY
SS014	4029	001	28012016	000347	-	EP135570080MY
SS015	4029	001	28012016	000347	-	EN075153362MY
SS011	4029	001	28012016	000348	-	EG320767885MY
SS013	4029	001	28012016	000348	-	EH097267208MY
SS013	4029	001	28012016	000348	-	EH113804769MY
SS012	4029	001	28012016	000349	-	ED216635191MY
SS013	4029	001	28012016	000349	-	EN077526654MY
SS014	4029	001	28012016	000349	-	EP195688545MY
SS015	4029	001	28012016	000349	-	EP186929376MY
SS012	4029	001	28012016	000350	-	EN057142451MY
SS013	4029	001	28012016	000350	-	EN070769152MY
SS012	4029	001	28012016	000351	-	EN057142448MY
SS014	4029	001	28012016	000351	-	EH145415345MY
SS012	4029	001	28012016	000352	-	EH094240648MY
SS012	4029	001	28012016	000352	-	EH099492277MY
SS011	4029	001	28012016	000353	-	EG320768339MY
SS012	4029	001	28012016	000353	-	EH041848873MY
SS013	4029	001	28012016	000353	-	EH012693919MY
SS014	4029	001	28012016	000353	-	EP135827435MY
SS015	4029	001	28012016	000353	-	EN050095730MY
SS012	4029	001	28012016	000354	-	EN029928088MY
SS013	4029	001	28012016	000355	-	EP133291388MY
SS014	4029	001	28012016	000355	-	EH045612008MY
SS014	4029	001	28012016	000355	-	EH149423965MY
SS015	4029	001	28012016	000355	-	EF786680987MY
SS012	4029	001	28012016	000356	-	EH130687869MY
SS013	4029	001	28012016	000356	-	ED251396246MY
SS011	4029	001	28012016	000357	-	EN049345656MY
SS012	4029	001	28012016	000357	-	EH043275807MY
SS012	4029	001	28012016	000357	-	EH167407964MY
SS013	4029	001	28012016	000357	-	EN097218975MY
SS014	4029	001	28012016	000357	-	EH151314765MY
SS015	4029	001	28012016	000357	-	EH126453496MY
SS012	4029	001	28012016	000358	-	EH129533009MY
SS013	4029	001	28012016	000358	-	EP157073348MY
SS014	4029	001	28012016	000358	-	EN079479254MY
SS012	4029	001	28012016	000359	-	EN003630907MY
SS015	4029	001	28012016	000359	-	EN024613215MY
SS012	4029	001	28012016	000400	-	EE035831587MY
SS013	4029	001	28012016	000400	-	EP191397216MY
SS015	4029	001	28012016	000400	-	EP189764897MY
SS012	4029	001	28012016	000401	-	ED280814660MY
SS013	4029	001	28012016	000401	-	EP178699676MY
SS012	4029	001	28012016	000402	-	ED280814656MY
SS013	4029	001	28012016	000402	-	ED251395254MY
SS014	4029	001	28012016	000402	-	EP204804539MY
SS015	4029	001	28012016	000402	-	EN005022008MY
SS012	4029	001	28012016	000403	-	ED260479350MY
SS013	4029	001	28012016	000403	-	EN096875051MY
SS012	4029	001	28012016	000404	-	EN057259985MY
SS014	4029	001	28012016	000404	-	EP143192699MY
SS015	4029	001	28012016	000404	-	EN024613127MY
SS012	4029	001	28012016	000405	-	EN057142417MY
SS013	4029	001	28012016	000405	-	EP157073793MY
SS014	4029	001	28012016	000405	-	EP209864772MY
SS012	4029	001	28012016	000406	-	EF741588449MY
SS013	4029	001	28012016	000406	-	EH031299324MY
SS012	4029	001	28012016	000407	-	EN079935166MY
SS013	4029	001	28012016	000407	-	EP151333040MY
SS015	4029	001	28012016	000407	-	EP157313661MY
SS012	4029	001	28012016	000408	-	EN057259472MY
SS013	4029	001	28012016	000408	-	EH045562160MY
SS012	4029	001	28012016	000409	-	EH130688008MY
SS013	4029	001	28012016	000409	-	EP207580747MY
SS014	4029	001	28012016	000409	-	EP173563654MY
SS015	4029	001	28012016	000409	-	EN018361720MY
SS011	4029	001	28012016	000410	-	EN088383934MY
SS012	4029	001	28012016	000410	-	EN057259490MY
SS012	4029	001	28012016	000411	-	EN057256326MY
SS013	4029	001	28012016	000411	-	EN020718572MY
SS014	4029	001	28012016	000411	-	EP179479915MY
SS015	4029	001	28012016	000411	-	EN050095479MY
SS012	4029	001	28012016	000412	-	EH042460714MY
SS012	4029	001	28012016	000413	-	EN057259353MY
SS014	4029	001	28012016	000413	-	EH114985373MY
SS015	4029	001	28012016	000413	-	ED251395387MY
SS012	4029	001	28012016	000414	-	EN057191293MY
SS013	4029	001	28012016	000414	-	EH098240878MY
SS013	4029	001	28012016	000415	-	EH012694344MY
SS013	4029	001	28012016	000415	-	EH150350449MY
SS012	4029	001	28012016	000416	-	EN057256048MY
SS014	4029	001	28012016	000416	-	EP195784635MY
SS011	4029	001	28012016	000417	-	EN108761592MY
SS012	4029	001	28012016	000417	-	EN057191316MY
SS013	4029	001	28012016	000417	-	EH151691237MY
SS012	4029	001	28012016	000418	-	EN057142403MY
SS013	4029	001	28012016	000418	-	EH150708174MY
SS014	4029	001	28012016	000418	-	EH105437762MY
SS012	4029	001	28012016	000419	-	EH168066008MY
SS013	4029	001	28012016	000419	-	EH137462074MY
SS014	4029	001	28012016	000419	-	EH145891574MY
SS012	4029	001	28012016	000420	-	EF097180634MY
SS012	4029	001	28012016	000421	-	EN057259509MY
SS013	4029	001	28012016	000422	-	EN020477050MY
SS014	4029	001	28012016	000422	-	EE031335715MY
SS013	4029	001	28012016	000423	-	EH128803124MY
SS013	4029	001	28012016	000424	-	EN080339152MY
SS011	4029	001	28012016	000425	-	EN108762071MY
SS014	4029	001	28012016	000425	-	EP196043820MY
SS014	4029	001	28012016	000426	-	EN087071229MY
SS011	4029	001	28012016	000427	-	EH005266566MY
SS012	4029	001	28012016	000427	-	EN070508090MY
SS012	4029	001	28012016	000428	-	EH126926695MY
SS014	4029	001	28012016	000428	-	EP160809739MY
SS012	4029	001	28012016	000429	-	EH120817238MY
SS012	4029	001	28012016	000430	-	ED256153175MY
SS012	4029	001	28012016	000430	-	EN010413426MY
SS014	4029	001	28012016	000430	-	EH130550335MY
SS013	4029	001	28012016	000431	-	EP191397817MY
SS013	4029	001	28012016	000431	-	EP205873310MY
SS012	4029	001	28012016	000432	-	EH167215434MY
SS013	4029	001	28012016	000432	-	EP184794852MY
SS014	4029	001	28012016	000432	-	EH126300889MY
SS011	4029	001	28012016	000433	-	EG320764840MY
SS013	4029	001	28012016	000433	-	EN093710359MY
SS012	4029	001	28012016	000434	-	EN010413372MY
SS014	4029	001	28012016	000434	-	EP135829586MY
SS011	4029	001	28012016	000435	-	EG320764990MY
SS012	4029	001	28012016	000435	-	EN010413386MY
SS013	4029	001	28012016	000435	-	EP159956125MY
SS014	4029	001	28012016	000435	-	EH156786444MY
SS013	4029	001	28012016	000436	-	EN075377691MY
SS011	4029	001	28012016	000437	-	EN108762329MY
SS012	4029	001	28012016	000437	-	EN010413409MY
SS013	4029	001	28012016	000437	-	EH130746346MY
SS014	4029	001	28012016	000437	-	EN016238328MY
SS012	4029	001	28012016	000438	-	EN010413390MY
SS013	4029	001	28012016	000438	-	EH152345185MY
SS011	4029	001	28012016	000439	-	EM912377584MY
SS014	4029	001	28012016	000439	-	EH064454287MY
SS014	4029	001	28012016	000440	-	EH130550313MY
SS012	4029	001	28012016	000441	-	EN010413338MY
SS013	4029	001	28012016	000441	-	EN072011334MY
SS013	4029	001	28012016	000441	-	EN097340870MY
SS013	4029	001	28012016	000442	-	EP096360189MY
SS012	4029	001	28012016	000443	-	EH117330216MY
SS012	4029	001	28012016	000443	-	EN070355460MY
SS014	4029	001	28012016	000443	-	EE039482520MY
SS012	4029	001	28012016	000444	-	EN070356125MY
SS013	4029	001	28012016	000444	-	EH078044432MY
SS015	4029	001	28012016	000444	-	EP135946786MY
SS011	4029	001	28012016	000445	-	EG320763739MY
SS012	4029	001	28012016	000445	-	EH073912768MY
SS013	4029	001	28012016	000445	-	EP128349377MY
SS014	4029	001	28012016	000445	-	EN016772033MY
SS013	4029	001	28012016	000446	-	EP187723753MY
SS012	4029	001	28012016	000447	-	EN080724062MY
SS013	4029	001	28012016	000447	-	EN050057895MY
SS014	4029	001	28012016	000447	-	EN057618039MY
SS011	4029	001	28012016	000448	-	EG320766077MY
SS012	4029	001	28012016	000448	-	EH150025952MY
SS012	4029	001	28012016	000448	-	EN070508112MY
SS012	4029	001	28012016	000449	-	EH082179586MY
SS013	4029	001	28012016	000449	-	EH114875188MY
SS014	4029	001	28012016	000449	-	EP125023331MY
SS013	4029	001	28012016	000450	-	ED251396042MY
SS011	4029	001	28012016	000451	-	EM237763117MY
SS012	4029	001	28012016	000451	-	EN070355513MY
SS013	4029	001	28012016	000451	-	EF865206592MY
SS015	4029	001	28012016	000451	-	EH120816759MY
SS012	4029	001	28012016	000452	-	EH150301045MY
SS013	4029	001	28012016	000452	-	EP217851254MY
SS011	4029	001	28012016	000453	-	EN045288953MY
SS012	4029	001	28012016	000453	-	EN056923142MY
SS013	4029	001	28012016	000453	-	EP207580733MY
SS014	4029	001	28012016	000453	-	EH126074666MY
SS012	4029	001	28012016	000454	-	EN056923125MY
SS013	4029	001	28012016	000454	-	EH160941627MY
SS014	4029	001	28012016	000454	-	EN088468935MY
SS015	4029	001	28012016	000454	-	EN075493057MY
SS012	4029	001	28012016	000455	-	EN022987118MY
SS013	4029	001	28012016	000455	-	EN095390975MY
SS015	4029	001	28012016	000455	-	EN050095743MY
SS012	4029	001	28012016	000456	-	ED214252733MY
SS013	4029	001	28012016	000456	-	EP211709975MY
SS012	4029	001	28012016	000457	-	EH142314524MY
SS013	4029	001	28012016	000457	-	EH112306232MY
SS014	4029	001	28012016	000457	-	EH021713072MY
SS013	4029	001	28012016	000458	-	EP211736984MY
SS012	4029	001	28012016	000459	-	EN056921212MY
SS013	4029	001	28012016	000459	-	EN080317090MY
SS014	4029	001	28012016	000459	-	EH045521908MY
SS015	4029	001	28012016	000459	-	EP172292133MY
SS012	4029	001	28012016	000500	-	EF784478065MY
SS013	4029	001	28012016	000500	-	EP143036036MY
SS011	4029	001	28012016	000501	-	EN088656730MY
SS012	4029	001	28012016	000501	-	EN056921288MY
SS013	4029	001	28012016	000501	-	EN093684716MY
SS015	4029	001	28012016	000501	-	EP179399899MY
SS013	4029	001	28012016	000502	-	EH150708418MY
SS013	4029	001	28012016	000502	-	EH151771505MY
SS012	4029	001	28012016	000503	-	EF372781485MY
SS012	4029	001	28012016	000503	-	EN070508109MY
SS013	4029	001	28012016	000503	-	EN031137454MY
SS011	4029	001	28012016	000504	-	EG320767090MY
SS012	4029	001	28012016	000504	-	EF372781477MY
SS015	4029	001	28012016	000504	-	EM122069229MY
SS012	4029	001	28012016	000505	-	EF820553186MY
SS013	4029	001	28012016	000505	-	EM374569945MY
SS015	4029	001	28012016	000505	-	EN024613087MY
SS012	4029	001	28012016	000506	-	EH082179538MY
SS012	4029	001	28012016	000507	-	EF588783958MY
SS012	4029	001	28012016	000507	-	EH051137348MY
SS013	4029	001	28012016	000507	-	EP205997637MY
SS012	4029	001	28012016	000509	-	ED255457590MY
SS012	4029	001	28012016	000509	-	EF588783935MY
SS013	4029	001	28012016	000509	-	EP212862431MY
SS015	4029	001	28012016	000509	-	EN108761102MY
SS012	4029	001	28012016	000510	-	EN010413369MY
SS015	4029	001	28012016	000510	-	EP179397867MY
SS012	4029	001	28012016	000511	-	EN070356195MY
SS013	4029	001	28012016	000511	-	EH045340018MY
SS013	4029	001	28012016	000511	-	EN075212729MY
SS011	4029	001	28012016	000515	-	EG514309731MY
SS011	4029	001	28012016	000515	-	EN108762275MY
SS012	4029	001	28012016	000515	-	EN070355368MY
SS012	4029	001	28012016	000515	-	EN070356261MY
SS013	4029	001	28012016	000515	-	EH086102675MY
SS013	4029	001	28012016	000515	-	EM904549075MY
SS013	4029	001	28012016	000515	-	EN072012683MY
SS015	4029	001	28012016	000515	-	EN081082081MY
SS012	4029	001	28012016	000516	-	EN010413430MY
SS013	4029	001	28012016	000516	-	EN093684319MY
SS015	4029	001	28012016	000516	-	EH168068397MY
SS012	4029	001	28012016	000517	-	EN070355867MY
SS013	4029	001	28012016	000517	-	EN072011626MY
SS014	4029	001	28012016	000517	-	EH098192917MY
SS012	4029	001	28012016	000519	-	EN070356258MY
SS013	4029	001	28012016	000519	-	EN080317228MY
SS013	4029	001	28012016	000519	-	EN093711014MY
SS014	4029	001	28012016	000519	-	EP204875209MY
SS013	4029	001	28012016	000520	-	EF446961442MY
SS015	4029	001	28012016	000520	-	EN097368382MY
SS011	4029	001	28012016	000521	-	EN108761235MY
SS013	4029	001	28012016	000521	-	EN063120367MY
SS014	4029	001	28012016	000521	-	EH045335375MY
SS012	4029	001	28012016	000522	-	EN070356160MY
SS013	4029	001	28012016	000522	-	EN029940279MY
SS013	4029	001	28012016	000523	-	EH035507708MY
SS014	4029	001	28012016	000523	-	EH003569034MY
SS011	4029	001	28012016	000524	-	EN108761898MY
SS013	4029	001	28012016	000524	-	EN094504693MY
SS012	4029	001	28012016	000525	-	EN070355972MY
SS012	4029	001	28012016	000525	-	EN070356045MY
SS014	4029	001	28012016	000525	-	EH021569013MY
SS012	4029	001	28012016	000526	-	EH088509087MY
SS014	4029	001	28012016	000527	-	EH126165455MY
SS015	4029	001	28012016	000527	-	EN096903733MY
SS012	4029	001	28012016	000528	-	EN070355941MY
SS013	4029	001	28012016	000528	-	EH128803359MY
SS011	4029	001	28012016	000529	-	EH139178660MY
SS012	4029	001	28012016	000529	-	EN070356301MY
SS013	4029	001	28012016	000529	-	EN080335527MY
SS014	4029	001	28012016	000529	-	EM904593017MY
SS015	4029	001	28012016	000529	-	EP205872265MY
SS012	4029	001	28012016	000530	-	EN070356200MY
SS013	4029	001	28012016	000530	-	EP161229568MY
SS012	4029	001	28012016	000531	-	EH094241436MY
SS012	4029	001	28012016	000532	-	EH134554284MY
SS013	4029	001	28012016	000532	-	EN061201156MY
SS014	4029	001	28012016	000532	-	EM904576243MY
SS014	4029	001	28012016	000532	-	EP160809711MY
SS012	4029	001	28012016	000533	-	ED256153189MY
SS013	4029	001	28012016	000533	-	EP204385050MY
SS011	4029	001	28012016	000534	-	EN100782441MY
SS012	4029	001	28012016	000534	-	EH099492215MY
SS013	4029	001	28012016	000534	-	EN057618113MY
SS012	4029	001	28012016	000538	-	ED270869765MY
SS012	4029	001	28012016	000538	-	EH094244738MY
SS012	4029	001	28012016	000538	-	EH094244976MY
SS012	4029	001	28012016	000538	-	EH099492246MY
SS012	4029	001	28012016	000538	-	EN057258534MY
SS013	4029	001	28012016	000538	-	EN050056458MY
SS013	4029	001	28012016	000538	-	EN060974755MY
SS013	4029	001	28012016	000538	-	EN079475076MY
SS014	4029	001	28012016	000538	-	EP200965972MY
SS015	4029	001	28012016	000538	-	EF501248319MY
SS015	4029	001	28012016	000538	-	EH149630217MY
SS014	4029	001	28012016	000539	-	EN058302954MY
SS012	4029	001	28012016	000540	-	EH150302372MY
SS013	4029	001	28012016	000540	-	EN108761270MY
SS012	4029	001	28012016	000541	-	EM800004945MY
SS011	4029	001	28012016	000542	-	EN108761725MY
SS012	4029	001	28012016	000542	-	ED270869757MY
SS014	4029	001	28012016	000542	-	EP181585055MY
SS015	4029	001	28012016	000542	-	EN040042896MY
SS012	4029	001	28012016	000543	-	EE033527174MY
SS012	4029	001	28012016	000543	-	EH171902765MY
SS013	4029	001	28012016	000543	-	EH114370091MY
SS012	4029	001	28012016	000545	-	EH042027185MY
SS013	4029	001	28012016	000545	-	EN020164459MY
SS014	4029	001	28012016	000545	-	EF845313822MY
SS015	4029	001	28012016	000545	-	EN050096063MY
SS012	4029	001	28012016	000546	-	EH130655177MY
SS013	4029	001	28012016	000546	-	EH082276075MY
SS013	4029	001	28012016	000546	-	EN093871254MY
SS011	4029	001	28012016	000547	-	EN108761283MY
SS012	4029	001	28012016	000547	-	EF509068794MY
SS013	4029	001	28012016	000547	-	EH035808756MY
SS014	4029	001	28012016	000547	-	EH125786841MY
SS012	4029	001	28012016	000548	-	ED264671335MY
SS011	4029	001	28012016	000549	-	EN055457435MY
SS012	4029	001	28012016	000549	-	EF509068777MY
SS013	4029	001	28012016	000549	-	EP157071850MY
SS014	4029	001	28012016	000549	-	EN016238359MY
SS015	4029	001	28012016	000549	-	EF811526412MY
SS012	4029	001	28012016	000550	-	EH115465578MY
SS012	4029	001	28012016	000550	-	EH130249810MY
SS012	4029	001	28012016	000551	-	EF509068785MY
SS014	4029	001	28012016	000551	-	EN022052733MY
SS015	4029	001	28012016	000551	-	EH151473183MY
SS012	4029	001	28012016	000552	-	EH125427438MY
SS013	4029	001	28012016	000552	-	EH023265275MY
SS012	4029	001	28012016	000553	-	EN057258565MY
SS013	4029	001	28012016	000553	-	EN050059794MY
SS012	4029	001	28012016	000554	-	EH150872944MY
SS015	4029	001	28012016	000554	-	EF618377301MY
SS012	4029	001	28012016	000555	-	EH099492192MY
SS012	4029	001	28012016	000556	-	EH064212705MY
SS015	4029	001	28012016	000557	-	EF827256911MY
SS012	4029	001	28012016	000558	-	EH043428247MY
SS015	4029	001	28012016	000558	-	EF753340402MY
SS012	4029	001	28012016	000559	-	ED270869686MY
SS012	4029	001	28012016	000600	-	ED270869743MY
SS012	4029	001	28012016	000605	-	EE008092590MY
SS012	4029	001	28012016	000605	-	EH095828280MY
SS012	4029	001	28012016	000605	-	EH167407902MY
SS012	4029	001	28012016	000605	-	EH167408015MY
SS013	4029	001	28012016	000605	-	EN057618025MY
SS013	4029	001	28012016	000605	-	EN097320098MY
SS013	4029	001	28012016	000605	-	EP211737070MY
SS014	4029	001	28012016	000605	-	EH070119086MY
SS014	4029	001	28012016	000605	-	EP141462570MY
SS012	4029	001	28012016	000606	-	EH066272485MY
SS013	4029	001	28012016	000606	-	EN057618011MY
SS013	4029	001	28012016	000606	-	EP181713660MY
SS014	4029	001	28012016	000606	-	EH000727147MY
SS011	4029	001	28012016	000607	-	EG320765641MY
SS013	4029	001	28012016	000607	-	EP141462521MY
SS012	4029	001	28012016	000608	-	EP176828378MY
SS013	4029	001	28012016	000608	-	EH045335485MY
SS014	4029	001	28012016	000608	-	EP209841215MY
SS013	4029	001	28012016	000609	-	EP102041181MY
SS012	4029	001	28012016	000610	-	EH167408001MY
SS013	4029	001	28012016	000610	-	EH150335676MY
SS015	4029	001	28012016	000610	-	EF772176859MY
SS013	4029	001	28012016	000611	-	EP079181050MY
SS013	4029	001	28012016	000612	-	EH139975505MY
SS013	4029	001	28012016	000612	-	EN093783016MY
SS015	4029	001	28012016	000613	-	EP187083984MY
SS013	4029	001	28012016	000614	-	EN050056532MY
SS014	4029	001	28012016	000614	-	EN093711297MY
SS012	4029	001	28012016	000615	-	EH167775677MY
SS013	4029	001	28012016	000615	-	EN063120217MY
SS014	4029	001	28012016	000615	-	EN097046008MY
SS012	4029	001	28012016	000616	-	EH167775717MY
SS015	4029	001	28012016	000616	-	EN055744286MY
SS012	4029	001	28012016	000617	-	EH042465623MY
SS015	4029	001	28012016	000617	-	EF827256871MY
SS013	4029	001	28012016	000618	-	EH139562999MY
SS012	4029	001	28012016	000619	-	EH042329605MY
SS012	4029	001	28012016	000619	-	EN080867066MY
SS013	4029	001	28012016	000619	-	EH148151064MY
SS014	4029	001	28012016	000619	-	EH038017249MY
SS011	4029	001	28012016	000620	-	EG320765301MY
SS012	4029	001	28012016	000621	-	EN080867313MY
SS013	4029	001	28012016	000621	-	EH065437016MY
SS012	4029	001	28012016	000622	-	EN080867327MY
SS011	4029	001	28012016	000623	-	EG320768400MY
SS012	4029	001	28012016	000623	-	EN080867335MY
SS014	4029	001	28012016	000623	-	EP211871750MY
SS013	4029	001	28012016	000624	-	EN088554320MY
SS012	4029	001	28012016	000625	-	EN080867344MY
SS012	4029	001	28012016	000625	-	EN080867358MY
SS013	4029	001	28012016	000625	-	EH094817011MY
SS015	4029	001	28012016	000625	-	EH089196495MY
SS012	4029	001	28012016	000626	-	EN080867361MY
SS011	4029	001	28012016	000627	-	EF000094590MY
SS012	4029	001	28012016	000627	-	EN080867375MY
SS013	4029	001	28012016	000627	-	EH156205626MY
SS015	4029	001	28012016	000627	-	EN080318020MY
SS013	4029	001	28012016	000628	-	EP211723362MY
SS012	4029	001	28012016	000629	-	EN080867154MY
SS013	4029	001	28012016	000629	-	EH098193047MY
SS011	4029	001	28012016	000630	-	EG320764120MY
SS012	4029	001	28012016	000630	-	EN080867168MY
SS012	4029	001	28012016	000630	-	EN080867185MY
SS012	4029	001	28012016	000631	-	EN080867171MY
SS013	4029	001	28012016	000631	-	EH099492630MY
SS013	4029	001	28012016	000631	-	EP205873181MY
SS014	4029	001	28012016	000631	-	EN016239460MY
SS015	4029	001	28012016	000631	-	EF827256681MY
SS013	4029	001	28012016	000632	-	EH152382807MY
SS012	4029	001	28012016	000633	-	EN080867199MY
SS013	4029	001	28012016	000633	-	EH042042545MY
SS012	4029	001	28012016	000634	-	ED280814829MY
SS012	4029	001	28012016	000635	-	ED280814863MY
SS013	4029	001	28012016	000635	-	EH033138585MY
SS015	4029	001	28012016	000635	-	EN024613246MY
SS013	4029	001	28012016	000636	-	EP143035883MY
SS015	4029	001	28012016	000636	-	EF618377350MY
SS013	4029	001	28012016	000637	-	EP143035818MY
SS015	4029	001	28012016	000641	-	EH050473480MY
SS015	4029	001	28012016	000641	-	EN042097685MY

