32557	4300	701	04012016	060829	-	CC265183745TW	02	-	6100	43300	BBB-BL-BLK
32557	4300	701	04012016	060857	-	CC265183904TW	02	-	6100	43300	BBB-BL-BLK
32557	4300	701	04012016	060956	-	EH101695236MY	01	-	4029	43300	BBB-BL-BLK
32557	4300	701	04012016	061011	-	CD326698738MY	01	-	4029	43300	BBB-BL-BLK
32557	4300	701	04012016	061024	-	EN084092335MY	01	-	4029	43300	BBB-BL-BLK
32557	4300	701	04012016	061034	-	EH078180115MY	01	-	4029	43300	BBB-BL-BLK
32557	4300	701	04012016	061051	-	EM905092215MY	01	-	4029	43300	BBB-BL-BLK
32557	4300	701	04012016	061107	-	EM905191788MY	01	-	4029	43300	BBB-BL-BLK
32557	4300	701	04012016	061121	-	EH111607616MY	02	-	8135	43300	BBB-BL-BLK
32557	4300	701	04012016	061144	-	EP192029062MY	02	-	0805	43300	BBB-BL-BLK
32557	4300	701	04012016	061203	-	EN071508330MY	01	-	4029	43300	BBB-BL-BLK
32557	4300	701	04012016	061254	-	EN079996559MY	02	-	4029	45000	BBB-SW-XKS
32557	4300	701	04012016	061340	-	EN082547572MY	02	-	4029	43200	BBB-BL-BLK
32557	4300	701	04012016	061410	-	EP174097485MY	02	-	3201	43300	BBB-BL-BLK
32557	4300	701	04012016	061442	-	EG056453174VN	02	-	6100	43300	BBB-BL-BLK
32557	4300	701	04012016	061505	-	EC050170872VN	02	-	6100	43300	BBB-BL-BLK
32557	4300	701	04012016	061533	-	EH017411521MY	01	-	0500	43300	BBB-BL-BLK
32557	4300	701	04012016	061711	-	EH116417154MY	02	-	0805	43300	BBB-BL-BLK
32557	4300	701	04012016	061730	-	EH135050994MY	02	-	8400	43300	BBB-BL-BLK
32557	4300	701	04012016	061748	-	EH085622958MY	01	-	8609	43000	BBB-BB-BBB
