10980	7005	903	04012016	063457	-	EH000395419MY	02	-	4300	72300	SBN-BH-BHU
10980	7005	903	04012016	063512	-	EP090189568MY	02	-	8135	73100	SBN-BH-BHU
10980	7005	903	04012016	063527	-	EN068443903MY	02	-	1500	73500	SBN-BH-BHU
10980	7005	903	04012016	063543	-	EP144077071MY	02	-	8135	71500	SBN-BH-BHU
10980	7005	903	04012016	063556	-	EP181685460MY	02	-	8151	71550	SBN-BH-BHU
10980	7005	903	04012016	063624	-	EP169210783MY	02	-	1500	72120	SBN-BH-BHU
10980	7005	903	04012016	063649	-	EH082774923MY	02	-	3400	72120	SBN-BH-BHU
10980	7005	903	04012016	063726	-	EN065461616MY	02	-	7500	73100	SBN-BH-BHU
10980	7005	903	04012016	063753	-	LD199736856MY	02	-	8192	71200	SBN-PD-PDI
10980	7005	903	04012016	063819	-	EF855719822MY	02	-	8192	71050	SBN-PD-PDI
10980	7005	903	04012016	063857	-	EH072185499MY	02	-	2000	71200	SBN-PD-PDI
10980	7005	903	04012016	063917	-	LG207174390MY	02	-	1500	71000	SBN-PD-PDI
10980	7005	903	04012016	063940	-	ED266003688MY	02	-	5613	71760	SBN-NL-NLI
10980	7005	903	04012016	064000	-	EP172919285MY	02	-	5613	75200	SBN-MK-MKZ
10980	7005	903	04012016	064014	-	EH138732303MY	02	-	0607	26500	SBN-TM-TMH
10980	7005	903	04012016	064034	-	EH054632283MY	02	-	8151	71700	SBN-NL-NLI
10980	7005	903	04012016	064109	-	EF218866405MY	02	-	3400	71760	SBN-NL-NLI
10980	7005	903	04012016	064128	-	EH135050985MY	02	-	8400	75450	SBN-MK-MKZ
10980	7005	903	04012016	064155	-	EF629878224MY	02	-	3400	71700	SBN-NL-NLI
10980	7005	903	04012016	064220	-	EP207916154MY	02	-	3400	71700	SBN-NL-NLI
10980	7005	903	04012016	064328	-	EH139696222MY	02	-	4715	85300	SBN-BH-SGT
10980	7005	903	04012016	064350	-	EP204159481MY	02	-	0805	71950	SBN-NL-NLI
10980	7005	903	04012016	064422	-	EH125460005MY	02	-	5009	75450	SBN-MK-MKZ
10980	7005	903	04012016	064501	-	EN078107234MY	02	-	4609	75000	SBN-MK-MKZ
10980	7005	903	04012016	064656	-	EP148889645MY	02	-	3300	71800	SBN-NL-NLI
10980	7005	903	04012016	064907	-	EM911288273MY	02	-	4715	71700	SBN-NL-NLI
10980	7005	903	04012016	065004	-	EH089750396MY	02	-	2400	85200	SBN-BH-SGT
10980	7005	903	04012016	065026	-	EF513201591MY	02	-	4609	75200	SBN-MK-MKZ
10980	7005	903	04012016	065054	-	EM905122646MY	02	-	4609	71700	SBN-NL-NLI
10980	7005	903	04012016	065108	-	EP201522114MY	02	-	8151	71760	SBN-NL-NLI
10980	7005	903	04012016	065148	-	EM905117080MY	02	-	6100	71700	SBN-NL-NLI
10980	7005	903	04012016	065210	-	EP177128567MY	02	-	3600	71900	SBN-NL-NLI
10980	7005	903	04012016	065243	-	EN038235249MY	02	-	8135	71200	SBN-PD-PDI
10980	7005	903	04012016	065319	-	EH131201464MY	02	-	8500	73100	SBN-BH-BHU
10980	7005	903	04012016	065340	-	EM904954740MY	02	-	4609	71050	SBN-PD-PDI
10980	7005	903	04012016	065356	-	EM905097884MY	02	-	4609	71050	SBN-PD-PDI
10980	7005	903	04012016	065936	-	EN001927122MY	02	-	8135	72300	SBN-BH-BHU
10980	7005	903	04012016	070007	-	EP204160343MY	02	-	4300	72100	SBN-BH-BHU
10980	7005	903	04012016	070028	-	EM904316455MY	02	-	4609	72100	SBN-BH-BHU
10980	7005	903	04012016	070045	-	EP100934093MY	02	-	8170	71500	SBN-BH-BHU
10980	7005	903	04012016	070100	-	EN052655919MY	02	-	4609	73500	SBN-BH-BHU
10980	7005	903	04012016	070123	-	EH098656456MY	02	-	2000	71200	SBN-PD-PDI
10980	7005	903	04012016	070140	-	EM905111970MY	02	-	4609	71000	SBN-PD-PDI
10980	7005	903	04012016	070240	-	EP153076255MY	02	-	8135	86100	SBN-BP-AYT
10980	7005	903	04012016	070300	-	EH044943388MY	02	-	8135	71700	SBN-NL-NLI
10980	7005	903	04012016	070312	-	EH128776830MY	02	-	0700	71900	SBN-NL-NLI
10980	7005	903	04012016	070501	-	EM911284651MY	02	-	4715	71950	SBN-NL-NLI
10980	7005	903	04012016	070524	-	EP131880885MY	02	-	8135	71760	SBN-NL-NLI
10980	7005	903	04012016	070543	-	EP159398421MY	02	-	8170	71750	SBN-NL-NLI
10980	7005	903	04012016	070601	-	EP132152380MY	02	-	8135	83200	SBN-JB-BPT
10980	7005	903	04012016	070654	-	EM905077200MY	02	-	4715	71750	SBN-NL-NLI
10980	7005	903	04012016	070729	-	EH122011515MY	02	-	8135	71950	SBN-NL-NLI
10980	7005	903	04012016	070754	-	EM904318933MY	02	-	4715	71800	SBN-NL-NLI
10980	7005	903	04012016	070823	-	EH096087686MY	02	-	8500	71950	SBN-NL-NLI
10980	7005	903	04012016	071013	-	EM904312811MY	02	-	4715	71500	SBN-BH-BHU
10980	7005	903	04012016	075023	-	EH128681845MY	02	-	6815	72000	SBN-BH-BHU
10980	7005	903	04012016	075056	-	EH021718083MY	02	-	6815	72000	SBN-BH-BHU
10980	7005	903	04012016	075121	-	EH020823774MY	02	-	6815	72100	SBN-BH-BHU
10980	7005	903	04012016	075146	-	EP133505980MY	02	-	1851	73100	SBN-BH-BHU
10980	7005	903	04012016	075222	-	EH034593002MY	02	-	8135	71960	SBN-PD-PDI
10980	7005	903	04012016	075240	-	EN041645487MY	02	-	1701	71050	SBN-PD-PDI
10980	7005	903	04012016	075314	-	EN079206825MY	02	-	6815	72000	SBN-BH-BHU
10980	7005	903	04012016	075334	-	EP175371382MY	02	-	6815	71900	SBN-NL-NLI
10980	7005	903	04012016	075353	-	EM905061814MY	02	-	4715	71800	SBN-NL-NLI
10980	7005	903	04012016	075356	-	EM905093220MY	02	-	4715	71800	SBN-NL-NLI
10980	7005	903	04012016	075400	-	EM905115367MY	02	-	4715	71800	SBN-NL-NLI
10980	7005	903	04012016	075404	-	EM905082244MY	02	-	4715	71800	SBN-NL-NLI
10980	7005	903	04012016	075412	-	EM905227584MY	02	-	4715	71800	SBN-NL-NLI
10980	7005	903	04012016	075417	-	EM905040142MY	02	-	4715	71800	SBN-NL-NLI
10980	7005	903	04012016	075420	-	EM905075345MY	02	-	4715	71800	SBN-NL-NLI
10980	7005	903	04012016	075425	-	EM905102902MY	02	-	4715	71800	SBN-NL-NLI
10980	7005	903	04012016	075433	-	EM905074910MY	02	-	4715	71800	SBN-NL-NLI
10980	7005	903	04012016	075436	-	EM905102669MY	02	-	4715	71800	SBN-NL-NLI
10980	7005	903	04012016	075440	-	EM905068738MY	02	-	4715	71800	SBN-NL-NLI
10980	7005	903	04012016	075513	-	EP152954601MY	02	-	8135	71900	SBN-NL-NLI
10980	7005	903	04012016	075534	-	EH046759716MY	02	-	8135	71900	SBN-NL-NLI
10980	7005	903	04012016	075552	-	EP166874143MY	02	-	1851	71760	SBN-NL-NLI
10980	7005	903	04012016	075633	-	EH027760985MY	02	-	2510	71950	SBN-NL-NLI
10980	7005	903	04012016	075650	-	EM905323285MY	02	-	4715	71700	SBN-NL-NLI
10980	7005	903	04012016	075742	-	EF755121625MY	02	-	1701	71750	SBN-NL-NLI
10980	7005	903	04012016	075854	-	EH118341263MY	02	-	1701	72000	SBN-BH-BHU
10980	7005	903	04012016	075925	-	EN036927281MY	02	-	0901	71950	SBN-NL-NLI
10980	7005	903	04012016	075953	-	EH001416353MY	02	-	1851	71750	SBN-NL-NLI
10980	7005	903	04012016	080027	-	EH107356488MY	02	-	7500	73100	SBN-BH-BHU
10980	7005	903	04012016	080045	-	EH106183083MY	02	-	4300	71760	SBN-NL-NLI
10980	7005	903	04012016	080100	-	EH043707900MY	02	-	2000	71010	SBN-PD-PDI
