32557	4300	701	04012016	061906	-	EH085622958MY	01	-	8609	43300	BBB-BL-BLK
32557	4300	701	04012016	061928	-	EF749958318MY	01	-	2804	43300	BBB-BL-BLK
32557	4300	701	04012016	062008	-	EH133721153MY	02	-	3400	43300	BBB-BL-BLK
32557	4300	701	04012016	062030	-	EN065190459MY	02	-	4029	43300	BBB-BL-BLK
32557	4300	701	04012016	062054	-	EH126390898MY	02	-	4029	43300	BBB-BL-BLK
32557	4300	701	04012016	062112	-	EM905076805MY	02	-	4029	43300	BBB-BL-BLK
32557	4300	701	04012016	062138	-	EH008229752MY	02	-	4029	43300	BBB-BL-BLK
32557	4300	701	04012016	062203	-	EH134526725MY	01	-	7214	43300	BBB-BL-BLK
32557	4300	701	04012016	062234	-	EN009952627MY	02	-	7185	43100	BBB-BL-BLK
32557	4300	701	04012016	062341	-	EP178729276MY	02	-	8302	43300	BBB-BL-BLK
32557	4300	701	04012016	062453	-	EH139649103MY	02	-	4029	43300	BBB-BL-BLK
32557	4300	701	04012016	062508	-	EF851117115MY	02	-	3400	43300	BBB-BL-BLK
32557	4300	701	04012016	062634	-	EH125337009MY	01	-	0500	43300	BBB-BL-BLK
32557	4300	701	04012016	062726	-	EP192027680MY	02	-	0805	43400	BBB-BL-BLK
32557	4300	701	04012016	062749	-	EN062297717MY	02	-	4029	43400	BBB-BL-BLK
32557	4300	701	04012016	062801	-	CD319412148MY	02	-	8800	43300	BBB-BL-BLK
32557	4300	701	04012016	062918	-	EP148675217MY	02	-	1500	45000	BBB-SW-XKS
32557	4300	701	04012016	063041	-	EH118730776MY	02	-	8192	40000	BBB-SA-SHA
32557	4300	701	04012016	063230	-	EN078180954MY	02	-	1200	40000	BBB-SA-SHA
32557	4300	701	04012016	063302	-	EH105413580MY	02	-	1400	42000	BBB-SA-PKG
32557	4300	701	04012016	063327	-	EN008970139MY	02	-	3400	42300	BBB-SA-XKS
32557	4300	701	04012016	063418	-	EH069034406MY	02	-	6815	43800	BBB-BA-BAN
32557	4300	701	04012016	063438	-	EP183453049MY	02	-	1400	42000	BBB-SA-PKG
32557	4300	701	04012016	065209	-	EN077315638MY	01	-	4029	62000	BBB-PT-PUT
32557	4300	701	04012016	065414	-	EH000949767MY	01	-	5009	43900	BBB-NL-NLI
