02	31348	4609	888	01012016	145824	8800400431	T100361	EM905221119MY	82000	0.500	1	01	01	-	-	-	-	02	-	0	1	-	-	-	-	PJS-JB-JPN	0.500	0.000	-	-	0.000	0.00	N	N	T100361
02	31348	4609	888	01012016	145859	8800400431	T100361	EM905221003MY	55100	0.500	1	01	01	-	-	-	-	02	-	0	1	-	-	-	-	PJS-KL-CAS	0.500	0.000	-	-	0.000	0.00	N	N	T100361
02	31348	4609	888	01012016	145918	8800400431	T100361	EM905221122MY	43000	0.500	1	01	01	-	-	-	-	02	-	0	1	-	-	-	-	PJS-BB-BBB	0.500	0.000	-	-	0.000	0.00	N	N	T100361
02	31348	4609	888	01012016	145934	8800400431	T100361	EM905216595MY	97000	0.500	1	01	01	-	-	-	-	02	-	0	1	-	-	-	-	PJS-KC-BTU	0.500	0.000	-	-	0.000	0.00	N	N	T100361
02	31348	4609	888	01012016	145948	8800400431	T100361	EM905033932MY	46300	0.500	1	01	01	-	-	-	-	02	-	0	1	-	-	-	-	PJS-PJ-PJS	0.500	0.000	-	-	0.000	0.00	N	N	T100361
02	31348	4609	888	01012016	150004	8800400431	T100361	EM905226221MY	90000	0.500	1	01	01	-	-	-	-	02	-	0	1	-	-	-	-	PJS-SD-SDK	0.500	0.000	-	-	0.000	0.00	N	N	T100361
02	31348	4609	888	01012016	150025	8800400431	T100361	EM905216873MY	53100	1.700	1	01	01	-	-	-	-	01	-	0	1	-	-	-	-	PJS-KL-BBC	1.700	0.000	-	-	0.000	0.00	N	N	T100361
02	31348	4609	888	01012016	150051	8800400431	T100361	EM905034270MY	16200	0.500	1	01	01	-	-	-	-	02	-	0	1	-	-	-	-	PJS-KB-PMS	0.500	0.000	-	-	0.000	0.00	N	N	T100361
02	31348	4609	888	01012016	150113	8800400431	T100361	EM905306675MY	40150	0.500	1	01	01	-	-	-	-	02	-	0	1	-	-	-	-	PJS-SA-SHA	0.500	0.000	-	-	0.000	0.00	N	N	T100361
02	31348	4609	888	01012016	150126	8800400431	T100361	EM905033067MY	93350	0.500	1	01	01	-	-	-	-	02	-	0	1	-	-	-	-	PJS-KC-KCH	0.500	0.000	-	-	0.000	0.00	N	N	T100361
02	31348	4609	888	01012016	150144	8800400431	T100361	EM905215467MY	91025	0.500	1	01	01	-	-	-	-	02	-	0	1	-	-	-	-	PJS-KK-TWU	0.500	0.000	-	-	0.000	0.00	N	N	T100361
02	31348	4609	888	01012016	150213	8800400431	T100361	EM905308230MY	08300	0.500	1	01	01	-	-	-	-	02	-	0	1	-	-	-	-	PJS-AS-SPI	0.500	0.000	-	-	0.000	0.00	N	N	T100361
02	31348	4609	888	01012016	150225	8800400431	T100361	EM905042470MY	47820	0.500	1	01	01	-	-	-	-	02	-	0	1	-	-	-	-	PJS-KD-KDS	0.500	0.000	-	-	0.000	0.00	N	N	T100361
02	31348	4609	888	01012016	150240	8800400431	T100361	EM905308393MY	10450	0.500	1	01	01	-	-	-	-	02	-	0	1	-	-	-	-	PJS-PE-PEN	0.500	0.000	-	-	0.000	0.00	N	N	T100361
02	31348	4609	888	01012016	150251	8800400431	T100361	EM905215348MY	83400	0.500	1	01	01	-	-	-	-	02	-	0	1	-	-	-	-	PJS-JB-BPT	0.500	0.000	-	-	0.000	0.00	N	N	T100361
02	31348	4609	888	01012016	150305	8800400431	T100361	EM905316046MY	40000	0.500	1	01	01	-	-	-	-	02	-	0	1	-	-	-	-	PJS-SA-SHA	0.500	0.000	-	-	0.000	0.00	N	N	T100361
02	31348	4609	888	01012016	150317	8800400431	T100361	EM905050913MY	43900	0.500	1	01	01	-	-	-	-	02	-	0	1	-	-	-	-	PJS-NL-NLI	0.500	0.000	-	-	0.000	0.00	N	N	T100361
02	31348	4609	888	01012016	150327	8800400431	T100361	EM905042112MY	59200	0.500	1	01	01	-	-	-	-	02	-	0	1	-	-	-	-	PJS-KL-KUL	0.500	0.000	-	-	0.000	0.00	N	N	T100361
02	31348	4609	888	01012016	150353	8800400431	T100361	EM905312659MY	24000	0.500	1	01	01	-	-	-	-	02	-	0	1	-	-	-	-	PJS-TG-CKI	0.500	0.000	-	-	0.000	0.00	N	N	T100361
02	31348	4609	888	01012016	150405	8800400431	T100361	EM905051539MY	16600	0.500	1	01	01	-	-	-	-	02	-	0	1	-	-	-	-	PJS-KB-DMC	0.500	0.000	-	-	0.000	0.00	N	N	T100361
02	31348	4609	888	01012016	150414	8800400431	T100361	EM905047582MY	41050	0.500	1	01	01	-	-	-	-	02	-	0	1	-	-	-	-	PJS-SA-PKG	0.500	0.000	-	-	0.000	0.00	N	N	T100361
02	31348	4609	888	01012016	150426	8800400431	T100361	EM905047993MY	96000	0.500	1	01	01	-	-	-	-	02	-	0	1	-	-	-	-	PJS-KC-SBW	0.500	0.000	-	-	0.000	0.00	N	N	T100361
02	31348	4609	888	01012016	150441	8800400431	T100361	EM905051825MY	80200	0.500	1	01	01	-	-	-	-	02	-	0	1	-	-	-	-	PJS-JB-JHB	0.500	0.000	-	-	0.000	0.00	N	N	T100361
02	31348	4609	888	01012016	150453	8800400431	T100361	EM905306415MY	11900	0.500	1	01	01	-	-	-	-	02	-	0	1	-	-	-	-	PJS-PE-ZJR	0.500	0.000	-	-	0.000	0.00	N	N	T100361
02	31348	4609	888	01012016	150507	8800400431	T100361	EM905225760MY	41050	0.500	1	01	01	-	-	-	-	02	-	0	1	-	-	-	-	PJS-SA-PKG	0.500	0.000	-	-	0.000	0.00	N	N	T100361
02	31348	4609	888	01012016	150519	8800400431	T100361	EM905321647MY	47800	0.500	1	01	01	-	-	-	-	02	-	0	1	-	-	-	-	PJS-KD-KDS	0.500	0.000	-	-	0.000	0.00	N	N	T100361
02	31348	4609	888	01012016	150531	8800400431	T100361	EM905038957MY	25200	0.500	1	01	01	-	-	-	-	02	-	0	1	-	-	-	-	PJS-KU-KUA	0.500	0.000	-	-	0.000	0.00	N	N	T100361
02	31348	4609	888	01012016	150541	8800400431	T100361	EM905226575MY	81900	0.500	1	01	01	-	-	-	-	02	-	0	1	-	-	-	-	PJS-JB-KTI	0.500	0.000	-	-	0.000	0.00	N	N	T100361
02	31348	4609	888	01012016	150552	8800400431	T100361	EM905324039MY	35000	0.500	1	01	01	-	-	-	-	02	-	0	1	-	-	-	-	PJS-IP-TPH	0.500	0.000	-	-	0.000	0.00	N	N	T100361
02	31348	4609	888	01012016	150605	8800400431	T100361	EM905308291MY	91000	0.500	1	01	01	-	-	-	-	02	-	0	1	-	-	-	-	PJS-KK-TWU	0.500	0.000	-	-	0.000	0.00	N	N	T100361
02	31348	4609	888	01012016	150622	8800400431	T100361	EM905308124MY	06800	0.500	1	01	01	-	-	-	-	02	-	0	1	-	-	-	-	PJS-AS-AOR	0.500	0.000	-	-	0.000	0.00	N	N	T100361
02	31348	4609	888	01012016	150632	8800400431	T100361	EM905322727MY	55000	0.500	1	01	01	-	-	-	-	02	-	0	1	-	-	-	-	PJS-KL-CAS	0.500	0.000	-	-	0.000	0.00	N	N	T100361
02	31348	4609	888	01012016	150644	8800400431	T100361	EM905042364MY	88675	0.500	1	01	01	-	-	-	-	02	-	0	1	-	-	-	-	PJS-KK-BKI	0.500	0.000	-	-	0.000	0.00	N	N	T100361
02	31348	4609	888	01012016	150700	8800400431	T100361	EM905048340MY	47100	0.500	1	01	01	-	-	-	-	02	-	0	1	-	-	-	-	PJS-PC-POC	0.500	0.000	-	-	0.000	0.00	N	N	T100361
02	31348	4609	888	01012016	150713	8800400431	T100361	EM905226270MY	40160	0.500	1	01	01	-	-	-	-	02	-	0	1	-	-	-	-	PJS-SA-SHA	0.500	0.000	-	-	0.000	0.00	N	N	T100361
02	31348	4609	888	01012016	150725	8800400431	T100361	EM905031035MY	64000	0.500	1	01	01	-	-	-	-	02	-	0	1	-	-	-	-	PJS-NL-NLI	0.500	0.000	-	-	0.000	0.00	N	N	T100361
02	31348	4609	888	01012016	150738	8800400431	T100361	EM905322130MY	68000	0.500	1	01	01	-	-	-	-	02	-	0	1	-	-	-	-	PJS-KL-CAS	0.500	0.000	-	-	0.000	0.00	N	N	T100361
02	31348	4609	888	01012016	150753	8800400431	T100361	EM905323149MY	50100	0.500	1	01	01	-	-	-	-	02	-	0	1	-	-	-	-	PJS-KL-KUL	0.500	0.000	-	-	0.000	0.00	N	N	T100361
02	31348	4609	888	01012016	150804	8800400431	T100361	EM905308274MY	21300	0.500	1	01	01	-	-	-	-	02	-	0	1	-	-	-	-	PJS-TG-TGG	0.500	0.000	-	-	0.000	0.00	N	N	T100361
02	31348	4609	888	01012016	150815	8800400431	T100361	EM905040814MY	43700	0.500	1	01	01	-	-	-	-	02	-	0	1	-	-	-	-	PJS-BB-BBB	0.500	0.000	-	-	0.000	0.00	N	N	T100361
02	31348	4609	888	01012016	150827	8800400431	T100361	EM905046573MY	02600	0.500	1	01	01	-	-	-	-	02	-	0	1	-	-	-	-	PJS-AS-KGR	0.500	0.000	-	-	0.000	0.00	N	N	T100361
02	31348	4609	888	01012016	150900	8800400431	T100361	EM905047049MY	93590	0.500	1	01	01	-	-	-	-	02	-	0	1	-	-	-	-	PJS-KC-KCH	0.500	0.000	-	-	0.000	0.00	N	N	T100361
02	31348	4609	888	01012016	150912	8800400431	T100361	EM905226252MY	71800	0.500	1	01	01	-	-	-	-	02	-	0	1	-	-	-	-	PJS-NL-NLI	0.500	0.000	-	-	0.000	0.00	N	N	T100361
02	31348	4609	888	01012016	150922	8800400431	T100361	EM905046600MY	56000	0.500	1	01	01	-	-	-	-	02	-	0	1	-	-	-	-	PJS-KL-CAS	0.500	0.000	-	-	0.000	0.00	N	N	T100361
02	31348	4609	888	01012016	150933	8800400431	T100361	EM905323308MY	71800	0.500	1	01	01	-	-	-	-	02	-	0	1	-	-	-	-	PJS-NL-NLI	0.500	0.000	-	-	0.000	0.00	N	N	T100361
02	31348	4609	888	01012016	151011	8800400431	T100361	EM905033800MY	43900	0.500	1	01	01	-	-	-	-	02	-	0	1	-	-	-	-	PJS-NL-NLI	0.500	0.000	-	-	0.000	0.00	N	N	T100361
02	31348	4609	888	01012016	151027	8800400431	T100361	EM905226235MY	14000	0.500	1	01	01	-	-	-	-	02	-	0	1	-	-	-	-	PJS-PE-BMJ	0.500	0.000	-	-	0.000	0.00	N	N	T100361
02	31348	4609	888	01012016	151038	8800400431	T100361	EM905222012MY	13600	0.500	1	01	01	-	-	-	-	02	-	0	1	-	-	-	-	PJS-PE-BWH	0.500	0.000	-	-	0.000	0.00	N	N	T100361
02	31348	4609	888	01012016	151112	8800400431	T100361	EM905052534MY	75250	0.500	1	01	01	-	-	-	-	02	-	0	1	-	-	-	-	PJS-MK-MKZ	0.500	0.000	-	-	0.000	0.00	N	N	T100361
02	31348	4609	888	01012016	151140	8800400431	T100361	EM905225433MY	50450	0.500	1	01	01	-	-	-	-	02	-	0	1	-	-	-	-	PJS-KL-KUL	0.500	0.000	-	-	0.000	0.00	N	N	T100361
02	31348	4609	888	01012016	151207	8800400431	T100361	EM905048282MY	08000	0.500	1	01	01	-	-	-	-	02	-	0	1	-	-	-	-	PJS-AS-SPI	0.500	0.000	-	-	0.000	0.00	N	N	T100361
02	31348	4609	888	01012016	151247	8800400431	T100361	EM905046437MY	90000	0.500	1	01	01	-	-	-	-	02	-	0	1	-	-	-	-	PJS-SD-SDK	0.500	0.000	-	-	0.000	0.00	N	N	T100361
02	31348	4609	888	01012016	151311	8800400431	T100361	EM905050944MY	47800	0.500	1	01	01	-	-	-	-	02	-	0	1	-	-	-	-	PJS-KD-KDS	0.500	0.000	-	-	0.000	0.00	N	N	T100361
02	31348	4609	888	01012016	151325	8800400431	T100361	EM905042143MY	05200	0.500	1	01	01	-	-	-	-	02	-	0	1	-	-	-	-	PJS-AS-AOR	0.500	0.000	-	-	0.000	0.00	N	N	T100361
02	31348	4609	888	01012016	151340	8800400431	T100361	EM905324881MY	68100	0.500	1	01	01	-	-	-	-	02	-	0	1	-	-	-	-	PJS-KL-BBC	0.500	0.000	-	-	0.000	0.00	N	N	T100361
02	31348	4609	888	01012016	151356	8800400431	T100361	EM905037086MY	52200	0.500	1	01	01	-	-	-	-	02	-	0	1	-	-	-	-	PJS-KE-KEP	0.500	0.000	-	-	0.000	0.00	N	N	T100361
02	31348	4609	888	01012016	151406	8800400431	T100361	EM905051057MY	33400	0.500	1	01	01	-	-	-	-	02	-	0	1	-	-	-	-	PJS-IP-KKS	0.500	0.000	-	-	0.000	0.00	N	N	T100361
02	31348	4609	888	01012016	151419	8800400431	T100361	EM905051216MY	47650	0.500	1	01	01	-	-	-	-	02	-	0	1	-	-	-	-	PJS-PC-POC	0.500	0.000	-	-	0.000	0.00	N	N	T100361
02	31348	4609	888	01012016	151429	8800400431	T100361	EM905047738MY	40000	0.500	1	01	01	-	-	-	-	02	-	0	1	-	-	-	-	PJS-SA-SHA	0.500	0.000	-	-	0.000	0.00	N	N	T100361
02	31348	4609	888	01012016	151445	8800400431	T100361	EM905042894MY	98200	0.500	1	01	01	-	-	-	-	02	-	0	1	-	-	-	-	PJS-MY-MYY	0.500	0.000	-	-	0.000	0.00	N	N	T100361
02	31348	4609	888	01012016	151455	8800400431	T100361	EM905318135MY	47300	0.500	1	01	01	-	-	-	-	02	-	0	1	-	-	-	-	PJS-PJ-PJS	0.500	0.000	-	-	0.000	0.00	N	N	T100361
02	31348	4609	888	01012016	151504	8800400431	T100361	EM905032353MY	50588	0.500	1	01	01	-	-	-	-	02	-	0	1	-	-	-	-	PJS-KL-KUL	0.500	0.000	-	-	0.000	0.00	N	N	T100361
02	31348	4609	888	01012016	151733	8800400431	T100361	EM905041908MY	06650	0.500	1	01	01	-	-	-	-	02	-	0	1	-	-	-	-	PJS-AS-AOR	0.500	0.000	-	-	0.000	0.00	N	N	T100361
02	31348	4609	888	01012016	151743	8800400431	T100361	EM905315584MY	57100	0.500	1	01	01	-	-	-	-	02	-	0	1	-	-	-	-	PJS-KL-CAS	0.500	0.000	-	-	0.000	0.00	N	N	T100361
02	31348	4609	888	01012016	151752	8800400431	T100361	EM905324569MY	02600	0.500	1	01	01	-	-	-	-	02	-	0	1	-	-	-	-	PJS-AS-KGR	0.500	0.000	-	-	0.000	0.00	N	N	T100361
02	31348	4609	888	01012016	151802	8800400431	T100361	EM905224818MY	68100	0.500	1	01	01	-	-	-	-	02	-	0	1	-	-	-	-	PJS-KL-BBC	0.500	0.000	-	-	0.000	0.00	N	N	T100361
02	31348	4609	888	01012016	151810	8800400431	T100361	EM905038489MY	93050	0.500	1	01	01	-	-	-	-	02	-	0	1	-	-	-	-	PJS-KC-KCH	0.500	0.000	-	-	0.000	0.00	N	N	T100361
02	31348	4609	888	01012016	151819	8800400431	T100361	EM905045895MY	96000	0.500	1	01	01	-	-	-	-	02	-	0	1	-	-	-	-	PJS-KC-SBW	0.500	0.000	-	-	0.000	0.00	N	N	T100361
02	31348	4609	888	01012016	151829	8800400431	T100361	EM905322832MY	05350	0.500	1	01	01	-	-	-	-	02	-	0	1	-	-	-	-	PJS-AS-AOR	0.500	0.000	-	-	0.000	0.00	N	N	T100361
02	31348	4609	888	01012016	151842	8800400431	T100361	EM905199438MY	80050	0.500	1	01	01	-	-	-	-	02	-	0	1	-	-	-	-	PJS-JB-JHB	0.500	0.000	-	-	0.000	0.00	N	N	T100361
02	31348	4609	888	01012016	151855	8800400431	T100361	EM905322789MY	93050	0.500	1	01	01	-	-	-	-	02	-	0	1	-	-	-	-	PJS-KC-KCH	0.500	0.000	-	-	0.000	0.00	N	N	T100361
02	31348	4609	888	01012016	151903	8800400431	T100361	EM905214991MY	23100	0.500	1	01	01	-	-	-	-	02	-	0	1	-	-	-	-	PJS-TG-DGN	0.500	0.000	-	-	0.000	0.00	N	N	T100361
02	31348	4609	888	01012016	151912	8800400431	T100361	EM905078386MY	68100	0.500	1	01	01	-	-	-	-	02	-	0	1	-	-	-	-	PJS-KL-BBC	0.500	0.000	-	-	0.000	0.00	N	N	T100361
02	31348	4609	888	01012016	151919	8800400431	T100361	EM905077655MY	48050	0.500	1	01	01	-	-	-	-	02	-	0	1	-	-	-	-	PJS-KD-KDS	0.500	0.000	-	-	0.000	0.00	N	N	T100361
02	31348	4609	888	01012016	151941	8800400431	T100361	EM905201220MY	48000	0.500	1	01	01	-	-	-	-	02	-	0	1	-	-	-	-	PJS-KL-RWA	0.500	0.000	-	-	0.000	0.00	N	N	T100361
02	31348	4609	888	01012016	151958	8800400431	T100361	EM905319802MY	91000	0.500	1	01	01	-	-	-	-	02	-	0	1	-	-	-	-	PJS-KK-TWU	0.500	0.000	-	-	0.000	0.00	N	N	T100361
02	31348	4609	888	01012016	152007	8800400431	T100361	EM905077672MY	55300	0.500	1	01	01	-	-	-	-	02	-	0	1	-	-	-	-	PJS-KL-CAS	0.500	0.000	-	-	0.000	0.00	N	N	T100361
02	31348	4609	888	01012016	152017	8800400431	T100361	EM905066343MY	46150	0.500	1	01	01	-	-	-	-	02	-	0	1	-	-	-	-	PJS-PJ-PJS	0.500	0.000	-	-	0.000	0.00	N	N	T100361
02	31348	4609	888	01012016	152100	8800400431	T100361	EM905050153MY	06010	0.500	1	01	01	-	-	-	-	02	-	0	1	-	-	-	-	PJS-AS-KJT	0.500	0.000	-	-	0.000	0.00	N	N	T100361
02	31348	4609	888	01012016	152114	8800400431	T100361	EM905065113MY	46150	0.500	1	01	01	-	-	-	-	02	-	0	1	-	-	-	-	PJS-PJ-PJS	0.500	0.000	-	-	0.000	0.00	N	N	T100361
02	31348	4609	888	01012016	152123	8800400431	T100361	EM905327874MY	50480	0.500	1	01	01	-	-	-	-	02	-	0	1	-	-	-	-	PJS-KL-KUL	0.500	0.000	-	-	0.000	0.00	N	N	T100361
02	31348	4609	888	01012016	152132	8800400431	T100361	EM905062695MY	54000	0.500	1	01	01	-	-	-	-	02	-	0	1	-	-	-	-	PJS-KL-KUL	0.500	0.000	-	-	0.000	0.00	N	N	T100361
02	31348	4609	888	01012016	152152	8800400431	T100361	EM905066326MY	18000	0.500	1	01	01	-	-	-	-	02	-	0	1	-	-	-	-	PJS-KB-DMC	0.500	0.000	-	-	0.000	0.00	N	N	T100361
02	31348	4609	888	01012016	152233	8800400431	T100361	EM905074150MY	11700	0.500	1	01	01	-	-	-	-	02	-	0	1	-	-	-	-	PJS-PE-PEN	0.500	0.000	-	-	0.000	0.00	N	N	T100361
02	31348	4609	888	01012016	152253	8800400431	T100361	EM905066357MY	34300	0.500	1	01	01	-	-	-	-	02	-	0	1	-	-	-	-	PJS-IP-TPG	0.500	0.000	-	-	0.000	0.00	N	N	T100361
02	31348	4609	888	01012016	152306	8800400431	T100361	EM905185102MY	43300	0.500	1	01	01	-	-	-	-	02	-	0	1	-	-	-	-	PJS-BL-BLK	0.500	0.000	-	-	0.000	0.00	N	N	T100361
02	31348	4609	888	01012016	152313	8800400431	T100361	EM905071312MY	88000	0.500	1	01	01	-	-	-	-	02	-	0	1	-	-	-	-	PJS-KK-BKI	0.500	0.000	-	-	0.000	0.00	N	N	T100361
02	31348	4609	888	01012016	152323	8800400431	T100361	EM905050122MY	72400	0.500	1	01	01	-	-	-	-	02	-	0	1	-	-	-	-	PJS-BH-BHU	0.500	0.000	-	-	0.000	0.00	N	N	T100361
02	31348	4609	888	01012016	152336	8800400431	T100361	EM905054929MY	88596	0.500	1	01	01	-	-	-	-	02	-	0	1	-	-	-	-	PJS-KK-BKI	0.500	0.000	-	-	0.000	0.00	N	N	T100361
02	31348	4609	888	01012016	152347	8800400431	T100361	EM905056068MY	68100	0.500	1	01	01	-	-	-	-	02	-	0	1	-	-	-	-	PJS-KL-BBC	0.500	0.000	-	-	0.000	0.00	N	N	T100361
02	31348	4609	888	01012016	152358	8800400431	T100361	EM905079055MY	42000	0.500	1	01	01	-	-	-	-	02	-	0	1	-	-	-	-	PJS-SA-PKG	0.500	0.000	-	-	0.000	0.00	N	N	T100361
02	31348	4609	888	01012016	152411	8800400431	T100361	EM905323926MY	70400	0.500	1	01	01	-	-	-	-	02	-	0	1	-	-	-	-	PJS-BH-SBN	0.500	0.000	-	-	0.000	0.00	N	N	T100361
02	31348	4609	888	01012016	152421	8800400431	T100361	EM905227195MY	50400	0.500	1	01	01	-	-	-	-	02	-	0	1	-	-	-	-	PJS-KL-KUL	0.500	0.000	-	-	0.000	0.00	N	N	T100361
02	31348	4609	888	01012016	152429	8800400431	T100361	EM905050224MY	14300	0.500	1	01	01	-	-	-	-	02	-	0	1	-	-	-	-	PJS-PE-BMJ	0.500	0.000	-	-	0.000	0.00	N	N	T100361
02	31348	4609	888	01012016	152444	8800400431	T100361	EM905328146MY	23000	0.500	1	01	01	-	-	-	-	02	-	0	1	-	-	-	-	PJS-TG-DGN	0.500	0.000	-	-	0.000	0.00	N	N	T100361
02	31348	4609	888	01012016	152453	8800400431	T100361	EM905050198MY	42920	0.500	1	01	01	-	-	-	-	02	-	0	1	-	-	-	-	PJS-SA-PKG	0.500	0.000	-	-	0.000	0.00	N	N	T100361
02	31348	4609	888	01012016	152503	8800400431	T100361	EM905063885MY	88200	0.500	1	01	01	-	-	-	-	02	-	0	1	-	-	-	-	PJS-KK-BKI	0.500	0.000	-	-	0.000	0.00	N	N	T100361
02	31348	4609	888	01012016	152515	8800400431	T100361	EM905054875MY	57000	0.500	1	01	01	-	-	-	-	02	-	0	1	-	-	-	-	PJS-KL-CAS	0.500	0.000	-	-	0.000	0.00	N	N	T100361
02	31348	4609	888	01012016	152526	8800400431	T100361	EM905323841MY	18300	0.500	1	01	01	-	-	-	-	02	-	0	1	-	-	-	-	PJS-KB-GMG	0.500	0.000	-	-	0.000	0.00	N	N	T100361
02	31348	4609	888	01012016	152534	8800400431	T100361	EM905206765MY	93450	0.500	1	01	01	-	-	-	-	02	-	0	1	-	-	-	-	PJS-KC-KCH	0.500	0.000	-	-	0.000	0.00	N	N	T100361
02	31348	4609	888	01012016	152542	8800400431	T100361	EM905056045MY	47170	0.500	1	01	01	-	-	-	-	02	-	0	1	-	-	-	-	PJS-PC-POC	0.500	0.000	-	-	0.000	0.00	N	N	T100361
02	31348	4609	888	01012016	152549	8800400431	T100361	EM905055045MY	97000	0.500	1	01	01	-	-	-	-	02	-	0	1	-	-	-	-	PJS-KC-BTU	0.500	0.000	-	-	0.000	0.00	N	N	T100361
02	31348	4609	888	01012016	152556	8800400431	T100361	EM905316390MY	34600	0.500	1	01	01	-	-	-	-	02	-	0	1	-	-	-	-	PJS-IP-TPG	0.500	0.000	-	-	0.000	0.00	N	N	T100361
02	31348	4609	888	01012016	152605	8800400431	T100361	EM905324855MY	32610	0.500	1	01	01	-	-	-	-	02	-	0	1	-	-	-	-	PJS-SW-SWY	0.500	0.000	-	-	0.000	0.00	N	N	T100361
02	31348	4609	888	01012016	152614	8800400431	T100361	EM905054892MY	21100	0.500	1	01	01	-	-	-	-	02	-	0	1	-	-	-	-	PJS-TG-TGG	0.500	0.000	-	-	0.000	0.00	N	N	T100361
02	31348	4609	888	01012016	152624	8800400431	T100361	EM905034164MY	34200	0.500	1	01	01	-	-	-	-	02	-	0	1	-	-	-	-	PJS-IP-TPG	0.500	0.000	-	-	0.000	0.00	N	N	T100361
02	31348	4609	888	01012016	152633	8800400431	T100361	EM905328203MY	50200	0.500	1	01	01	-	-	-	-	02	-	0	1	-	-	-	-	PJS-KL-KUL	0.500	0.000	-	-	0.000	0.00	N	N	T100361
02	31348	4609	888	01012016	152643	8800400431	T100361	EM905039816MY	50470	0.500	1	01	01	-	-	-	-	02	-	0	1	-	-	-	-	PJS-KL-KUL	0.500	0.000	-	-	0.000	0.00	N	N	T100361
02	31348	4609	888	01012016	152652	8800400431	T100361	EM905323815MY	11700	0.500	1	01	01	-	-	-	-	02	-	0	1	-	-	-	-	PJS-PE-PEN	0.500	0.000	-	-	0.000	0.00	N	N	T100361
02	31348	4609	888	01012016	152659	8800400431	T100361	EM905328185MY	47130	0.500	1	01	01	-	-	-	-	02	-	0	1	-	-	-	-	PJS-PC-POC	0.500	0.000	-	-	0.000	0.00	N	N	T100361
02	31348	4609	888	01012016	152710	8800400431	T100361	EM905038152MY	31400	0.500	1	01	01	-	-	-	-	02	-	0	1	-	-	-	-	PJS-IP-IPH	0.500	0.000	-	-	0.000	0.00	N	N	T100361
02	31348	4609	888	01012016	152717	8800400431	T100361	EM905054861MY	57000	0.500	1	01	01	-	-	-	-	02	-	0	1	-	-	-	-	PJS-KL-CAS	0.500	0.000	-	-	0.000	0.00	N	N	T100361
02	31348	4609	888	01012016	152731	8800400431	T100361	EM905054075MY	97008	0.500	1	01	01	-	-	-	-	02	-	0	1	-	-	-	-	PJS-KC-BTU	0.500	0.000	-	-	0.000	0.00	N	N	T100361
02	31348	4609	888	01012016	152742	8800400431	T100361	EM905045079MY	17000	0.500	1	01	01	-	-	-	-	02	-	0	1	-	-	-	-	PJS-KB-PMS	0.500	0.000	-	-	0.000	0.00	N	N	T100361
02	31348	4609	888	01012016	152750	8800400431	T100361	EM905061845MY	53100	0.500	1	01	01	-	-	-	-	02	-	0	1	-	-	-	-	PJS-KL-BBC	0.500	0.000	-	-	0.000	0.00	N	N	T100361
02	31348	4609	888	01012016	152758	8800400431	T100361	EM905328163MY	68100	0.500	1	01	01	-	-	-	-	02	-	0	1	-	-	-	-	PJS-KL-BBC	0.500	0.000	-	-	0.000	0.00	N	N	T100361
02	31348	4609	888	01012016	152807	8800400431	T100361	EM905319039MY	47620	0.500	1	01	01	-	-	-	-	02	-	0	1	-	-	-	-	PJS-PC-POC	0.500	0.000	-	-	0.000	0.00	N	N	T100361
02	31348	4609	888	01012016	152824	8800400431	T100361	EM905319192MY	68100	0.500	1	01	01	-	-	-	-	02	-	0	1	-	-	-	-	PJS-KL-BBC	0.500	0.000	-	-	0.000	0.00	N	N	T100361
02	31348	4609	888	01012016	152834	8800400431	T100361	EM905303042MY	81300	0.500	1	01	01	-	-	-	-	02	-	0	1	-	-	-	-	PJS-JB-JHB	0.500	0.000	-	-	0.000	0.00	N	N	T100361
02	31348	4609	888	01012016	152843	8800400431	T100361	EM905062531MY	50450	0.500	1	01	01	-	-	-	-	02	-	0	1	-	-	-	-	PJS-KL-KUL	0.500	0.000	-	-	0.000	0.00	N	N	T100361
02	31348	4609	888	01012016	152852	8800400431	T100361	EM905056071MY	31750	0.500	1	01	01	-	-	-	-	02	-	0	1	-	-	-	-	PJS-IP-BGH	0.500	0.000	-	-	0.000	0.00	N	N	T100361
02	31348	4609	888	01012016	152903	8800400431	T100361	EM905041960MY	31400	0.500	1	01	01	-	-	-	-	02	-	0	1	-	-	-	-	PJS-IP-IPH	0.500	0.000	-	-	0.000	0.00	N	N	T100361
02	31348	4609	888	01012016	152919	8800400431	T100361	EM905049005MY	46050	0.500	1	01	01	-	-	-	-	02	-	0	1	-	-	-	-	PJS-PJ-PJS	0.500	0.000	-	-	0.000	0.00	N	N	T100361
02	31348	4609	888	01012016	152927	8800400431	T100361	EM905200136MY	77000	0.500	1	01	01	-	-	-	-	02	-	0	1	-	-	-	-	PJS-MK-MKZ	0.500	0.000	-	-	0.000	0.00	N	N	T100361
02	31348	4609	888	01012016	152935	8800400431	T100361	EM905061859MY	84000	0.500	1	01	01	-	-	-	-	02	-	0	1	-	-	-	-	PJS-MK-MUA	0.500	0.000	-	-	0.000	0.00	N	N	T100361
02	31348	4609	888	01012016	152947	8800400431	T100361	EM905059342MY	26100	0.500	1	01	01	-	-	-	-	02	-	0	1	-	-	-	-	PJS-KU-KUA	0.500	0.000	-	-	0.000	0.00	N	N	T100361
02	31348	4609	888	01012016	152959	8800400431	T100361	EM905323890MY	40470	0.500	1	01	01	-	-	-	-	02	-	0	1	-	-	-	-	PJS-SA-SHA	0.500	0.000	-	-	0.000	0.00	N	N	T100361
02	31348	4609	888	01012016	153015	8800400431	T100361	EM905041845MY	93100	0.500	1	01	01	-	-	-	-	02	-	0	1	-	-	-	-	PJS-KC-KCH	0.500	0.000	-	-	0.000	0.00	N	N	T100361
02	31348	4609	888	01012016	153027	8800400431	T100361	EM905229228MY	78200	0.500	1	01	01	-	-	-	-	02	-	0	1	-	-	-	-	PJS-MK-MKZ	0.500	0.000	-	-	0.000	0.00	N	N	T100361
02	31348	4609	888	01012016	153100	8800400431	T100361	EM905185031MY	43800	0.740	1	01	01	-	-	-	-	01	-	0	1	-	-	-	-	PJS-BA-BAN	0.740	0.000	-	-	0.000	0.00	N	N	T100361
02	31348	4609	888	01012016	153124	8800400431	T100361	EM905050238MY	50250	0.500	1	01	01	-	-	-	-	02	-	0	1	-	-	-	-	PJS-KL-KUL	0.500	0.000	-	-	0.000	0.00	N	N	T100361
02	31348	4609	888	01012016	153137	8800400431	T100361	EM905066975MY	17500	0.500	1	01	01	-	-	-	-	02	-	0	1	-	-	-	-	PJS-KB-DMC	0.500	0.000	-	-	0.000	0.00	N	N	T100361
02	31348	4609	888	01012016	153148	8800400431	T100361	EM905161066MY	26300	0.500	1	01	01	-	-	-	-	02	-	0	1	-	-	-	-	PJS-KU-KUA	0.500	0.000	-	-	0.000	0.00	N	N	T100361
02	31348	4609	888	01012016	153158	8800400431	T100361	EM905036151MY	81200	0.500	1	01	01	-	-	-	-	02	-	0	1	-	-	-	-	PJS-JB-JHB	0.500	0.000	-	-	0.000	0.00	N	N	T100361
02	31348	4609	888	01012016	153212	8800400431	T100361	EM905061880MY	41902	0.500	1	01	01	-	-	-	-	02	-	0	1	-	-	-	-	PJS-SA-PKG	0.500	0.000	-	-	0.000	0.00	N	N	T100361
02	31348	4609	888	01012016	153224	8800400431	T100361	EM905050255MY	75450	0.500	1	01	01	-	-	-	-	02	-	0	1	-	-	-	-	PJS-MK-MKZ	0.500	0.000	-	-	0.000	0.00	N	N	T100361
02	31348	4609	888	01012016	153234	8800400431	T100361	EM905323886MY	93677	0.500	1	01	01	-	-	-	-	02	-	0	1	-	-	-	-	PJS-KC-KCH	0.500	0.000	-	-	0.000	0.00	N	N	T100361
02	31348	4609	888	01012016	153253	8800400431	T100361	EM905151316MY	68100	0.500	1	01	01	-	-	-	-	02	-	0	1	-	-	-	-	PJS-KL-BBC	0.500	0.000	-	-	0.000	0.00	N	N	T100361
02	31348	4609	888	01012016	153304	8800400431	T100361	EM905229231MY	96100	0.500	1	01	01	-	-	-	-	02	-	0	1	-	-	-	-	PJS-KC-SRK	0.500	0.000	-	-	0.000	0.00	N	N	T100361
02	31348	4609	888	01012016	153314	8800400431	T100361	EM905050140MY	31600	0.500	1	01	01	-	-	-	-	02	-	0	1	-	-	-	-	PJS-IP-BHG	0.500	0.000	-	-	0.000	0.00	N	N	T100361
02	31348	4609	888	01012016	153328	8800400431	T100361	EM905319042MY	50490	0.500	1	01	01	-	-	-	-	02	-	0	1	-	-	-	-	PJS-KL-KUL	0.500	0.000	-	-	0.000	0.00	N	N	T100361
02	31348	4609	888	01012016	153343	8800400431	T100361	EM905061876MY	50100	0.500	1	01	01	-	-	-	-	02	-	0	1	-	-	-	-	PJS-KL-KUL	0.500	0.000	-	-	0.000	0.00	N	N	T100361
02	31348	4609	888	01012016	153353	8800400431	T100361	EM905054946MY	76300	0.500	1	01	01	-	-	-	-	02	-	0	1	-	-	-	-	PJS-MK-MKZ	0.500	0.000	-	-	0.000	0.00	N	N	T100361
02	31348	4609	888	01012016	153407	8800400431	T100361	EM905041925MY	26060	0.500	1	01	01	-	-	-	-	02	-	0	1	-	-	-	-	PJS-KU-KUA	0.500	0.000	-	-	0.000	0.00	N	N	T100361
02	31348	4609	888	01012016	153419	8800400431	T100361	EM905329022MY	81100	0.500	1	01	01	-	-	-	-	02	-	0	1	-	-	-	-	PJS-JB-JHB	0.500	0.000	-	-	0.000	0.00	N	N	T100361
02	31348	4609	888	01012016	153436	8800400431	T100361	EM905298824MY	53100	0.500	1	01	01	-	-	-	-	02	-	0	1	-	-	-	-	PJS-KL-BBC	0.500	0.000	-	-	0.000	0.00	N	N	T100361
02	31348	4609	888	01012016	153457	8800400431	T100361	EM905191394MY	15000	0.500	1	01	01	-	-	-	-	02	-	0	1	-	-	-	-	PJS-KB-KBR	0.500	0.000	-	-	0.000	0.00	N	N	T100361
02	31348	4609	888	01012016	153512	8800400431	T100361	EM905054950MY	68000	0.500	1	01	01	-	-	-	-	02	-	0	1	-	-	-	-	PJS-KL-CAS	0.500	0.000	-	-	0.000	0.00	N	N	T100361
02	31348	4609	888	01012016	153534	8800400431	T100361	EM905327565MY	40200	0.800	1	01	01	-	-	-	-	01	-	0	1	-	-	-	-	PJS-SA-SHA	0.800	0.000	-	-	0.000	0.00	N	N	T100361
02	31348	4609	888	01012016	153547	8800400431	T100361	EM905045082MY	47400	0.500	1	01	01	-	-	-	-	02	-	0	1	-	-	-	-	PJS-KD-KDS	0.500	0.000	-	-	0.000	0.00	N	N	T100361
02	31348	4609	888	01012016	153612	8800400431	T100361	EM905072145MY	75250	0.500	1	01	01	-	-	-	-	02	-	0	1	-	-	-	-	PJS-MK-MKZ	0.500	0.000	-	-	0.000	0.00	N	N	T100361
02	31348	4609	888	01012016	153625	8800400431	T100361	EM905289734MY	59200	0.500	1	01	01	-	-	-	-	02	-	0	1	-	-	-	-	PJS-KL-KUL	0.500	0.000	-	-	0.000	0.00	N	N	T100361
02	31348	4609	888	01012016	153636	8800400431	T100361	EM905323869MY	08000	0.500	1	01	01	-	-	-	-	02	-	0	1	-	-	-	-	PJS-AS-SPI	0.500	0.000	-	-	0.000	0.00	N	N	T100361
02	31348	4609	888	01012016	153646	8800400431	T100361	EM905054915MY	47301	0.500	1	01	01	-	-	-	-	02	-	0	1	-	-	-	-	PJS-PJ-PJS	0.500	0.000	-	-	0.000	0.00	N	N	T100361
02	31348	4609	888	01012016	153806	8800400431	T100361	EM905315995MY	77300	1.560	1	01	01	-	-	-	-	01	-	0	1	-	-	-	-	PJS-MK-MKZ	1.560	0.000	-	-	0.000	0.00	N	N	T100361
02	31348	4609	888	01012016	153821	8800400431	T100361	EM905072370MY	31450	0.800	1	01	01	-	-	-	-	02	-	0	1	-	-	-	-	PJS-IP-IPH	0.800	0.000	-	-	0.000	0.00	N	N	T100361
02	31348	4609	888	01012016	153834	8800400431	T100361	EM905317205MY	40170	0.500	1	01	01	-	-	-	-	02	-	0	1	-	-	-	-	PJS-SA-SHA	0.500	0.000	-	-	0.000	0.00	N	N	T100361
02	31348	4609	888	01012016	153843	8800400431	T100361	EM905038245MY	41050	0.500	1	01	01	-	-	-	-	02	-	0	1	-	-	-	-	PJS-SA-PKG	0.500	0.000	-	-	0.000	0.00	N	N	T100361
02	31348	4609	888	01012016	153858	8800400431	T100361	EM905052211MY	86000	0.500	1	01	01	-	-	-	-	02	-	0	1	-	-	-	-	PJS-JB-KLU	0.500	0.000	-	-	0.000	0.00	N	N	T100361
02	31348	4609	888	01012016	153910	8800400431	T100361	EM905315567MY	98700	0.500	1	01	01	-	-	-	-	02	-	0	1	-	-	-	-	PJS-MY-LMN	0.500	0.000	-	-	0.000	0.00	N	N	T100361
02	31348	4609	888	01012016	153927	8800400431	T100361	EM905043356MY	55200	0.500	1	01	01	-	-	-	-	02	-	0	1	-	-	-	-	PJS-KL-CAS	0.500	0.000	-	-	0.000	0.00	N	N	T100361
02	31348	4609	888	01012016	153939	8800400431	T100361	EM905311738MY	45000	0.500	1	01	01	-	-	-	-	02	-	0	1	-	-	-	-	PJS-SW-XKS	0.500	0.000	-	-	0.000	0.00	N	N	T100361
02	31348	4609	888	01012016	153958	8800400431	T100361	EM905038149MY	41050	0.800	1	01	01	-	-	-	-	01	-	0	1	-	-	-	-	PJS-SA-PKG	0.800	0.000	-	-	0.000	0.00	N	N	T100361
02	31348	4609	888	01012016	154008	8800400431	T100361	EM905227292MY	58200	0.500	1	01	01	-	-	-	-	02	-	0	1	-	-	-	-	PJS-KL-KUL	0.500	0.000	-	-	0.000	0.00	N	N	T100361
02	31348	4609	888	01012016	154026	8800400431	T100361	EM905228664MY	47600	0.500	1	01	01	-	-	-	-	02	-	0	1	-	-	-	-	PJS-PC-POC	0.500	0.000	-	-	0.000	0.00	N	N	T100361
02	31348	4609	888	01012016	154035	8800400431	T100361	EM905041253MY	81750	0.500	1	01	01	-	-	-	-	02	-	0	1	-	-	-	-	PJS-JB-PGD	0.500	0.000	-	-	0.000	0.00	N	N	T100361
02	31348	4609	888	01012016	154044	8800400431	T100361	EM905051471MY	52100	0.500	1	01	01	-	-	-	-	02	-	0	1	-	-	-	-	PJS-KE-KEP	0.500	0.000	-	-	0.000	0.00	N	N	T100361
02	31348	4609	888	01012016	154056	8800400431	T100361	EM905048075MY	79100	0.500	1	01	01	-	-	-	-	02	-	0	1	-	-	-	-	PJS-JB-JHB	0.500	0.000	-	-	0.000	0.00	N	N	T100361
02	31348	4609	888	01012016	154107	8800400431	T100361	EM905040902MY	05200	0.500	1	01	01	-	-	-	-	02	-	0	1	-	-	-	-	PJS-AS-AOR	0.500	0.000	-	-	0.000	0.00	N	N	T100361
02	31348	4609	888	01012016	154116	8800400431	T100361	EM905039904MY	81200	0.500	1	01	01	-	-	-	-	02	-	0	1	-	-	-	-	PJS-JB-JHB	0.500	0.000	-	-	0.000	0.00	N	N	T100361
02	31348	4609	888	01012016	154126	8800400431	T100361	EM905030128MY	28200	0.500	1	01	01	-	-	-	-	02	-	0	1	-	-	-	-	PJS-TM-TMH	0.500	0.000	-	-	0.000	0.00	N	N	T100361
02	31348	4609	888	01012016	154139	8800400431	T100361	EM905226938MY	53100	0.500	1	01	01	-	-	-	-	02	-	0	1	-	-	-	-	PJS-KL-BBC	0.500	0.000	-	-	0.000	0.00	N	N	T100361
02	31348	4609	888	01012016	154149	8800400431	T100361	EM905041324MY	47600	0.500	1	01	01	-	-	-	-	02	-	0	1	-	-	-	-	PJS-PC-POC	0.500	0.000	-	-	0.000	0.00	N	N	T100361
02	31348	4609	888	01012016	154159	8800400431	T100361	EM905037832MY	13500	0.500	1	01	01	-	-	-	-	02	-	0	1	-	-	-	-	PJS-PE-BWH	0.500	0.000	-	-	0.000	0.00	N	N	T100361
02	31348	4609	888	01012016	154239	8800400431	T100361	EM905322775MY	57000	0.500	1	01	01	-	-	-	-	02	-	0	1	-	-	-	-	PJS-KL-CAS	0.500	0.000	-	-	0.000	0.00	N	N	T100361
02	31348	4609	888	01012016	154303	8800400431	T100361	EM905032185MY	81750	1.070	1	01	01	-	-	-	-	01	-	0	1	-	-	-	-	PJS-JB-PGD	1.070	0.000	-	-	0.000	0.00	N	N	T100361
02	31348	4609	888	01012016	154316	8800400431	T100361	EM905317554MY	71800	0.500	1	01	01	-	-	-	-	02	-	0	1	-	-	-	-	PJS-NL-NLI	0.500	0.000	-	-	0.000	0.00	N	N	T100361
02	31348	4609	888	01012016	154326	8800400431	T100361	EM905041576MY	08000	0.500	1	01	01	-	-	-	-	02	-	0	1	-	-	-	-	PJS-AS-SPI	0.500	0.000	-	-	0.000	0.00	N	N	T100361
02	31348	4609	888	01012016	154341	8800400431	T100361	EM905221480MY	06000	0.500	1	01	01	-	-	-	-	02	-	0	1	-	-	-	-	PJS-AS-KJT	0.500	0.000	-	-	0.000	0.00	N	N	T100361
02	31348	4609	888	01012016	154351	8800400431	T100361	EM905323118MY	41300	0.500	1	01	01	-	-	-	-	02	-	0	1	-	-	-	-	PJS-SA-PKG	0.500	0.000	-	-	0.000	0.00	N	N	T100361
02	31348	4609	888	01012016	154405	8800400431	T100361	EM905312557MY	56000	0.500	1	01	01	-	-	-	-	02	-	0	1	-	-	-	-	PJS-KL-CAS	0.500	0.000	-	-	0.000	0.00	N	N	T100361
02	31348	4609	888	01012016	154411	8800400431	T100361	EM905032101MY	15150	0.500	1	01	01	-	-	-	-	02	-	0	1	-	-	-	-	PJS-KB-KBR	0.500	0.000	-	-	0.000	0.00	N	N	T100361
02	31348	4609	888	01012016	154422	8800400431	T100361	EM905313115MY	16150	0.500	1	01	01	-	-	-	-	02	-	0	1	-	-	-	-	PJS-KB-KBR	0.500	0.000	-	-	0.000	0.00	N	N	T100361
02	31348	4609	888	01012016	154433	8800400431	T100361	EM905050493MY	21030	0.500	1	01	01	-	-	-	-	02	-	0	1	-	-	-	-	PJS-TG-TGG	0.500	0.000	-	-	0.000	0.00	N	N	T100361
02	31348	4609	888	01012016	154443	8800400431	T100361	EM905221048MY	09000	0.500	1	01	01	-	-	-	-	02	-	0	1	-	-	-	-	PJS-PE-KLM	0.500	0.000	-	-	0.000	0.00	N	N	T100361
02	31348	4609	888	01012016	154452	8800400431	T100361	EM905038930MY	26800	0.500	1	01	01	-	-	-	-	02	-	0	1	-	-	-	-	PJS-KU-PKN	0.500	0.000	-	-	0.000	0.00	N	N	T100361
02	31348	4609	888	01012016	154504	8800400431	T100361	EM905220572MY	62623	0.500	1	01	01	-	-	-	-	02	-	0	1	-	-	-	-	PJS-PT-PUT	0.500	0.000	-	-	0.000	0.00	N	N	T100361
02	31348	4609	888	01012016	154513	8800400431	T100361	EM905033654MY	72000	0.500	1	01	01	-	-	-	-	02	-	0	1	-	-	-	-	PJS-BH-BHU	0.500	0.000	-	-	0.000	0.00	N	N	T100361
02	31348	4609	888	01012016	154522	8800400431	T100361	EM905051247MY	93350	0.500	1	01	01	-	-	-	-	02	-	0	1	-	-	-	-	PJS-KC-KCH	0.500	0.000	-	-	0.000	0.00	N	N	T100361
02	31348	4609	888	01012016	154531	8800400431	T100361	EM905039878MY	47301	0.500	1	01	01	-	-	-	-	02	-	0	1	-	-	-	-	PJS-PJ-PJS	0.500	0.000	-	-	0.000	0.00	N	N	T100361
02	31348	4609	888	01012016	154542	8800400431	T100361	EM905040553MY	10450	0.500	1	01	01	-	-	-	-	02	-	0	1	-	-	-	-	PJS-PE-PEN	0.500	0.000	-	-	0.000	0.00	N	N	T100361
02	31348	4609	888	01012016	154555	8800400431	T100361	EM905050975MY	47301	0.500	1	01	01	-	-	-	-	02	-	0	1	-	-	-	-	PJS-PJ-PJS	0.500	0.000	-	-	0.000	0.00	N	N	T100361
02	31348	4609	888	01012016	154608	8800400431	T100361	EM905318807MY	23000	0.500	1	01	01	-	-	-	-	02	-	0	1	-	-	-	-	PJS-TG-DGN	0.500	0.000	-	-	0.000	0.00	N	N	T100361
02	31348	4609	888	01012016	154620	8800400431	T100361	EM905228196MY	40200	0.500	1	01	01	-	-	-	-	02	-	0	1	-	-	-	-	PJS-SA-SHA	0.500	0.000	-	-	0.000	0.00	N	N	T100361
02	31348	4609	888	01012016	154632	8800400431	T100361	EM905228899MY	96100	0.500	1	01	01	-	-	-	-	02	-	0	1	-	-	-	-	PJS-KC-SRK	0.500	0.000	-	-	0.000	0.00	N	N	T100361
02	31348	4609	888	01012016	154644	8800400431	T100361	EM905040726MY	97000	0.500	1	01	01	-	-	-	-	02	-	0	1	-	-	-	-	PJS-KC-BTU	0.500	0.000	-	-	0.000	0.00	N	N	T100361
02	31348	4609	888	01012016	154656	8800400431	T100361	EM905033362MY	57100	0.500	1	01	01	-	-	-	-	02	-	0	1	-	-	-	-	PJS-KL-CAS	0.500	0.000	-	-	0.000	0.00	N	N	T100361
02	31348	4609	888	01012016	154709	8800400431	T100361	EM905039215MY	79100	0.500	1	01	01	-	-	-	-	02	-	0	1	-	-	-	-	PJS-JB-JHB	0.500	0.000	-	-	0.000	0.00	N	N	T100361
02	31348	4609	888	01012016	154722	8800400431	T100361	EM905224530MY	73000	0.500	1	01	01	-	-	-	-	02	-	0	1	-	-	-	-	PJS-BH-SBN	0.500	0.000	-	-	0.000	0.00	N	N	T100361
02	31348	4609	888	01012016	154743	8800400431	T100361	EM905051233MY	42000	0.500	1	01	01	-	-	-	-	02	-	0	1	-	-	-	-	PJS-SA-PKG	0.500	0.000	-	-	0.000	0.00	N	N	T100361
02	31348	4609	888	01012016	154753	8800400431	T100361	EM905039379MY	75100	0.500	1	01	01	-	-	-	-	02	-	0	1	-	-	-	-	PJS-MK-MKZ	0.500	0.000	-	-	0.000	0.00	N	N	T100361
02	31348	4609	888	01012016	154802	8800400431	T100361	EM905228412MY	48000	0.500	1	01	01	-	-	-	-	02	-	0	1	-	-	-	-	PJS-KL-RWA	0.500	0.000	-	-	0.000	0.00	N	N	T100361
02	31348	4609	888	01012016	154810	8800400431	T100361	EM905318798MY	40150	0.500	1	01	01	-	-	-	-	02	-	0	1	-	-	-	-	PJS-SA-SHA	0.500	0.000	-	-	0.000	0.00	N	N	T100361
02	31348	4609	888	01012016	154827	8800400431	T100361	EM905033795MY	31900	0.500	1	01	01	-	-	-	-	02	-	0	1	-	-	-	-	PJS-IP-TPH	0.500	0.000	-	-	0.000	0.00	N	N	T100361
02	31348	4609	888	01012016	154841	8800400431	T100361	EM905221140MY	09300	0.500	1	01	01	-	-	-	-	02	-	0	1	-	-	-	-	PJS-PE-KLM	0.500	0.000	-	-	0.000	0.00	N	N	T100361
02	31348	4609	888	01012016	154856	8800400431	T100361	EM905046785MY	50470	0.500	1	01	01	-	-	-	-	02	-	0	1	-	-	-	-	PJS-KL-KUL	0.500	0.000	-	-	0.000	0.00	N	N	T100361
02	31348	4609	888	01012016	154904	8800400431	T100361	EM905324475MY	59200	0.500	1	01	01	-	-	-	-	02	-	0	1	-	-	-	-	PJS-KL-KUL	0.500	0.000	-	-	0.000	0.00	N	N	T100361
02	31348	4609	888	01012016	154913	8800400431	T100361	EM905318461MY	89600	0.500	1	01	01	-	-	-	-	02	-	0	1	-	-	-	-	PJS-KK-BKI	0.500	0.000	-	-	0.000	0.00	N	N	T100361
02	31348	4609	888	01012016	154921	8800400431	T100361	EM905228908MY	97000	0.500	1	01	01	-	-	-	-	02	-	0	1	-	-	-	-	PJS-KC-BTU	0.500	0.000	-	-	0.000	0.00	N	N	T100361
02	31348	4609	888	01012016	154931	8800400431	T100361	EM905318838MY	41200	0.500	1	01	01	-	-	-	-	02	-	0	1	-	-	-	-	PJS-SA-PKG	0.500	0.000	-	-	0.000	0.00	N	N	T100361
02	31348	4609	888	01012016	154944	8800400431	T100361	EM905318170MY	24000	0.500	1	01	01	-	-	-	-	02	-	0	1	-	-	-	-	PJS-TG-CKI	0.500	0.000	-	-	0.000	0.00	N	N	T100361
02	31348	4609	888	01012016	154953	8800400431	T100361	EM905040730MY	52100	0.500	1	01	01	-	-	-	-	02	-	0	1	-	-	-	-	PJS-KE-KEP	0.500	0.000	-	-	0.000	0.00	N	N	T100361
02	31348	4609	888	01012016	155004	8800400431	T100361	EM905323078MY	68000	0.500	1	01	01	-	-	-	-	02	-	0	1	-	-	-	-	PJS-KL-CAS	0.500	0.000	-	-	0.000	0.00	N	N	T100361
02	31348	4609	888	01012016	155015	8800400431	T100361	EM905318775MY	83000	0.500	1	01	01	-	-	-	-	02	-	0	1	-	-	-	-	PJS-JB-BPT	0.500	0.000	-	-	0.000	0.00	N	N	T100361
02	31348	4609	888	01012016	155026	8800400431	T100361	EM905318625MY	26700	0.500	1	01	01	-	-	-	-	02	-	0	1	-	-	-	-	PJS-BH-MDS	0.500	0.000	-	-	0.000	0.00	N	N	T100361
02	31348	4609	888	01012016	155041	8800400431	T100361	EM905041465MY	47000	0.500	1	01	01	-	-	-	-	02	-	0	1	-	-	-	-	PJS-KD-KDS	0.500	0.000	-	-	0.000	0.00	N	N	T100361
02	31348	4609	888	01012016	155051	8800400431	T100361	EM905041409MY	97000	0.500	1	01	01	-	-	-	-	02	-	0	1	-	-	-	-	PJS-KC-BTU	0.500	0.000	-	-	0.000	0.00	N	N	T100361
02	31348	4609	888	01012016	155102	8800400431	T100361	EM905227553MY	51200	0.500	1	01	01	-	-	-	-	02	-	0	1	-	-	-	-	PJS-KL-BBC	0.500	0.000	-	-	0.000	0.00	N	N	T100361
02	31348	4609	888	01012016	155116	8800400431	T100361	EM905033668MY	88450	0.500	1	01	01	-	-	-	-	02	-	0	1	-	-	-	-	PJS-KK-BKI	0.500	0.000	-	-	0.000	0.00	N	N	T100361
02	31348	4609	888	01012016	160115	8800400431	T100361	EM905227519MY	48200	0.500	1	01	01	-	-	-	-	02	-	0	1	-	-	-	-	PJS-KL-RWA	0.500	0.000	-	-	0.000	0.00	N	N	T100361
02	31348	4609	888	01012016	160123	8800400431	T100361	EM905324095MY	27000	0.500	1	01	01	-	-	-	-	02	-	0	1	-	-	-	-	PJS-TM-TMH	0.500	0.000	-	-	0.000	0.00	N	N	T100361
02	31348	4609	888	01012016	160132	8800400431	T100361	EM905325272MY	54200	0.500	1	01	01	-	-	-	-	02	-	0	1	-	-	-	-	PJS-KL-KUL	0.500	0.000	-	-	0.000	0.00	N	N	T100361
02	31348	4609	888	01012016	160145	8800400431	T100361	EM905227451MY	39100	0.500	1	01	01	-	-	-	-	02	-	0	1	-	-	-	-	PJS-IP-IPH	0.500	0.000	-	-	0.000	0.00	N	N	T100361
02	31348	4609	888	01012016	160155	8800400431	T100361	EM905052843MY	47620	0.500	1	01	01	-	-	-	-	02	-	0	1	-	-	-	-	PJS-PC-POC	0.500	0.000	-	-	0.000	0.00	N	N	T100361
02	31348	4609	888	01012016	160204	8800400431	T100361	EM905317660MY	21200	0.500	1	01	01	-	-	-	-	02	-	0	1	-	-	-	-	PJS-TG-TGG	0.500	0.000	-	-	0.000	0.00	N	N	T100361
02	31348	4609	888	01012016	160213	8800400431	T100361	EM905040054MY	02400	0.500	1	01	01	-	-	-	-	02	-	0	1	-	-	-	-	PJS-AS-KGR	0.500	0.000	-	-	0.000	0.00	N	N	T100361
02	31348	4609	888	01012016	160223	8800400431	T100361	EM905323943MY	47500	0.500	1	01	01	-	-	-	-	02	-	0	1	-	-	-	-	PJS-PC-POC	0.500	0.000	-	-	0.000	0.00	N	N	T100361
02	31348	4609	888	01012016	160234	8800400431	T100361	EM905054420MY	23300	0.500	1	01	01	-	-	-	-	02	-	0	1	-	-	-	-	PJS-TG-DGN	0.500	0.000	-	-	0.000	0.00	N	N	T100361
02	31348	4609	888	01012016	160242	8800400431	T100361	EM905060442MY	33000	0.500	1	01	01	-	-	-	-	02	-	0	1	-	-	-	-	PJS-IP-KKS	0.500	0.000	-	-	0.000	0.00	N	N	T100361
02	31348	4609	888	01012016	160251	8800400431	T100361	EM905227108MY	54200	0.500	1	01	01	-	-	-	-	02	-	0	1	-	-	-	-	PJS-KL-KUL	0.500	0.000	-	-	0.000	0.00	N	N	T100361
02	31348	4609	888	01012016	160303	8800400431	T100361	EM905057987MY	18500	0.500	1	01	01	-	-	-	-	02	-	0	1	-	-	-	-	PJS-KB-DMC	0.500	0.000	-	-	0.000	0.00	N	N	T100361
02	31348	4609	888	01012016	160317	8800400431	T100361	EM905067627MY	79200	0.500	1	01	01	-	-	-	-	02	-	0	1	-	-	-	-	PJS-JB-WPI	0.500	0.000	-	-	0.000	0.00	N	N	T100361
02	31348	4609	888	01012016	160326	8800400431	T100361	EM905077686MY	43000	0.500	1	01	01	-	-	-	-	02	-	0	1	-	-	-	-	PJS-BB-BBB	0.500	0.000	-	-	0.000	0.00	N	N	T100361
02	31348	4609	888	01012016	160458	8800400431	T100361	EM905055204MY	53300	0.500	1	01	01	-	-	-	-	02	-	0	1	-	-	-	-	PJS-KL-BBC	0.500	0.000	-	-	0.000	0.00	N	N	T100361
02	31348	4609	888	01012016	160514	8800400431	T100361	EM905327857MY	93502	0.500	1	01	01	-	-	-	-	02	-	0	1	-	-	-	-	PJS-KC-KCH	0.500	0.000	-	-	0.000	0.00	N	N	T100361
02	31348	4609	888	01012016	160527	8800400431	T100361	EM905060297MY	09000	0.500	1	01	01	-	-	-	-	02	-	0	1	-	-	-	-	PJS-PE-KLM	0.500	0.000	-	-	0.000	0.00	N	N	T100361
02	31348	4609	888	01012016	160554	8800400431	T100361	EM905057664MY	25150	0.500	1	01	01	-	-	-	-	02	-	0	1	-	-	-	-	PJS-KU-KUA	0.500	0.000	-	-	0.000	0.00	N	N	T100361
02	31348	4609	888	01012016	160602	8800400431	T100361	EM905057491MY	47301	0.500	1	01	01	-	-	-	-	02	-	0	1	-	-	-	-	PJS-PJ-PJS	0.500	0.000	-	-	0.000	0.00	N	N	T100361
02	31348	4609	888	01012016	160611	8800400431	T100361	EM905057616MY	47301	0.500	1	01	01	-	-	-	-	02	-	0	1	-	-	-	-	PJS-PJ-PJS	0.500	0.000	-	-	0.000	0.00	N	N	T100361
02	31348	4609	888	01012016	160619	8800400431	T100361	EM905053781MY	68100	0.500	1	01	01	-	-	-	-	02	-	0	1	-	-	-	-	PJS-KL-BBC	0.500	0.000	-	-	0.000	0.00	N	N	T100361
02	31348	4609	888	01012016	160630	8800400431	T100361	EM905319904MY	81200	0.500	1	01	01	-	-	-	-	02	-	0	1	-	-	-	-	PJS-JB-JHB	0.500	0.000	-	-	0.000	0.00	N	N	T100361
02	31348	4609	888	01012016	160649	8800400431	T100361	EM905061947MY	47180	0.620	1	01	01	-	-	-	-	01	-	0	1	-	-	-	-	PJS-PC-POC	0.620	0.000	-	-	0.000	0.00	N	N	T100361
02	31348	4609	888	01012016	160701	8800400431	T100361	EM905057749MY	63000	0.500	1	01	01	-	-	-	-	02	-	0	1	-	-	-	-	PJS-PT-PUT	0.500	0.000	-	-	0.000	0.00	N	N	T100361
02	31348	4609	888	01012016	160714	8800400431	T100361	EM905041770MY	06550	0.500	1	01	01	-	-	-	-	02	-	0	1	-	-	-	-	PJS-AS-AOR	0.500	0.000	-	-	0.000	0.00	N	N	T100361
02	31348	4609	888	01012016	160726	8800400431	T100361	EM905040200MY	31300	0.500	1	01	01	-	-	-	-	02	-	0	1	-	-	-	-	PJS-IP-IPH	0.500	0.000	-	-	0.000	0.00	N	N	T100361
02	31348	4609	888	01012016	160748	8800400431	T100361	EM905044569MY	98000	1.140	1	01	01	-	-	-	-	01	-	0	1	-	-	-	-	PJS-MY-MYY	1.140	0.000	-	-	0.000	0.00	N	N	T100361
02	31348	4609	888	01012016	160803	8800400431	T100361	EM905077669MY	32610	0.500	1	01	01	-	-	-	-	02	-	0	1	-	-	-	-	PJS-SW-SWY	0.500	0.000	-	-	0.000	0.00	N	N	T100361
02	31348	4609	888	01012016	160811	8800400431	T100361	EM905324042MY	81300	0.500	1	01	01	-	-	-	-	02	-	0	1	-	-	-	-	PJS-JB-JHB	0.500	0.000	-	-	0.000	0.00	N	N	T100361
02	31348	4609	888	01012016	160822	8800400431	T100361	EM905053835MY	68000	0.500	1	01	01	-	-	-	-	02	-	0	1	-	-	-	-	PJS-KL-CAS	0.500	0.000	-	-	0.000	0.00	N	N	T100361
02	31348	4609	888	01012016	160831	8800400431	T100361	EM905053680MY	93250	0.500	1	01	01	-	-	-	-	02	-	0	1	-	-	-	-	PJS-KC-KCH	0.500	0.000	-	-	0.000	0.00	N	N	T100361
02	31348	4609	888	01012016	160843	8800400431	T100361	EM905068826MY	96000	0.500	1	01	01	-	-	-	-	02	-	0	1	-	-	-	-	PJS-KC-SBW	0.500	0.000	-	-	0.000	0.00	N	N	T100361
02	31348	4609	888	01012016	160855	8800400431	T100361	EM905047548MY	28700	0.500	1	01	01	-	-	-	-	02	-	0	1	-	-	-	-	PJS-TM-BEN	0.500	0.000	-	-	0.000	0.00	N	N	T100361
02	31348	4609	888	01012016	160909	8800400431	T100361	EM905066502MY	58200	0.500	1	01	01	-	-	-	-	02	-	0	1	-	-	-	-	PJS-KL-KUL	0.500	0.000	-	-	0.000	0.00	N	N	T100361
02	31348	4609	888	01012016	160925	8800400431	T100361	EM905038254MY	15200	0.500	1	01	01	-	-	-	-	02	-	0	1	-	-	-	-	PJS-KB-KBR	0.500	0.000	-	-	0.000	0.00	N	N	T100361
02	31348	4609	888	01012016	161001	8800400431	T100361	EM905067922MY	95000	0.500	1	01	01	-	-	-	-	02	-	0	1	-	-	-	-	PJS-KC-SRA	0.500	0.000	-	-	0.000	0.00	N	N	T100361
02	31348	4609	888	01012016	161012	8800400431	T100361	EM905046763MY	48000	0.500	1	01	01	-	-	-	-	02	-	0	1	-	-	-	-	PJS-KL-RWA	0.500	0.000	-	-	0.000	0.00	N	N	T100361
02	31348	4609	888	01012016	161032	8800400431	T100361	EM905061200MY	30450	0.500	1	01	01	-	-	-	-	02	-	0	1	-	-	-	-	PJS-IP-IPH	0.500	0.000	-	-	0.000	0.00	N	N	T100361
02	31348	4609	888	01012016	161043	8800400431	T100361	EM905061156MY	50450	0.500	1	01	01	-	-	-	-	02	-	0	1	-	-	-	-	PJS-KL-KUL	0.500	0.000	-	-	0.000	0.00	N	N	T100361
02	31348	4609	888	01012016	161107	8800400431	T100361	EM905067406MY	58100	0.500	1	01	01	-	-	-	-	02	-	0	1	-	-	-	-	PJS-KL-KUL	0.500	0.000	-	-	0.000	0.00	N	N	T100361
02	31348	4609	888	01012016	161121	8800400431	T100361	EM905035624MY	52100	0.500	1	01	01	-	-	-	-	02	-	0	1	-	-	-	-	PJS-KE-KEP	0.500	0.000	-	-	0.000	0.00	N	N	T100361
02	31348	4609	888	01012016	161141	8800400431	T100361	EM905069438MY	40460	0.500	1	01	01	-	-	-	-	02	-	0	1	-	-	-	-	PJS-SA-SHA	0.500	0.000	-	-	0.000	0.00	N	N	T100361
02	31348	4609	888	01012016	161159	8800400431	T100361	EM905033827MY	80150	0.500	1	01	01	-	-	-	-	02	-	0	1	-	-	-	-	PJS-JB-JHB	0.500	0.000	-	-	0.000	0.00	N	N	T100361
02	31348	4609	888	01012016	161209	8800400431	T100361	EM905325405MY	81100	0.500	1	01	01	-	-	-	-	02	-	0	1	-	-	-	-	PJS-JB-JHB	0.500	0.000	-	-	0.000	0.00	N	N	T100361
02	31348	4609	888	01012016	161312	8800400431	T100361	EM905076062MY	73000	1.100	1	01	01	-	043	040	010	01	-	0	1	-	-	-	-	PJS-BH-SBN	1.100	2.867	-	-	0.000	0.00	N	N	T100361
02	31348	4609	888	01012016	161553	8800400431	T100361	EM905048472MY	47810	0.500	1	01	01	-	-	-	-	02	-	0	1	-	-	-	-	PJS-KD-KDS	0.500	0.000	-	-	0.000	0.00	N	N	T100361
02	31348	4609	888	01012016	161606	8800400431	T100361	EM905048628MY	54200	0.500	1	01	01	-	-	-	-	02	-	0	1	-	-	-	-	PJS-KL-KUL	0.500	0.000	-	-	0.000	0.00	N	N	T100361
02	31348	4609	888	01012016	161613	8800400431	T100361	EM905323373MY	25000	0.500	1	01	01	-	-	-	-	02	-	0	1	-	-	-	-	PJS-KU-KUA	0.500	0.000	-	-	0.000	0.00	N	N	T100361
02	31348	4609	888	01012016	161622	8800400431	T100361	EM905048614MY	55100	0.500	1	01	01	-	-	-	-	02	-	0	1	-	-	-	-	PJS-KL-CAS	0.500	0.000	-	-	0.000	0.00	N	N	T100361
02	31348	4609	888	01012016	161633	8800400431	T100361	EM905048398MY	32000	0.500	1	01	01	-	-	-	-	02	-	0	1	-	-	-	-	PJS-SW-SWY	0.500	0.000	-	-	0.000	0.00	N	N	T100361
02	31348	4609	888	01012016	161642	8800400431	T100361	EM905323458MY	53100	0.500	1	01	01	-	-	-	-	02	-	0	1	-	-	-	-	PJS-KL-BBC	0.500	0.000	-	-	0.000	0.00	N	N	T100361
02	31348	4609	888	01012016	161650	8800400431	T100361	EM905048716MY	81300	0.500	1	01	01	-	-	-	-	02	-	0	1	-	-	-	-	PJS-JB-JHB	0.500	0.000	-	-	0.000	0.00	N	N	T100361
02	31348	4609	888	01012016	161701	8800400431	T100361	EM905323529MY	22100	0.500	1	01	01	-	-	-	-	02	-	0	1	-	-	-	-	PJS-TG-TGG	0.500	0.000	-	-	0.000	0.00	N	N	T100361
02	31348	4609	888	01012016	161709	8800400431	T100361	EM905314133MY	81100	0.500	1	01	01	-	-	-	-	02	-	0	1	-	-	-	-	PJS-JB-JHB	0.500	0.000	-	-	0.000	0.00	N	N	T100361
02	31348	4609	888	01012016	161721	8800400431	T100361	EM905323515MY	91007	0.500	1	01	01	-	-	-	-	02	-	0	1	-	-	-	-	PJS-KK-TWU	0.500	0.000	-	-	0.000	0.00	N	N	T100361
02	31348	4609	888	01012016	161729	8800400431	T100361	EM905048693MY	40150	0.500	1	01	01	-	-	-	-	02	-	0	1	-	-	-	-	PJS-SA-SHA	0.500	0.000	-	-	0.000	0.00	N	N	T100361
02	31348	4609	888	01012016	161740	8800400431	T100361	EM905323395MY	46100	0.500	1	01	01	-	-	-	-	02	-	0	1	-	-	-	-	PJS-PJ-PJS	0.500	0.000	-	-	0.000	0.00	N	N	T100361
02	31348	4609	888	01012016	161747	8800400431	T100361	EM905045944MY	47500	0.500	1	01	01	-	-	-	-	02	-	0	1	-	-	-	-	PJS-PC-POC	0.500	0.000	-	-	0.000	0.00	N	N	T100361
02	31348	4609	888	01012016	161758	8800400431	T100361	EM905048415MY	95000	0.500	1	01	01	-	-	-	-	02	-	0	1	-	-	-	-	PJS-KC-SRA	0.500	0.000	-	-	0.000	0.00	N	N	T100361
02	31348	4609	888	01012016	161807	8800400431	T100361	EM905048631MY	88450	0.500	1	01	01	-	-	-	-	02	-	0	1	-	-	-	-	PJS-KK-BKI	0.500	0.000	-	-	0.000	0.00	N	N	T100361
02	31348	4609	888	01012016	161817	8800400431	T100361	EM905043679MY	68000	0.500	1	01	01	-	-	-	-	02	-	0	1	-	-	-	-	PJS-KL-CAS	0.500	0.000	-	-	0.000	0.00	N	N	T100361
02	31348	4609	888	01012016	161828	8800400431	T100361	EM905043617MY	78300	0.500	1	01	01	-	-	-	-	02	-	0	1	-	-	-	-	PJS-MK-MKZ	0.500	0.000	-	-	0.000	0.00	N	N	T100361
02	31348	4609	888	01012016	161837	8800400431	T100361	EM905048755MY	47160	0.500	1	01	01	-	-	-	-	02	-	0	1	-	-	-	-	PJS-PC-POC	0.500	0.000	-	-	0.000	0.00	N	N	T100361
02	31348	4609	888	01012016	161846	8800400431	T100361	EM905314164MY	51000	0.500	1	01	01	-	-	-	-	02	-	0	1	-	-	-	-	PJS-KL-BBC	0.500	0.000	-	-	0.000	0.00	N	N	T100361
02	31348	4609	888	01012016	161856	8800400431	T100361	EM905043696MY	50250	0.500	1	01	01	-	-	-	-	02	-	0	1	-	-	-	-	PJS-KL-KUL	0.500	0.000	-	-	0.000	0.00	N	N	T100361
02	31348	4609	888	01012016	161905	8800400431	T100361	EM905048565MY	81200	0.500	1	01	01	-	-	-	-	02	-	0	1	-	-	-	-	PJS-JB-JHB	0.500	0.000	-	-	0.000	0.00	N	N	T100361
02	31348	4609	888	01012016	161915	8800400431	T100361	EM905323325MY	11900	0.500	1	01	01	-	-	-	-	02	-	0	1	-	-	-	-	PJS-PE-ZJR	0.500	0.000	-	-	0.000	0.00	N	N	T100361
02	31348	4609	888	01012016	161926	8800400431	T100361	EM905323461MY	11700	0.500	1	01	01	-	-	-	-	02	-	0	1	-	-	-	-	PJS-PE-PEN	0.500	0.000	-	-	0.000	0.00	N	N	T100361
02	31348	4609	888	01012016	161937	8800400431	T100361	EM905045989MY	25050	0.500	1	01	01	-	-	-	-	02	-	0	1	-	-	-	-	PJS-KU-KUA	0.500	0.000	-	-	0.000	0.00	N	N	T100361
02	31348	4609	888	01012016	161947	8800400431	T100361	EM905043648MY	70000	0.500	1	01	01	-	-	-	-	02	-	0	1	-	-	-	-	PJS-BH-SBN	0.500	0.000	-	-	0.000	0.00	N	N	T100361
02	31348	4609	888	01012016	162001	8800400431	T100361	EM905323387MY	88596	0.500	1	01	01	-	-	-	-	02	-	0	1	-	-	-	-	PJS-KK-BKI	0.500	0.000	-	-	0.000	0.00	N	N	T100361
02	31348	4609	888	01012016	162054	8800400431	T100361	EM905317585MY	26600	0.500	1	01	01	-	-	-	-	02	-	0	1	-	-	-	-	PJS-KU-PKN	0.500	0.000	-	-	0.000	0.00	N	N	T100361
02	31348	4609	888	01012016	162113	8800400431	T100361	EM905323532MY	11010	0.500	1	01	01	-	-	-	-	02	-	0	1	-	-	-	-	PJS-PE-ZJR	0.500	0.000	-	-	0.000	0.00	N	N	T100361
02	31348	4609	888	01012016	162124	8800400431	T100361	EM905048662MY	50450	0.500	1	01	01	-	-	-	-	02	-	0	1	-	-	-	-	PJS-KL-KUL	0.500	0.000	-	-	0.000	0.00	N	N	T100361
02	31348	4609	888	01012016	162136	8800400431	T100361	EM905045975MY	47000	0.500	1	01	01	-	-	-	-	02	-	0	1	-	-	-	-	PJS-KD-KDS	0.500	0.000	-	-	0.000	0.00	N	N	T100361
02	31348	4609	888	01012016	162155	8800400431	T100361	EM905043682MY	89600	0.500	1	01	01	-	-	-	-	02	-	0	1	-	-	-	-	PJS-KK-BKI	0.500	0.000	-	-	0.000	0.00	N	N	T100361
02	31348	4609	888	01012016	162217	8800400431	T100361	EM905048407MY	50088	1.140	1	01	01	-	-	-	-	02	-	0	1	-	-	-	-	PJS-KL-KUL	1.140	0.000	-	-	0.000	0.00	N	N	T100361
02	31348	4609	888	01012016	162316	8800400431	T100361	EM905201247MY	62551	1.440	1	01	01	-	033	030	015	01	-	0	1	-	-	-	-	PJS-PT-PUT	1.440	2.475	-	-	0.000	0.00	N	N	T100361
02	31348	4609	888	01012016	162720	8800400431	T100361	EM905229086MY	71800	1.820	1	01	01	-	052	032	012	01	-	0	1	-	-	-	-	PJS-NL-NLI	1.820	3.328	-	-	0.000	0.00	N	N	T100361
02	31348	4609	888	01012016	163036	8800400431	T100361	EM905035641MY	91000	0.500	1	01	01	-	-	-	-	02	-	0	1	-	-	-	-	PJS-KK-TWU	0.500	0.000	-	-	0.000	0.00	N	N	T100361
02	31348	4609	888	01012016	163049	8800400431	T100361	EM905319833MY	88657	0.500	1	01	01	-	-	-	-	02	-	0	1	-	-	-	-	PJS-KK-BKI	0.500	0.000	-	-	0.000	0.00	N	N	T100361
02	31348	4609	888	01012016	163058	8800400431	T100361	EM905319379MY	60000	0.500	1	01	01	-	-	-	-	02	-	0	1	-	-	-	-	PJS-KD-KDS	0.500	0.000	-	-	0.000	0.00	N	N	T100361
02	31348	4609	888	01012016	163107	8800400431	T100361	EM905324250MY	88300	0.500	1	01	01	-	-	-	-	02	-	0	1	-	-	-	-	PJS-KK-BKI	0.500	0.000	-	-	0.000	0.00	N	N	T100361
02	31348	4609	888	01012016	163123	8800400431	T100361	EM905327738MY	89607	0.500	1	01	01	-	-	-	-	02	-	0	1	-	-	-	-	PJS-KK-BKI	0.500	0.000	-	-	0.000	0.00	N	N	T100361
02	31348	4609	888	01012016	163140	8800400431	T100361	EM905327724MY	20400	0.500	1	01	01	-	-	-	-	02	-	0	1	-	-	-	-	PJS-TG-TGG	0.500	0.000	-	-	0.000	0.00	N	N	T100361
02	31348	4609	888	01012016	163149	8800400431	T100361	EM905065405MY	47100	0.500	1	01	01	-	-	-	-	02	-	0	1	-	-	-	-	PJS-PC-POC	0.500	0.000	-	-	0.000	0.00	N	N	T100361
02	31348	4609	888	01012016	163157	8800400431	T100361	EM905054288MY	47810	0.500	1	01	01	-	-	-	-	02	-	0	1	-	-	-	-	PJS-KD-KDS	0.500	0.000	-	-	0.000	0.00	N	N	T100361
02	31348	4609	888	01012016	163204	8800400431	T100361	EM905043625MY	40400	0.500	1	01	01	-	-	-	-	02	-	0	1	-	-	-	-	PJS-SA-SHA	0.500	0.000	-	-	0.000	0.00	N	N	T100361
02	31348	4609	888	01012016	163216	8800400431	T100361	EM905054291MY	96000	0.500	1	01	01	-	-	-	-	02	-	0	1	-	-	-	-	PJS-KC-SBW	0.500	0.000	-	-	0.000	0.00	N	N	T100361
02	31348	4609	888	01012016	163224	8800400431	T100361	EM905315845MY	81700	0.500	1	01	01	-	-	-	-	02	-	0	1	-	-	-	-	PJS-JB-PGD	0.500	0.000	-	-	0.000	0.00	N	N	T100361
02	31348	4609	888	01012016	163242	8800400431	T100361	EM905043603MY	47150	0.500	1	01	01	-	-	-	-	02	-	0	1	-	-	-	-	PJS-PC-POC	0.500	0.000	-	-	0.000	0.00	N	N	T100361
02	31348	4609	888	01012016	163251	8800400431	T100361	EM905040876MY	24000	0.500	1	01	01	-	-	-	-	02	-	0	1	-	-	-	-	PJS-TG-CKI	0.500	0.000	-	-	0.000	0.00	N	N	T100361
02	31348	4609	888	01012016	163308	8800400431	T100361	EM905314147MY	90000	0.500	1	01	01	-	-	-	-	02	-	0	1	-	-	-	-	PJS-SD-SDK	0.500	0.000	-	-	0.000	0.00	N	N	T100361
02	31348	4609	888	01012016	163317	8800400431	T100361	EM905063877MY	47110	0.500	1	01	01	-	-	-	-	02	-	0	1	-	-	-	-	PJS-PC-POC	0.500	0.000	-	-	0.000	0.00	N	N	T100361
02	31348	4609	888	01012016	163328	8800400431	T100361	EM905039847MY	84000	0.500	1	01	01	-	-	-	-	02	-	0	1	-	-	-	-	PJS-MK-MUA	0.500	0.000	-	-	0.000	0.00	N	N	T100361
02	31348	4609	888	01012016	163350	8800400431	T100361	EM905326366MY	40000	0.500	1	01	01	-	-	-	-	02	-	0	1	-	-	-	-	PJS-SA-SHA	0.500	0.000	-	-	0.000	0.00	N	N	T100361
02	31348	4609	888	01012016	163433	8800400431	T100361	EM905057960MY	76400	0.500	1	01	01	-	-	-	-	02	-	0	1	-	-	-	-	PJS-MK-MKZ	0.500	0.000	-	-	0.000	0.00	N	N	T100361
02	31348	4609	888	01012016	163446	8800400431	T100361	EM905058188MY	75000	0.500	1	01	01	-	-	-	-	02	-	0	1	-	-	-	-	PJS-MK-MKZ	0.500	0.000	-	-	0.000	0.00	N	N	T100361
02	31348	4609	888	01012016	163500	8800400431	T100361	EM905324586MY	40150	0.500	1	01	01	-	-	-	-	02	-	0	1	-	-	-	-	PJS-SA-SHA	0.500	0.000	-	-	0.000	0.00	N	N	T100361
02	31348	4609	888	01012016	163529	8800400431	T100361	EM905317449MY	95000	0.500	1	01	01	-	-	-	-	02	-	0	1	-	-	-	-	PJS-KC-SRA	0.500	0.000	-	-	0.000	0.00	N	N	T100361
02	31348	4609	888	01012016	163545	8800400431	T100361	EM905058174MY	46050	0.500	1	01	01	-	-	-	-	02	-	0	1	-	-	-	-	PJS-PJ-PJS	0.500	0.000	-	-	0.000	0.00	N	N	T100361
02	31348	4609	888	01012016	163553	8800400431	T100361	EM905065056MY	25250	0.500	1	01	01	-	-	-	-	02	-	0	1	-	-	-	-	PJS-KU-KUA	0.500	0.000	-	-	0.000	0.00	N	N	T100361
02	31348	4609	888	01012016	163610	8800400431	T100361	EM905060310MY	42700	0.620	1	01	01	-	-	-	-	02	-	0	1	-	-	-	-	PJS-BA-BAN	0.620	0.000	-	-	0.000	0.00	N	N	T100361
02	31348	4609	888	01012016	163623	8800400431	T100361	EM905061774MY	34350	0.500	1	01	01	-	-	-	-	02	-	0	1	-	-	-	-	PJS-IP-TPG	0.500	0.000	-	-	0.000	0.00	N	N	T100361
02	31348	4609	888	01012016	163653	8800400431	T100361	EM905060306MY	79150	0.620	1	01	01	-	-	-	-	02	-	0	1	-	-	-	-	PJS-JB-JHB	0.620	0.000	-	-	0.000	0.00	N	N	T100361
02	31348	4609	888	01012016	163707	8800400431	T100361	EM905325710MY	71450	0.500	1	01	01	-	-	-	-	02	-	0	1	-	-	-	-	PJS-BH-SBN	0.500	0.000	-	-	0.000	0.00	N	N	T100361
02	31348	4609	888	01012016	163718	8800400431	T100361	EM905067383MY	47100	0.500	1	01	01	-	-	-	-	02	-	0	1	-	-	-	-	PJS-PC-POC	0.500	0.000	-	-	0.000	0.00	N	N	T100361
02	31348	4609	888	01012016	163727	8800400431	T100361	EM905326922MY	07000	0.500	1	01	01	-	-	-	-	02	-	0	1	-	-	-	-	PJS-LG-LGK	0.500	0.000	-	-	0.000	0.00	N	N	T100361
02	31348	4609	888	01012016	163742	8800400431	T100361	EM905060283MY	81900	0.500	1	01	01	-	-	-	-	02	-	0	1	-	-	-	-	PJS-JB-KTI	0.500	0.000	-	-	0.000	0.00	N	N	T100361
02	31348	4609	888	01012016	163755	8800400431	T100361	EM905051202MY	25200	0.500	1	01	01	-	-	-	-	02	-	0	1	-	-	-	-	PJS-KU-KUA	0.500	0.000	-	-	0.000	0.00	N	N	T100361
02	31348	4609	888	01012016	163812	8800400431	T100361	EM905055178MY	43400	0.500	1	01	01	-	-	-	-	02	-	0	1	-	-	-	-	PJS-BL-BLK	0.500	0.000	-	-	0.000	0.00	N	N	T100361
02	31348	4609	888	01012016	163823	8800400431	T100361	EM905070100MY	84000	0.500	1	01	01	-	-	-	-	02	-	0	1	-	-	-	-	PJS-MK-MUA	0.500	0.000	-	-	0.000	0.00	N	N	T100361
02	31348	4609	888	01012016	163840	8800400431	T100361	EM905061598MY	70450	0.620	1	01	01	-	-	-	-	01	-	0	1	-	-	-	-	PJS-BH-SBN	0.620	0.000	-	-	0.000	0.00	N	N	T100361
02	31348	4609	888	01012016	163851	8800400431	T100361	EM905063320MY	32040	0.500	1	01	01	-	-	-	-	02	-	0	1	-	-	-	-	PJS-SW-SWY	0.500	0.000	-	-	0.000	0.00	N	N	T100361
02	31348	4609	888	01012016	163923	8800400431	T100361	EM905324609MY	06250	0.500	1	01	01	-	-	-	-	02	-	0	1	-	-	-	-	PJS-AS-AOR	0.500	0.000	-	-	0.000	0.00	N	N	T100361
02	31348	4609	888	01012016	164137	8800400431	T100361	EM905221017MY	80000	0.500	1	01	01	-	-	-	-	02	-	0	1	-	-	-	-	PJS-JB-JHB	0.500	0.000	-	-	0.000	0.00	N	N	T100361
02	31348	4609	888	01012016	164145	8800400431	T100361	EM905164629MY	81750	0.500	1	01	01	-	-	-	-	02	-	0	1	-	-	-	-	PJS-JB-PGD	0.500	0.000	-	-	0.000	0.00	N	N	T100361
02	31348	4609	888	01012016	164156	8800400431	T100361	EM905030193MY	69000	0.500	1	01	01	-	-	-	-	02	-	0	1	-	-	-	-	PJS-TM-BEN	0.500	0.000	-	-	0.000	0.00	N	N	T100361
02	31348	4609	888	01012016	164206	8800400431	T100361	EM905227978MY	81700	0.500	1	01	01	-	-	-	-	02	-	0	1	-	-	-	-	PJS-JB-PGD	0.500	0.000	-	-	0.000	0.00	N	N	T100361
02	31348	4609	888	01012016	164219	8800400431	T100361	EM905325330MY	82000	0.500	1	01	01	-	-	-	-	02	-	0	1	-	-	-	-	PJS-JB-JPN	0.500	0.000	-	-	0.000	0.00	N	N	T100361
02	31348	4609	888	01012016	164245	8800400431	T100361	EM905223928MY	68100	2.080	1	01	01	-	-	-	-	01	-	0	1	-	-	-	-	PJS-KL-BBC	2.080	0.000	-	-	0.000	0.00	N	N	T100361
02	31348	4609	888	01012016	164300	8800400431	T100361	EM905323625MY	42000	0.500	1	01	01	-	-	-	-	02	-	0	1	-	-	-	-	PJS-SA-PKG	0.500	0.000	-	-	0.000	0.00	N	N	T100361
02	31348	4609	888	01012016	164311	8800400431	T100361	EM905048835MY	53300	0.500	1	01	01	-	-	-	-	02	-	0	1	-	-	-	-	PJS-KL-BBC	0.500	0.000	-	-	0.000	0.00	N	N	T100361
02	31348	4609	888	01012016	164347	8800400431	T100361	EM905043427MY	30010	0.500	1	01	01	-	-	-	-	02	-	0	1	-	-	-	-	PJS-IP-IPH	0.500	0.000	-	-	0.000	0.00	N	N	T100361
02	31348	4609	888	01012016	164359	8800400431	T100361	EM905226853MY	81900	0.500	1	01	01	-	-	-	-	02	-	0	1	-	-	-	-	PJS-JB-KTI	0.500	0.000	-	-	0.000	0.00	N	N	T100361
02	31348	4609	888	01012016	164423	8800400431	T100361	EM905324793MY	41050	0.500	1	01	01	-	-	-	-	02	-	0	1	-	-	-	-	PJS-SA-PKG	0.500	0.000	-	-	0.000	0.00	N	N	T100361
02	31348	4609	888	01012016	164439	8800400431	T100361	EM905323651MY	81200	0.500	1	01	01	-	-	-	-	02	-	0	1	-	-	-	-	PJS-JB-JHB	0.500	0.000	-	-	0.000	0.00	N	N	T100361
02	31348	4609	888	01012016	164449	8800400431	T100361	EM905033623MY	46000	0.500	1	01	01	-	-	-	-	02	-	0	1	-	-	-	-	PJS-PJ-PJS	0.500	0.000	-	-	0.000	0.00	N	N	T100361
02	31348	4609	888	01012016	164500	8800400431	T100361	EM905051940MY	58100	0.500	1	01	01	-	-	-	-	02	-	0	1	-	-	-	-	PJS-KL-KUL	0.500	0.000	-	-	0.000	0.00	N	N	T100361
02	31348	4609	888	01012016	164518	8800400431	T100361	EM905049331MY	50450	0.500	1	01	01	-	-	-	-	02	-	0	1	-	-	-	-	PJS-KL-KUL	0.500	0.000	-	-	0.000	0.00	N	N	T100361
02	31348	4609	888	01012016	164527	8800400431	T100361	EM905052463MY	32040	0.500	1	01	01	-	-	-	-	02	-	0	1	-	-	-	-	PJS-SW-SWY	0.500	0.000	-	-	0.000	0.00	N	N	T100361
02	31348	4609	888	01012016	164534	8800400431	T100361	EM905047154MY	14000	0.500	1	01	01	-	-	-	-	02	-	0	1	-	-	-	-	PJS-PE-BMJ	0.500	0.000	-	-	0.000	0.00	N	N	T100361
02	31348	4609	888	01012016	164544	8800400431	T100361	EM905322404MY	53300	0.500	1	01	01	-	-	-	-	02	-	0	1	-	-	-	-	PJS-KL-BBC	0.500	0.000	-	-	0.000	0.00	N	N	T100361
02	31348	4609	888	01012016	164552	8800400431	T100361	EM905322523MY	43200	0.500	1	01	01	-	-	-	-	02	-	0	1	-	-	-	-	PJS-BL-BLK	0.500	0.000	-	-	0.000	0.00	N	N	T100361
02	31348	4609	888	01012016	164605	8800400431	T100361	EM905324904MY	68000	0.500	1	01	01	-	-	-	-	02	-	0	1	-	-	-	-	PJS-KL-CAS	0.500	0.000	-	-	0.000	0.00	N	N	T100361
02	31348	4609	888	01012016	164616	8800400431	T100361	EM905324997MY	41250	0.500	1	01	01	-	-	-	-	02	-	0	1	-	-	-	-	PJS-SA-PKG	0.500	0.000	-	-	0.000	0.00	N	N	T100361
02	31348	4609	888	01012016	164626	8800400431	T100361	EM905319714MY	68000	0.500	1	01	01	-	-	-	-	02	-	0	1	-	-	-	-	PJS-KL-CAS	0.500	0.000	-	-	0.000	0.00	N	N	T100361
02	31348	4609	888	01012016	164658	8800400431	T100361	EM905321616MY	06500	0.500	1	01	01	-	-	-	-	02	-	0	1	-	-	-	-	PJS-AS-AOR	0.500	0.000	-	-	0.000	0.00	N	N	T100361
02	31348	4609	888	01012016	164708	8800400431	T100361	EM905225257MY	56100	0.500	1	01	01	-	-	-	-	02	-	0	1	-	-	-	-	PJS-KL-CAS	0.500	0.000	-	-	0.000	0.00	N	N	T100361
02	31348	4609	888	01012016	164715	8800400431	T100361	EM905034589MY	43500	0.500	1	01	01	-	-	-	-	02	-	0	1	-	-	-	-	PJS-BB-BBB	0.500	0.000	-	-	0.000	0.00	N	N	T100361
02	31348	4609	888	01012016	164728	8800400431	T100361	EM905046091MY	26400	0.500	1	01	01	-	-	-	-	02	-	0	1	-	-	-	-	PJS-TM-TMH	0.500	0.000	-	-	0.000	0.00	N	N	T100361
02	31348	4609	888	01012016	164743	8800400431	T100361	EM905051953MY	48000	0.500	1	01	01	-	-	-	-	02	-	0	1	-	-	-	-	PJS-KL-RWA	0.500	0.000	-	-	0.000	0.00	N	N	T100361
02	31348	4609	888	01012016	164755	8800400431	T100361	EM905034249MY	81200	0.620	1	01	01	-	-	-	-	02	-	0	1	-	-	-	-	PJS-JB-JHB	0.620	0.000	-	-	0.000	0.00	N	N	T100361
02	31348	4609	888	01012016	164807	8800400431	T100361	EM905226155MY	13400	0.500	1	01	01	-	-	-	-	02	-	0	1	-	-	-	-	PJS-PE-BWH	0.500	0.000	-	-	0.000	0.00	N	N	T100361
02	31348	4609	888	01012016	164826	8800400431	T100361	EM905051437MY	83000	0.500	1	01	01	-	-	-	-	02	-	0	1	-	-	-	-	PJS-JB-BPT	0.500	0.000	-	-	0.000	0.00	N	N	T100361
02	31348	4609	888	01012016	164838	8800400431	T100361	EM905033566MY	16100	0.620	1	01	01	-	-	-	-	02	-	0	1	-	-	-	-	PJS-KB-KBR	0.620	0.000	-	-	0.000	0.00	N	N	T100361
02	31348	4609	888	01012016	164852	8800400431	T100361	EM905038807MY	75250	0.500	1	01	01	-	-	-	-	02	-	0	1	-	-	-	-	PJS-MK-MKZ	0.500	0.000	-	-	0.000	0.00	N	N	T100361
02	31348	4609	888	01012016	165427	8800400431	T100361	EM904305807MY	30020	0.500	1	01	01	-	-	-	-	02	-	0	1	-	-	-	-	PJS-IP-IPH	0.500	0.000	-	-	0.000	0.00	N	N	T100361
02	31348	4609	888	01012016	165535	8800400431	T100361	EM905315496MY	40460	0.620	1	01	01	-	-	-	-	01	-	0	1	-	-	-	-	PJS-SA-SHA	0.620	0.000	-	-	0.000	0.00	N	N	T100361
02	31348	4609	888	01012016	165546	8800400431	T100361	EM905226385MY	56100	0.600	1	01	01	-	-	-	-	02	-	0	1	-	-	-	-	PJS-KL-CAS	0.600	0.000	-	-	0.000	0.00	N	N	T100361
02	31348	4609	888	01012016	165558	8800400431	T100361	EM905224628MY	25050	0.600	1	01	01	-	-	-	-	02	-	0	1	-	-	-	-	PJS-KU-KUA	0.600	0.000	-	-	0.000	0.00	N	N	T100361
02	31348	4609	888	01012016	165609	8800400431	T100361	EM905317982MY	25250	0.600	1	01	01	-	-	-	-	02	-	0	1	-	-	-	-	PJS-KU-KUA	0.600	0.000	-	-	0.000	0.00	N	N	T100361
02	31348	4609	888	01012016	165620	8800400431	T100361	EM905316633MY	81100	0.600	1	01	01	-	-	-	-	02	-	0	1	-	-	-	-	PJS-JB-JHB	0.600	0.000	-	-	0.000	0.00	N	N	T100361
02	31348	4609	888	01012016	165658	8800400431	T100361	EM905037072MY	89009	0.500	1	01	01	-	-	-	-	02	-	0	1	-	-	-	-	PJS-KK-KGU	0.500	0.000	-	-	0.000	0.00	N	N	T100361
02	31348	4609	888	01012016	165721	8800400431	T100361	EM905043841MY	12100	0.500	1	01	01	-	-	-	-	02	-	0	1	-	-	-	-	PJS-PE-BWH	0.500	0.000	-	-	0.000	0.00	N	N	T100361
02	31348	4609	888	01012016	165738	8800400431	T100361	EM905037333MY	93350	0.600	1	01	01	-	-	-	-	02	-	0	1	-	-	-	-	PJS-KC-KCH	0.600	0.000	-	-	0.000	0.00	N	N	T100361
02	31348	4609	888	01012016	165800	8800400431	T100361	EM905043183MY	63000	0.600	1	01	01	-	-	-	-	02	-	0	1	-	-	-	-	PJS-PT-PUT	0.600	0.000	-	-	0.000	0.00	N	N	T100361
02	31348	4609	888	01012016	165814	8800400431	T100361	EM905043081MY	40000	0.500	1	01	01	-	-	-	-	02	-	0	1	-	-	-	-	PJS-SA-SHA	0.500	0.000	-	-	0.000	0.00	N	N	T100361
02	31348	4609	888	01012016	165841	8800400431	T100361	EM905226819MY	80000	0.500	1	01	01	-	-	-	-	02	-	0	1	-	-	-	-	PJS-JB-JHB	0.500	0.000	-	-	0.000	0.00	N	N	T100361
02	31348	4609	888	01012016	165854	8800400431	T100361	EM905316457MY	87000	0.500	1	01	01	-	-	-	-	02	-	0	1	-	-	-	-	PJS-LB-LBU	0.500	0.000	-	-	0.000	0.00	N	N	T100361
02	31348	4609	888	01012016	165905	8800400431	T100361	EM905040598MY	31450	0.500	1	01	01	-	-	-	-	02	-	0	1	-	-	-	-	PJS-IP-IPH	0.500	0.000	-	-	0.000	0.00	N	N	T100361
02	31348	4609	888	01012016	165921	8800400431	T100361	EM905326247MY	25200	0.500	1	01	01	-	-	-	-	02	-	0	1	-	-	-	-	PJS-KU-KUA	0.500	0.000	-	-	0.000	0.00	N	N	T100361
02	31348	4609	888	01012016	165937	8800400431	T100361	EM905042801MY	90000	0.500	1	01	01	-	-	-	-	02	-	0	1	-	-	-	-	PJS-SD-SDK	0.500	0.000	-	-	0.000	0.00	N	N	T100361
02	31348	4609	888	01012016	165952	8800400431	T100361	EM905043546MY	81100	0.500	1	01	01	-	-	-	-	02	-	0	1	-	-	-	-	PJS-JB-JHB	0.500	0.000	-	-	0.000	0.00	N	N	T100361
02	31348	4609	888	01012016	170003	8800400431	T100361	EM905222255MY	88810	0.500	1	01	01	-	-	-	-	02	-	0	1	-	-	-	-	PJS-KK-BKI	0.500	0.000	-	-	0.000	0.00	N	N	T100361
02	31348	4609	888	01012016	170020	8800400431	T100361	EM904306731MY	50480	0.500	1	01	01	-	-	-	-	02	-	0	1	-	-	-	-	PJS-KL-KUL	0.500	0.000	-	-	0.000	0.00	N	N	T100361
02	31348	4609	888	01012016	170040	8800400431	T100361	EM905049257MY	16010	0.500	1	01	01	-	-	-	-	02	-	0	1	-	-	-	-	PJS-KB-KBR	0.500	0.000	-	-	0.000	0.00	N	N	T100361
02	31348	4609	888	01012016	170052	8800400431	T100361	EM905322545MY	08000	0.500	1	01	01	-	-	-	-	02	-	0	1	-	-	-	-	PJS-AS-SPI	0.500	0.000	-	-	0.000	0.00	N	N	T100361
02	31348	4609	888	01012016	170101	8800400431	T100361	EM905319382MY	31800	0.500	1	01	01	-	-	-	-	02	-	0	1	-	-	-	-	PJS-IP-BGH	0.500	0.000	-	-	0.000	0.00	N	N	T100361
02	31348	4609	888	01012016	170116	8800400431	T100361	EM905048870MY	50350	0.500	1	01	01	-	-	-	-	02	-	0	1	-	-	-	-	PJS-KL-KUL	0.500	0.000	-	-	0.000	0.00	N	N	T100361
02	31348	4609	888	01012016	170127	8800400431	T100361	EM904305722MY	15050	0.500	1	01	01	-	-	-	-	02	-	0	1	-	-	-	-	PJS-KB-KBR	0.500	0.000	-	-	0.000	0.00	N	N	T100361
02	31348	4609	888	01012016	170140	8800400431	T100361	EM905226632MY	68000	0.500	1	01	01	-	-	-	-	02	-	0	1	-	-	-	-	PJS-KL-CAS	0.500	0.000	-	-	0.000	0.00	N	N	T100361
02	31348	4609	888	01012016	170200	8800400431	T100361	EM904305395MY	16250	0.500	1	01	01	-	-	-	-	02	-	0	1	-	-	-	-	PJS-KB-KBR	0.500	0.000	-	-	0.000	0.00	N	N	T100361
02	31348	4609	888	01012016	170409	8800400431	T100361	EM905317568MY	21300	0.500	1	01	01	-	-	-	-	02	-	0	1	-	-	-	-	PJS-TG-TGG	0.500	0.000	-	-	0.000	0.00	N	N	T100361
02	31348	4609	888	01012016	170422	8800400431	T100361	EM905042497MY	26300	0.500	1	01	01	-	-	-	-	02	-	0	1	-	-	-	-	PJS-KU-KUA	0.500	0.000	-	-	0.000	0.00	N	N	T100361
02	31348	4609	888	01012016	170435	8800400431	T100361	EM905042276MY	15050	0.500	1	01	01	-	-	-	-	02	-	0	1	-	-	-	-	PJS-KB-KBR	0.500	0.000	-	-	0.000	0.00	N	N	T100361
02	31348	4609	888	01012016	170447	8800400431	T100361	EM904305926MY	16080	0.500	1	01	01	-	-	-	-	02	-	0	1	-	-	-	-	PJS-KB-KBR	0.500	0.000	-	-	0.000	0.00	N	N	T100361
02	31348	4609	888	01012016	170508	8800400431	T100361	EM905303881MY	82000	0.500	1	01	01	-	-	-	-	02	-	0	1	-	-	-	-	PJS-JB-JPN	0.500	0.000	-	-	0.000	0.00	N	N	T100361
02	31348	4609	888	01012016	170526	8800400431	T100361	EM905227227MY	89008	0.500	1	01	01	-	-	-	-	02	-	0	1	-	-	-	-	PJS-KK-KGU	0.500	0.000	-	-	0.000	0.00	N	N	T100361
02	31348	4609	888	01012016	170543	8800400431	T100361	EM905051088MY	53100	0.500	1	01	01	-	-	-	-	02	-	0	1	-	-	-	-	PJS-KL-BBC	0.500	0.000	-	-	0.000	0.00	N	N	T100361
02	31348	4609	888	01012016	170559	8800400431	T100361	EM905319317MY	45200	0.500	1	01	01	-	-	-	-	02	-	0	1	-	-	-	-	PJS-SW-XKS	0.500	0.000	-	-	0.000	0.00	N	N	T100361
02	31348	4609	888	01012016	170613	8800400431	T100361	EM905043166MY	47301	0.500	1	01	01	-	-	-	-	02	-	0	1	-	-	-	-	PJS-PJ-PJS	0.500	0.000	-	-	0.000	0.00	N	N	T100361
02	31348	4609	888	01012016	170626	8800400431	T100361	EM905311335MY	40150	0.500	1	01	01	-	-	-	-	02	-	0	1	-	-	-	-	PJS-SA-SHA	0.500	0.000	-	-	0.000	0.00	N	N	T100361
02	31348	4609	888	01012016	170653	8800400431	T100361	EM905318268MY	11060	0.500	1	01	01	-	-	-	-	02	-	0	1	-	-	-	-	PJS-PE-PEN	0.500	0.000	-	-	0.000	0.00	N	N	T100361
02	31348	4609	888	01012016	170708	8800400431	T100361	EM905200961MY	50586	0.500	1	01	01	-	-	-	-	02	-	0	1	-	-	-	-	PJS-KL-KUL	0.500	0.000	-	-	0.000	0.00	N	N	T100361
02	31348	4609	888	01012016	170722	8800400431	T100361	EM905291344MY	47620	0.500	1	01	01	-	-	-	-	02	-	0	1	-	-	-	-	PJS-PC-POC	0.500	0.000	-	-	0.000	0.00	N	N	T100361
02	31348	4609	888	01012016	170734	8800400431	T100361	EM905306914MY	81850	0.500	1	01	01	-	-	-	-	02	-	0	1	-	-	-	-	PJS-JB-KLU	0.500	0.000	-	-	0.000	0.00	N	N	T100361
02	31348	4609	888	01012016	170802	8800400431	T100361	EM905227788MY	55100	0.500	1	01	01	-	-	-	-	02	-	0	1	-	-	-	-	PJS-KL-CAS	0.500	0.000	-	-	0.000	0.00	N	N	T100361
02	31348	4609	888	01012016	170812	8800400431	T100361	EM905323767MY	54200	0.500	1	01	01	-	-	-	-	02	-	0	1	-	-	-	-	PJS-KL-KUL	0.500	0.000	-	-	0.000	0.00	N	N	T100361
02	31348	4609	888	01012016	170824	8800400431	T100361	EM905224472MY	16300	0.500	1	01	01	-	-	-	-	02	-	0	1	-	-	-	-	PJS-KB-KBC	0.500	0.000	-	-	0.000	0.00	N	N	T100361
02	31348	4609	888	01012016	170836	8800400431	T100361	EM905051255MY	48050	0.500	1	01	01	-	-	-	-	02	-	0	1	-	-	-	-	PJS-KD-KDS	0.500	0.000	-	-	0.000	0.00	N	N	T100361
02	31348	4609	888	01012016	170848	8800400431	T100361	EM905227880MY	21080	0.500	1	01	01	-	-	-	-	02	-	0	1	-	-	-	-	PJS-TG-TGG	0.500	0.000	-	-	0.000	0.00	N	N	T100361
02	31348	4609	888	01012016	170856	8800400431	T100361	EM905036488MY	43300	0.500	1	01	01	-	-	-	-	02	-	0	1	-	-	-	-	PJS-BL-BLK	0.500	0.000	-	-	0.000	0.00	N	N	T100361
02	31348	4609	888	01012016	170904	8800400431	T100361	EM905029694MY	98000	0.500	1	01	01	-	-	-	-	02	-	0	1	-	-	-	-	PJS-MY-MYY	0.500	0.000	-	-	0.000	0.00	N	N	T100361
02	31348	4609	888	01012016	170915	8800400431	T100361	EM905040791MY	50490	0.500	1	01	01	-	-	-	-	02	-	0	1	-	-	-	-	PJS-KL-KUL	0.500	0.000	-	-	0.000	0.00	N	N	T100361
02	31348	4609	888	01012016	170926	8800400431	T100361	EM905054022MY	50490	0.500	1	01	01	-	-	-	-	02	-	0	1	-	-	-	-	PJS-KL-KUL	0.500	0.000	-	-	0.000	0.00	N	N	T100361
02	31348	4609	888	01012016	170935	8800400431	T100361	EM905051975MY	52200	0.500	1	01	01	-	-	-	-	02	-	0	1	-	-	-	-	PJS-KE-KEP	0.500	0.000	-	-	0.000	0.00	N	N	T100361
02	31348	4609	888	01012016	171009	8800400431	T100361	EM905048971MY	47810	0.500	1	01	01	-	-	-	-	02	-	0	1	-	-	-	-	PJS-KD-KDS	0.500	0.000	-	-	0.000	0.00	N	N	T100361
02	31348	4609	888	01012016	171020	8800400431	T100361	EM905327494MY	75150	0.500	1	01	01	-	-	-	-	02	-	0	1	-	-	-	-	PJS-MK-MKZ	0.500	0.000	-	-	0.000	0.00	N	N	T100361
02	31348	4609	888	01012016	171028	8800400431	T100361	EM905042007MY	83000	0.500	1	01	01	-	-	-	-	02	-	0	1	-	-	-	-	PJS-JB-BPT	0.500	0.000	-	-	0.000	0.00	N	N	T100361
02	31348	4609	888	01012016	171057	8800400431	T100361	EM905045873MY	40300	0.500	1	01	01	-	-	-	-	02	-	0	1	-	-	-	-	PJS-SA-SHA	0.500	0.000	-	-	0.000	0.00	N	N	T100361
02	31348	4609	888	01012016	171108	8800400431	T100361	EM905032035MY	63000	0.500	1	01	01	-	-	-	-	02	-	0	1	-	-	-	-	PJS-PT-PUT	0.500	0.000	-	-	0.000	0.00	N	N	T100361
02	31348	4609	888	01012016	171119	8800400431	T100361	EM905038991MY	75350	0.500	1	01	01	-	-	-	-	02	-	0	1	-	-	-	-	PJS-MK-MKZ	0.500	0.000	-	-	0.000	0.00	N	N	T100361
02	31348	4609	888	01012016	171127	8800400431	T100361	EM905044970MY	95000	0.500	1	01	01	-	-	-	-	02	-	0	1	-	-	-	-	PJS-KC-SRA	0.500	0.000	-	-	0.000	0.00	N	N	T100361
02	31348	4609	888	01012016	171142	8800400431	T100361	EM905314898MY	55200	0.500	1	01	01	-	-	-	-	02	-	0	1	-	-	-	-	PJS-KL-CAS	0.500	0.000	-	-	0.000	0.00	N	N	T100361
02	31348	4609	888	01012016	171153	8800400431	T100361	EM905041995MY	26080	0.500	1	01	01	-	-	-	-	02	-	0	1	-	-	-	-	PJS-KU-KUA	0.500	0.000	-	-	0.000	0.00	N	N	T100361
02	31348	4609	888	01012016	171206	8800400431	T100361	EM905177548MY	24000	0.500	1	01	01	-	-	-	-	02	-	0	1	-	-	-	-	PJS-TG-CKI	0.500	0.000	-	-	0.000	0.00	N	N	T100361
02	31348	4609	888	01012016	171219	8800400431	T100361	EM905226323MY	58200	0.500	1	01	01	-	-	-	-	02	-	0	1	-	-	-	-	PJS-KL-KUL	0.500	0.000	-	-	0.000	0.00	N	N	T100361
02	31348	4609	888	01012016	171231	8800400431	T100361	EM905043577MY	81750	0.500	1	01	01	-	-	-	-	02	-	0	1	-	-	-	-	PJS-JB-PGD	0.500	0.000	-	-	0.000	0.00	N	N	T100361
02	31348	4609	888	01012016	171249	8800400431	T100361	EM905030406MY	88450	0.500	1	01	01	-	-	-	-	02	-	0	1	-	-	-	-	PJS-KK-BKI	0.500	0.000	-	-	0.000	0.00	N	N	T100361
02	31348	4609	888	01012016	171259	8800400431	T100361	EM905049022MY	53300	0.500	1	01	01	-	-	-	-	02	-	0	1	-	-	-	-	PJS-KL-BBC	0.500	0.000	-	-	0.000	0.00	N	N	T100361
02	31348	4609	888	01012016	171331	8800400431	T100361	EM905039008MY	16150	0.500	1	01	01	-	-	-	-	02	-	0	1	-	-	-	-	PJS-KB-KBR	0.500	0.000	-	-	0.000	0.00	N	N	T100361
02	31348	4609	888	01012016	171341	8800400431	T100361	EM905323594MY	10470	0.500	1	01	01	-	-	-	-	02	-	0	1	-	-	-	-	PJS-PE-PEN	0.500	0.000	-	-	0.000	0.00	N	N	T100361
02	31348	4609	888	01012016	171350	8800400431	T100361	EM905037996MY	76100	0.500	1	01	01	-	-	-	-	02	-	0	1	-	-	-	-	PJS-MK-MKZ	0.500	0.000	-	-	0.000	0.00	N	N	T100361
02	31348	4609	888	01012016	171404	8800400431	T100361	EM905051065MY	43950	0.500	1	01	01	-	-	-	-	02	-	0	1	-	-	-	-	PJS-BA-BAN	0.500	0.000	-	-	0.000	0.00	N	N	T100361
02	31348	4609	888	01012016	171415	8800400431	T100361	EM905325198MY	47650	0.500	1	01	01	-	-	-	-	02	-	0	1	-	-	-	-	PJS-PC-POC	0.500	0.000	-	-	0.000	0.00	N	N	T100361
02	31348	4609	888	01012016	171423	8800400431	T100361	EM904294335MY	88857	0.500	1	01	01	-	-	-	-	02	-	0	1	-	-	-	-	PJS-KK-BKI	0.500	0.000	-	-	0.000	0.00	N	N	T100361
02	31348	4609	888	01012016	171433	8800400431	T100361	EM904305798MY	28200	0.500	1	01	01	-	-	-	-	02	-	0	1	-	-	-	-	PJS-TM-TMH	0.500	0.000	-	-	0.000	0.00	N	N	T100361
02	31348	4609	888	01012016	171459	8800400431	T100361	EM905224407MY	50250	0.500	1	01	01	-	-	-	-	02	-	0	1	-	-	-	-	PJS-KL-KUL	0.500	0.000	-	-	0.000	0.00	N	N	T100361
02	31348	4609	888	01012016	171509	8800400431	T100361	EM905221745MY	56000	0.500	1	01	01	-	-	-	-	02	-	0	1	-	-	-	-	PJS-KL-CAS	0.500	0.000	-	-	0.000	0.00	N	N	T100361
02	31348	4609	888	01012016	171526	8800400431	T100361	EM905042109MY	81900	0.500	1	01	01	-	-	-	-	02	-	0	1	-	-	-	-	PJS-JB-KTI	0.500	0.000	-	-	0.000	0.00	N	N	T100361
