29078	0805	300	03012016	064050	CP132575525MY	11	PCL BIASA
29078	0805	300	03012016	064052	CP132575542MY	11	PCL BIASA
29078	0805	300	03012016	064055	CD195718640MY	11	PCL BIASA
29078	0805	300	03012016	064059	CD328269396MY	11	PCL BIASA
29078	0805	300	03012016	064100	CD195718653MY	11	PCL BIASA
29078	0805	300	03012016	064103	CD323520444MY	11	PCL BIASA
29078	0805	300	03012016	064105	CD324149509MY	11	PCL BIASA
29078	0805	300	03012016	064107	CD323520400MY	11	PCL BIASA
29078	0805	300	03012016	064108	CD195718401MY	11	PCL BIASA
29078	0805	300	03012016	064110	CD199947400MY	11	PCL BIASA
29078	0805	300	03012016	064112	CD178676998MY	11	PCL BIASA
29078	0805	300	03012016	064123	CD178677018MY	11	PCL BIASA
29078	0805	300	03012016	064140	CD178676975MY	11	PCL BIASA
29078	0805	300	03012016	064142	CP123843020MY	11	PCL BIASA
29078	0805	300	03012016	064143	CP132584986MY	11	PCL BIASA
29078	0805	300	03012016	064200	CD320167780MY	11	PCL BIASA
29078	0805	300	03012016	064201	CD320167802MY	11	PCL BIASA
29078	0805	300	03012016	064205	CD320167793MY	11	PCL BIASA
29078	0805	300	03012016	064210	CD178673311MY	11	PCL BIASA
29078	0805	300	03012016	064211	CD130835430MY	11	PCL BIASA
29078	0805	300	03012016	064212	CD192487227MY	11	PCL BIASA
29078	0805	300	03012016	064213	CD320167762MY	11	PCL BIASA
29078	0805	300	03012016	064215	CD320167759MY	11	PCL BIASA
29078	0805	300	03012016	064217	CD320167731MY	11	PCL BIASA
29078	0805	300	03012016	064218	CD320167745MY	11	PCL BIASA
29078	0805	300	03012016	064223	CD324149512MY	11	PCL BIASA
29078	0805	300	03012016	064225	CD323105475MY	11	PCL BIASA
29078	0805	300	03012016	064226	CD199947395MY	11	PCL BIASA
29078	0805	300	03012016	064227	CD199947373MY	11	PCL BIASA
29078	0805	300	03012016	064229	CD323521759MY	11	PCL BIASA
29078	0805	300	03012016	064230	CD308014525MY	11	PCL BIASA
29078	0805	300	03012016	064231	CD323521762MY	11	PCL BIASA
29078	0805	300	03012016	064232	CD319622481MY	11	PCL BIASA
29078	0805	300	03012016	064238	CD178676984MY	11	PCL BIASA
29078	0805	300	03012016	064239	CD324149526MY	11	PCL BIASA
29078	0805	300	03012016	064242	CD320166974MY	11	PCL BIASA
