23459	7005	713	03012016	063731	CP135147993MY	21	GPO SBN
23459	7005	713	03012016	063734	CP135147976MY	21	GPO SBN
23459	7005	713	03012016	063752	CD322512818MY	21	GPO SBN
23459	7005	713	03012016	063854	CD315489169MY	21	GPO SBN
23459	7005	713	03012016	063859	CD315489141MY	21	GPO SBN
23459	7005	713	03012016	063904	CD315489107MY	21	GPO SBN
23459	7005	713	03012016	063910	CD315489186MY	21	GPO SBN
23459	7005	713	03012016	063919	CD315489115MY	21	GPO SBN
23459	7005	713	03012016	063932	CD315489138MY	21	GPO SBN
23459	7005	713	03012016	063944	CD315489274MY	21	GPO SBN
23459	7005	713	03012016	063951	CD315489098MY	21	GPO SBN
23459	7005	713	03012016	063956	CD315489124MY	21	GPO SBN
23459	7005	713	03012016	064017	CD315489155MY	21	GPO SBN
23459	7005	713	03012016	064019	CD315489521MY	21	GPO SBN
23459	7005	713	03012016	064041	CD199076892MY	21	GPO SBN
23459	7005	713	03012016	064050	CD199076858MY	21	GPO SBN
23459	7005	713	03012016	064058	CD199076844MY	21	GPO SBN
23459	7005	713	03012016	064112	CD315159998MY	21	GPO SBN
23459	7005	713	03012016	064119	CD315160007MY	21	GPO SBN
23459	7005	713	03012016	064123	CD315159984MY	21	GPO SBN
23459	7005	713	03012016	064128	CD315157379MY	21	GPO SBN
23459	7005	713	03012016	064136	CD315157365MY	21	GPO SBN
23459	7005	713	03012016	064143	CD315157396MY	21	GPO SBN
23459	7005	713	03012016	064152	CD315157351MY	21	GPO SBN
23459	7005	713	03012016	064206	CD315157095MY	21	GPO SBN
23459	7005	713	03012016	064218	CD315489376MY	21	GPO SBN
23459	7005	713	03012016	064229	CP304377348MY	21	GPO SBN
23459	7005	713	03012016	064233	CD315489345MY	21	GPO SBN
23459	7005	713	03012016	064244	CD315157087MY	21	GPO SBN
23459	7005	713	03012016	064250	CD315157073MY	21	GPO SBN
23459	7005	713	03012016	064255	CD315157100MY	21	GPO SBN
23459	7005	713	03012016	064322	CD315489963MY	21	GPO SBN
23459	7005	713	03012016	064336	CD315489875MY	21	GPO SBN
23459	7005	713	03012016	064350	CD315489835MY	21	GPO SBN
23459	7005	713	03012016	064437	CD315489827MY	21	GPO SBN
23459	7005	713	03012016	064444	CD144097990MY	21	GPO SBN
23459	7005	713	03012016	064505	CD320445262MY	21	GPO SBN
23459	7005	713	03012016	064512	CD323992174MY	21	GPO SBN
23459	7005	713	03012016	064513	CD323992157MY	21	GPO SBN
23459	7005	713	03012016	064515	CD322513036MY	21	GPO SBN
23459	7005	713	03012016	064517	CD315156594MY	21	GPO SBN
23459	7005	713	03012016	064521	CD315467340MY	21	GPO SBN
23459	7005	713	03012016	064525	CD193436819MY	21	GPO SBN
23459	7005	713	03012016	064535	CD315489773MY	21	GPO SBN
23459	7005	713	03012016	064543	CD315489892MY	21	GPO SBN
23459	7005	713	03012016	064551	CD315489265MY	21	GPO SBN
23459	7005	713	03012016	064608	CD315489787MY	21	GPO SBN
23459	7005	713	03012016	064619	CD315489932MY	21	GPO SBN
23459	7005	713	03012016	064648	CD315489393MY	21	GPO SBN
23459	7005	713	03012016	064653	CD315489742MY	21	GPO SBN
23459	7005	713	03012016	064656	CD315489795MY	21	GPO SBN
23459	7005	713	03012016	064720	CD315489739MY	21	GPO SBN
23459	7005	713	03012016	064735	CD199076835MY	21	GPO SBN
23459	7005	713	03012016	064745	CD315489915MY	21	GPO SBN
23459	7005	713	03012016	064755	CD315621619MY	21	GPO SBN
23459	7005	713	03012016	064810	CD199030414MY	21	GPO SBN
23459	7005	713	03012016	064820	CD315489711MY	21	GPO SBN
23459	7005	713	03012016	064829	CP305206305MY	21	GPO SBN
23459	7005	713	03012016	064839	CP301970574MY	21	GPO SBN
23459	7005	713	03012016	064854	CD315621401MY	21	GPO SBN
23459	7005	713	03012016	064906	CP301689531MY	21	GPO SBN
23459	7005	713	03012016	064907	CP301689942MY	21	GPO SBN
23459	7005	713	03012016	064927	CP301970543MY	21	GPO SBN
23459	7005	713	03012016	064937	CD196690466MY	21	GPO SBN
23459	7005	713	03012016	065011	CD321735495MY	21	GPO SBN
23459	7005	713	03012016	065015	CD321735473MY	21	GPO SBN
23459	7005	713	03012016	065017	CD321735487MY	21	GPO SBN
23459	7005	713	03012016	065033	CD315489861MY	21	GPO SBN
23459	7005	713	03012016	065055	CD158218928MY	21	GPO SBN
23459	7005	713	03012016	065105	CD199076861MY	21	GPO SBN
23459	7005	713	03012016	065119	CD199076827MY	21	GPO SBN
23459	7005	713	03012016	065122	CD301258253MY	21	GPO SBN
23459	7005	713	03012016	065130	CD315156634MY	21	GPO SBN
23459	7005	713	03012016	065140	CD199076901MY	21	GPO SBN
23459	7005	713	03012016	065146	CD306252663MY	21	GPO SBN
23459	7005	713	03012016	065155	CD315621171MY	21	GPO SBN
23459	7005	713	03012016	065203	CD321736575MY	21	GPO SBN
23459	7005	713	03012016	065212	CD321736598MY	21	GPO SBN
23459	7005	713	03012016	065219	CP301970557MY	21	GPO SBN
23459	7005	713	03012016	065228	CP307550155MY	21	GPO SBN
23459	7005	713	03012016	065236	CD199076889MY	21	GPO SBN
23459	7005	713	03012016	065245	CD315467336MY	21	GPO SBN
23459	7005	713	03012016	065250	CD197144422MY	21	GPO SBN
23459	7005	713	03012016	065259	CP307396947MY	21	GPO SBN
23459	7005	713	03012016	065307	CD315489756MY	21	GPO SBN
23459	7005	713	03012016	065316	CD315489844MY	21	GPO SBN
23459	7005	713	03012016	065320	CD315489760MY	21	GPO SBN
23459	7005	713	03012016	065330	CD315467322MY	21	GPO SBN
23459	7005	713	03012016	065336	CD315489725MY	21	GPO SBN
23459	7005	713	03012016	065340	CD315157762MY	21	GPO SBN
23459	7005	713	03012016	065349	CD315489946MY	21	GPO SBN
23459	7005	713	03012016	065400	CP301970588MY	21	GPO SBN
23459	7005	713	03012016	065403	CP301495544MY	21	GPO SBN
23459	7005	713	03012016	065416	CP305206132MY	21	GPO SBN
23459	7005	713	03012016	065424	CD158218477MY	21	GPO SBN
23459	7005	713	03012016	065429	CD320264367MY	21	GPO SBN
23459	7005	713	03012016	065432	CP305206340MY	21	GPO SBN
23459	7005	713	03012016	065440	CP305206353MY	21	GPO SBN
23459	7005	713	03012016	065445	CD158055703MY	21	GPO SBN
23459	7005	713	03012016	065448	CD197199298MY	21	GPO SBN
23459	7005	713	03012016	065455	CD315621446MY	21	GPO SBN
23459	7005	713	03012016	065501	CD315157039MY	21	GPO SBN
23459	7005	713	03012016	065506	CD315157042MY	21	GPO SBN
23459	7005	713	03012016	065517	CD315621185MY	21	GPO SBN
23459	7005	713	03012016	065520	CD312480850MY	21	GPO SBN
23459	7005	713	03012016	065529	CP301970251MY	21	GPO SBN
23459	7005	713	03012016	065542	CD312480815MY	21	GPO SBN
23459	7005	713	03012016	065550	CP301970565MY	21	GPO SBN
23459	7005	713	03012016	065603	CD315157060MY	21	GPO SBN
23459	7005	713	03012016	065612	CD315621463MY	21	GPO SBN
23459	7005	713	03012016	065616	CD312480829MY	21	GPO SBN
23459	7005	713	03012016	065620	CD312480832MY	21	GPO SBN
23459	7005	713	03012016	065625	CD199076875MY	21	GPO SBN
23459	7005	713	03012016	065630	CD318775910MY	21	GPO SBN
23459	7005	713	03012016	065637	CD321735782MY	21	GPO SBN
23459	7005	713	03012016	065640	CD158055725MY	21	GPO SBN
23459	7005	713	03012016	065644	CD301258236MY	21	GPO SBN
23459	7005	713	03012016	065649	CD165445125MY	21	GPO SBN
23459	7005	713	03012016	065657	CP301970217MY	21	GPO SBN
23459	7005	713	03012016	065659	CD319385155MY	21	GPO SBN
23459	7005	713	03012016	065702	CD312480801MY	21	GPO SBN
23459	7005	713	03012016	065710	CP301970265MY	21	GPO SBN
23459	7005	713	03012016	065717	CD315621959MY	21	GPO SBN
23459	7005	713	03012016	065722	CD314468162MY	21	GPO SBN
23459	7005	713	03012016	065727	CD158619577MY	21	GPO SBN
23459	7005	713	03012016	065732	CD320445259MY	21	GPO SBN
23459	7005	713	03012016	065739	CD158055717MY	21	GPO SBN
23459	7005	713	03012016	065745	CD158055368MY	21	GPO SBN
23459	7005	713	03012016	065752	CD319661785MY	21	GPO SBN
23459	7005	713	03012016	065755	CP301668505MY	21	GPO SBN
23459	7005	713	03012016	065758	CD195548906MY	21	GPO SBN
23459	7005	713	03012016	065801	CD196959868MY	21	GPO SBN
23459	7005	713	03012016	065804	CD195548897MY	21	GPO SBN
23459	7005	713	03012016	065808	CD193436805MY	21	GPO SBN
23459	7005	713	03012016	065815	CP301970591MY	21	GPO SBN
23459	7005	713	03012016	065819	CD315621962MY	21	GPO SBN
23459	7005	713	03012016	065834	CP305206375MY	21	GPO SBN
23459	7005	713	03012016	065838	CP127739402MY	21	GPO SBN
23459	7005	713	03012016	065849	CD321735990MY	21	GPO SBN
23459	7005	713	03012016	065853	CD315159785MY	21	GPO SBN
23459	7005	713	03012016	065857	CD196690364MY	21	GPO SBN
23459	7005	713	03012016	065903	CD165445148MY	21	GPO SBN
23459	7005	713	03012016	065907	CP305205106MY	21	GPO SBN
23459	7005	713	03012016	065919	CD141779654MY	21	GPO SBN
23459	7005	713	03012016	065925	CD312480789MY	21	GPO SBN
23459	7005	713	03012016	065933	CD315621485MY	21	GPO SBN
23459	7005	713	03012016	065942	CP301465159MY	21	GPO SBN
23459	7005	713	03012016	065950	CD315157056MY	21	GPO SBN
23459	7005	713	03012016	070001	CD199153869MY	21	GPO SBN
23459	7005	713	03012016	070010	CP305206129MY	21	GPO SBN
23459	7005	713	03012016	070017	CP301668196MY	21	GPO SBN
23459	7005	713	03012016	070022	CD314468176MY	21	GPO SBN
23459	7005	713	03012016	070023	CD315467353MY	21	GPO SBN
23459	7005	713	03012016	070025	CD315621636MY	21	GPO SBN
23459	7005	713	03012016	070031	CD199153890MY	21	GPO SBN
23459	7005	713	03012016	070039	CP301970248MY	21	GPO SBN
23459	7005	713	03012016	070041	CD158055734MY	21	GPO SBN
23459	7005	713	03012016	070046	CD199153245MY	21	GPO SBN
23459	7005	713	03012016	070050	CD315159471MY	21	GPO SBN
23459	7005	713	03012016	070100	CD151442844MY	21	GPO SBN
23459	7005	713	03012016	070104	CD193436796MY	21	GPO SBN
23459	7005	713	03012016	070107	CD144156021MY	21	GPO SBN
23459	7005	713	03012016	070109	CD315489583MY	21	GPO SBN
23459	7005	713	03012016	070115	CD144156035MY	21	GPO SBN
23459	7005	713	03012016	070120	CD158218790MY	21	GPO SBN
23459	7005	713	03012016	070221	CD193436765MY	21	GPO SBN
23459	7005	713	03012016	070130	CD193436779MY	21	GPO SBN
23459	7005	713	03012016	070137	CP135148035MY	21	GPO SBN
23459	7005	713	03012016	070141	CD315489566MY	21	GPO SBN
23459	7005	713	03012016	070147	CD315159825MY	21	GPO SBN
23459	7005	713	03012016	070154	CP302663527MY	21	GPO SBN
23459	7005	713	03012016	070158	CD315159865MY	21	GPO SBN
23459	7005	713	03012016	070211	CP135148013MY	21	GPO SBN
23459	7005	713	03012016	070223	CD193436782MY	21	GPO SBN
23459	7005	713	03012016	070230	CD158619617MY	21	GPO SBN
23459	7005	713	03012016	070244	CD187687716MY	21	GPO SBN
23459	7005	713	03012016	070250	CD315159834MY	21	GPO SBN
23459	7005	713	03012016	070252	CD315159817MY	21	GPO SBN
23459	7005	713	03012016	070300	CD315159848MY	21	GPO SBN
23459	7005	713	03012016	070308	CD197144405MY	21	GPO SBN
23459	7005	713	03012016	070316	CD322512821MY	21	GPO SBN
23459	7005	713	03012016	070325	CD315621208MY	21	GPO SBN
23459	7005	713	03012016	070331	CD321735938MY	21	GPO SBN
23459	7005	713	03012016	070334	CP301970279MY	21	GPO SBN
23459	7005	713	03012016	070339	CD312480792MY	21	GPO SBN
23459	7005	713	03012016	070343	CD312480846MY	21	GPO SBN
23459	7005	713	03012016	070349	CP301970225MY	21	GPO SBN
23459	7005	713	03012016	070419	CP301970906MY	21	GPO SBN
23459	7005	713	03012016	070359	CP301970177MY	21	GPO SBN
23459	7005	713	03012016	070405	CD158619594MY	21	GPO SBN
23459	7005	713	03012016	070408	CD301258240MY	21	GPO SBN
23459	7005	713	03012016	070425	CD315159851MY	21	GPO SBN
23459	7005	713	03012016	070434	CD144156049MY	21	GPO SBN
23459	7005	713	03012016	070437	CD158218429MY	21	GPO SBN
23459	7005	713	03012016	070442	CD315159879MY	21	GPO SBN
23459	7005	713	03012016	070446	CD196690205MY	21	GPO SBN
23459	7005	713	03012016	070455	CD199153926MY	21	GPO SBN
23459	7005	713	03012016	070501	CD315621199MY	21	GPO SBN
23459	7005	713	03012016	070504	CD319385495MY	21	GPO SBN
23459	7005	713	03012016	070506	CP135148058MY	21	GPO SBN
23459	7005	713	03012016	070513	CD315156617MY	21	GPO SBN
23459	7005	713	03012016	070515	CD315621675MY	21	GPO SBN
23459	7005	713	03012016	070518	CD315489800MY	21	GPO SBN
23459	7005	713	03012016	070522	CD199076813MY	21	GPO SBN
23459	7005	713	03012016	070530	CD187687818MY	21	GPO SBN
23459	7005	713	03012016	070533	CD320264375MY	21	GPO SBN
23459	7005	713	03012016	070547	CD199153909MY	21	GPO SBN
23459	7005	713	03012016	070549	CD158218914MY	21	GPO SBN
23459	7005	713	03012016	070559	CD158619563MY	21	GPO SBN
23459	7005	713	03012016	070606	CP301970367MY	21	GPO SBN
23459	7005	713	03012016	070612	CD321736726MY	21	GPO SBN
23459	7005	713	03012016	070621	CP301970163MY	21	GPO SBN
23459	7005	713	03012016	070626	CD187687733MY	21	GPO SBN
