13925	9601	903	03012016	025914	EN065881732MY	13	ITEM SELF COLLECT DKT KAUNTER
13925	9601	903	03012016	025917	EP127616111MY	13	ITEM SELF COLLECT DKT KAUNTER
13925	9601	903	03012016	025920	EF791140083MY	13	ITEM SELF COLLECT DKT KAUNTER
13925	9601	903	03012016	025922	EF831157645MY	13	ITEM SELF COLLECT DKT KAUNTER
13925	9601	903	03012016	025924	EP211068171MY	13	ITEM SELF COLLECT DKT KAUNTER
13925	9601	903	03012016	025928	EF819493295MY	13	ITEM SELF COLLECT DKT KAUNTER
13925	9601	903	03012016	030035	EH117490677MY	13	DKT KAUNTER
13925	9601	903	03012016	030211	EN083182428MY	13	ITEM SERAH KEPPL SVC
13925	9601	903	03012016	030217	EP161841231MY	13	ITEM SERAH KEPPL SVC
13925	9601	903	03012016	030225	EH132030275MY	13	ITEM SERAH KEPPL SVC
13925	9601	903	03012016	030228	EH127039538MY	13	ITEM SERAH KEPPL SVC
13925	9601	903	03012016	030232	EN083181294MY	13	ITEM SERAH KEPPL SVC
13925	9601	903	03012016	030236	EF762694567MY	13	ITEM SERAH KEPPL SVC
13925	9601	903	03012016	030240	EN013804602MY	13	ITEM SERAH KEPPL SVC
13925	9601	903	03012016	030249	EP150103323MY	13	ITEM SERAH KEPPL SVC
13925	9601	903	03012016	030255	EP066016292MY	13	ITEM SERAH KEPPL SVC
13925	9601	903	03012016	030258	LH105106947MY	13	ITEM SERAH KEPPL SVC
13925	9601	903	03012016	030301	EN010328630MY	13	ITEM SERAH KEPPL SVC
13925	9601	903	03012016	030307	EH155893566MY	13	ITEM SERAH KEPPL SVC
13925	9601	903	03012016	030310	LD205022459MY	13	ITEM SERAH KEPPL SVC
