35992	8800	241	01012016	094650	EH120915575MY	01	MUHAMA	SAIN	01	-	-	-	-	-	-	-	-	-	N	-
35992	8800	241	01012016	095359	12172655526	01	KHOO	SAIN	01	-	-	-	-	-	-	-	-	-	N	-
35992	8800	241	01012016	095753	EH061028988MY	01	TEO	SAIN	01	-	-	-	-	-	-	-	-	-	N	-
35992	8800	241	01012016	100004	EN073867445MY	02	-	-	-	-	-	TINGAL KAD..	-	-	-	-	-	-	-	-
35992	8800	241	01012016	100023	EF849141884MY	02	-	-	-	-	-	TINGAL KAD..	-	-	-	-	-	-	-	-
35992	8800	241	01012016	100421	EF594088197MY	01	CHONG	SAIN	01	-	-	-	-	-	-	-	-	-	N	-
35992	8800	241	01012016	100431	ED282500125MY	02	-	-	-	-	-	TINGAL KAD,,	-	-	-	-	-	-	-	-
35992	8800	241	01012016	100433	EF854918787MY	02	-	-	-	-	-	TINGAL KAD,,	-	-	-	-	-	-	-	-
35992	8800	241	01012016	101844	LZ660681245US	02	-	-	-	-	-	TINGAL KAD..	-	-	-	-	-	-	-	-
35992	8800	241	01012016	101847	EH105631063MY	02	-	-	-	-	-	TINGAL KAD..	-	-	-	-	-	-	-	-
35992	8800	241	01012016	101850	EF862131864MY	02	-	-	-	-	-	TINGAL KAD..	-	-	-	-	-	-	-	-
35992	8800	241	01012016	101857	EF772900396MY	02	-	-	-	-	-	TINGAL KAD..	-	-	-	-	-	-	-	-
35992	8800	241	01012016	101900	EN072694488MY	02	-	-	-	-	-	TINGAL KAD..	-	-	-	-	-	-	-	-
35992	8800	241	01012016	102203	EH047366239MY	01	ALI	SAIN	01	-	-	-	-	-	-	-	-	-	N	-
35992	8800	241	01012016	102236	EH043303613MY	01	ALI	SAIN	01	-	-	-	-	-	-	-	-	-	N	-
35992	8800	241	01012016	102917	CC665312834FR	01	MAMAT	SAIN	01	-	-	-	-	-	-	-	-	-	N	-
35992	8800	241	01012016	102919	CP169571787AU	01	MAMAT	SAIN	01	-	-	-	-	-	-	-	-	-	N	-
35992	8800	241	01012016	103423	EE715040257TW	01	SUSELIA	SAIN	01	-	-	-	-	-	-	-	-	-	N	-
35992	8800	241	01012016	103926	EN024960020MY	02	-	-	-	-	-	TINGAL KAD SAB9839	-	-	-	-	-	-	-	-
35992	8800	241	01012016	104227	EP030979759MY	01	TAN WEE	SAIN	01	-	-	-	-	-	-	-	-	-	N	-
35992	8800	241	01012016	104528	EN042058942MY	01	JOANA	SAIN	01	-	-	-	-	-	-	-	-	-	N	-
35992	8800	241	01012016	104808	EP141874893MY	01	WEDDY	SAIN	01	-	-	-	-	-	-	-	-	-	N	-
35992	8800	241	01012016	105701	12172770864	01	CHAN	SAIN	01	-	-	-	-	-	-	-	-	-	N	-
35992	8800	241	01012016	105847	EP203221001MY	02	-	-	-	-	-	TIDAK DIKENALI..	-	-	-	-	-	-	-	-
35992	8800	241	01012016	105925	EP203221001MY	07	-	-	-	-	-	ALAMAT TIDAK LENGKAP..	-	-	-	-	-	-	-	-
35992	8800	241	01012016	110206	LD207374498MY	01	MR RAYMOND TI	POBOX	06	-	-	-	-	-	-	-	-	-	N	-
35992	8800	241	01012016	110212	LD207374440MY	01	MR RAYMOND TI	POBOX	06	-	-	-	-	-	-	-	-	-	N	-
35992	8800	241	01012016	110659	EP159081497MY	02	-	-	-	-	-	TINGAL KAD.SL3134	-	-	-	-	-	-	-	-
35992	8800	241	01012016	111000	EM905199883MY	01	FARHANA	SERAH	01	-	-	-	-	-	-	-	-	-	N	-
35992	8800	241	01012016	111001	EH017919530MY	01	FARHANA	SERAH	01	-	-	-	-	-	-	-	-	-	N	-
35992	8800	241	01012016	111125	EN079948624MY	01	JUHIM	SAIN	01	-	-	-	-	-	-	-	-	-	N	-
35992	8800	241	01012016	111633	EH007282601MY	01	JOANA	SAIN	01	-	-	-	-	-	-	-	-	-	N	-
35992	8800	241	01012016	111926	EH061917799MY	01	CHONG	SAIN	01	-	-	-	-	-	-	-	-	-	N	-
35992	8800	241	01012016	112436	LG203371139MY	01	A OI GA	POBOX	01	-	-	-	-	-	-	-	-	-	N	-
35992	8800	241	01012016	112915	EN062494249MY	01	CHAN	SIAN	01	-	-	-	-	-	-	-	-	-	N	-
35992	8800	241	01012016	113808	EG482198025MY	01	CHONG	SAIN	01	-	-	-	-	-	-	-	-	-	N	-
35992	8800	241	01012016	114133	EN080214064MY	01	CHING	SAIN	01	-	-	-	-	-	-	-	-	-	N	-
35992	8800	241	01012016	114445	EM912238843MY	01	JUJI	SAIN	01	-	-	-	-	-	-	-	-	-	N	-
35992	8800	241	01012016	114811	EH138865450MY	01	ADONG	SAIN	01	-	-	-	-	-	-	-	-	-	N	-
35992	8800	241	01012016	115157	LG205904167MY	01	PEGURUS AM	POBOX	06	-	-	-	-	-	-	-	-	-	N	-
35992	8800	241	01012016	115334	EF804866185MY	01	YUNCUNG	COP	01	-	-	-	-	-	-	-	-	-	N	-
35992	8800	241	01012016	115348	EH068976880MY	01	YUNCUNG	COP	01	-	-	-	-	-	-	-	-	-	N	-
35992	8800	241	01012016	115903	EH138905587MY	01	JUKIAH	SAIN	01	-	-	-	-	-	-	-	-	-	N	-
35992	8800	241	01012016	121219	CW561530575US	06	-	-	-	-	SUM	ISNIN OPEN	-	-	-	-	-	-	-	-
35992	8800	241	01012016	121246	EF865635945MY	06	-	-	-	-	SUNSHINE	ISNIN OPEN	-	-	-	-	-	-	-	-
35992	8800	241	01012016	121325	EP162406777MY	06	-	-	-	-	ROZITA	ISNIN OPEN	-	-	-	-	-	-	-	-
35992	8800	241	01012016	121346	EN027989985MY	06	-	-	-	-	KK PR OSTHETIC	ISNIN OPEN	-	-	-	-	-	-	-	-
35992	8800	241	01012016	121428	EP154640883MY	06	-	-	-	-	JULIA	ISNIN OPEN	-	-	-	-	-	-	-	-
