35689	8800	813	01012016	135644	EP095309510MY	07	-	-	-	-	-	TINGGAL KAD	-	-	-	-	-	-	-	-
35689	8800	813	01012016	135651	EF870842557MY	07	-	-	-	-	-	TINGGAL KAD	-	-	-	-	-	-	-	-
35689	8800	813	01012016	135701	EH127151996MY	07	-	-	-	-	-	TINGGAL KAD	-	-	-	-	-	-	-	-
35689	8800	813	01012016	135706	EP082201956MY	07	-	-	-	-	-	TINGGAL KAD	-	-	-	-	-	-	-	-
35689	8800	813	01012016	135710	EN074370595MY	07	-	-	-	-	-	TINGGAL KAD	-	-	-	-	-	-	-	-
35689	8800	813	01012016	135714	EN082170410MY	07	-	-	-	-	-	TINGGAL KAD	-	-	-	-	-	-	-	-
35689	8800	813	01012016	135821	EN046077791MY	01	CHUNG	850729075199	01	-	-	-	-	-	-	-	-	-	N	-
35689	8800	813	01012016	135955	EH104766890MY	01	KOMARIAH	A9058093	01	-	-	-	-	-	-	-	-	-	N	-
35689	8800	813	01012016	140016	EP110217129MY	01	JAYZWAN	850777125115	01	-	-	-	-	-	-	-	-	-	N	-
35689	8800	813	01012016	140100	EN052318240MY	01	GHAZALI	820720125289	01	-	-	-	-	-	-	-	-	-	N	-
35689	8800	813	01012016	140127	EP151318422MY	01	GHAZALI	820120125281	01	-	-	-	-	-	-	-	-	-	N	-
35689	8800	813	01012016	140155	EF719429643MY	01	MOHD NOR	900126125903	01	-	-	-	-	-	-	-	-	-	N	-
35689	8800	813	01012016	140220	EN083139481MY	01	HERFAN	951228125015	01	-	-	-	-	-	-	-	-	-	N	-
35689	8800	813	01012016	140236	EH079326219MY	01	MOHD NOOR	900126125903	01	-	-	-	-	-	-	-	-	-	N	-
35689	8800	813	01012016	140252	EH126246953MY	01	GULSHAH	870123125110	01	-	-	-	-	-	-	-	-	-	N	-
35689	8800	813	01012016	140308	EH001152104MY	01	YUSOF	501202125043	01	-	-	-	-	-	-	-	-	-	N	-
35689	8800	813	01012016	140325	EN101253088MY	01	LO MUI	730404125286	01	-	-	-	-	-	-	-	-	-	N	-
35689	8800	813	01012016	140403	EH054578358MY	01	FANDY	860930496541	01	-	-	-	-	-	-	-	-	-	N	-
35689	8800	813	01012016	140437	EP057790283MY	01	ZAHLIA	771030126716	01	-	-	-	-	-	-	-	-	-	N	-
35689	8800	813	01012016	141314	EP165453780MY	01	AWALUDIN	821229125329	01	-	-	-	-	-	-	-	-	-	N	-
