SBN01	7005	312	01012016	152058	EH144531019MY	01	KAMARUL	5785	01	-	-	-	-	-	-	-	-	-	N	-
SBN01	7005	312	01012016	152127	EH065878367MY	01	LIM KOK	5115	01	-	-	-	-	-	-	-	-	-	N	-
SBN01	7005	312	01012016	152219	EM905157530MY	01	TAN POH	5342	01	-	-	-	-	-	-	-	-	-	N	-
SBN01	7005	312	01012016	152244	EH156044464MY	01	CHAN TL	40153304	01	-	-	-	-	-	-	-	-	-	N	-
SBN01	7005	312	01012016	152323	EF858296266MY	01	ATIKA	5356	01	-	-	-	-	-	-	-	-	-	N	-
SBN01	7005	312	01012016	152352	EH095127755MY	01	AIZAD	5217	01	-	-	-	-	-	-	-	-	-	N	-
SBN01	7005	312	01012016	152426	EH104717465MY	01	MEOR	5117	01	-	-	-	-	-	-	-	-	-	N	-
SBN01	7005	312	01012016	152514	EH071331306MY	01	TAN NE	5303	01	-	-	-	-	-	-	-	-	-	N	-
SBN01	7005	312	01012016	152551	EN073728452MY	01	DR RUBY	5514	01	-	-	-	-	-	-	-	-	-	N	-
SBN01	7005	312	01012016	152716	EF632010059MY	01	ZUL	4535	01	-	-	-	-	-	-	-	-	-	N	-
SBN01	7005	312	01012016	152718	EN067503296MY	01	ZUL	4535	01	-	-	-	-	-	-	-	-	-	N	-
SBN01	7005	312	01012016	152748	EG482193408MY	01	GINA	7762	01	-	-	-	-	-	-	-	-	-	N	-
SBN01	7005	312	01012016	152818	EP124822176MY	01	MARIAH	5212	01	-	-	-	-	-	-	-	-	-	N	-
SBN01	7005	312	01012016	152842	EN074054099MY	01	ROZY	13574	01	-	-	-	-	-	-	-	-	-	N	-
SBN01	7005	312	01012016	152920	EN068952680MY	01	ROHANI	5242	01	-	-	-	-	-	-	-	-	-	N	-
SBN01	7005	312	01012016	152946	EP165089968MY	01	SANTI	2827325	01	-	-	-	-	-	-	-	-	-	N	-
SBN01	7005	312	01012016	153015	EP189590975MY	01	NIZA	6130	01	-	-	-	-	-	-	-	-	-	N	-
SBN01	7005	312	01012016	153035	EH105767891MY	01	TAMILARA	5334	01	-	-	-	-	-	-	-	-	-	N	-
SBN01	7005	312	01012016	153105	EN041685804MY	01	NUR SYAHMINA	5018	01	-	-	-	-	-	-	-	-	-	N	-
SBN01	7005	312	01012016	153136	EH024577331MY	01	OLIVIA	5726	01	-	-	-	-	-	-	-	-	-	N	-
SBN01	7005	312	01012016	153158	EN062597257MY	01	JIMMY	5112	01	-	-	-	-	-	-	-	-	-	N	-
SBN01	7005	312	01012016	153216	EH071048284MY	01	SHAMSUL	5305	01	-	-	-	-	-	-	-	-	-	N	-
SBN01	7005	312	01012016	153242	EH128207820MY	01	NURUL	5240	01	-	-	-	-	-	-	-	-	-	N	-
SBN01	7005	312	01012016	153354	ED282220624MY	01	-	-	01	-	-	-	-	-	-	-	-	-	Y	MAIL DROP
SBN01	7005	312	01012016	153531	ED263799786MY	01	LIM CHIM	5138	01	-	-	-	-	-	-	-	-	-	N	-
SBN01	7005	312	01012016	153552	EG193523005MY	01	EDDIE	5305	01	-	-	-	-	-	-	-	-	-	N	-
SBN01	7005	312	01012016	153622	ED273016126MY	01	RATHI	5414	01	-	-	-	-	-	-	-	-	-	N	-
SBN01	7005	312	01012016	153703	EG193705507MY	01	REDHA	5202	01	-	-	-	-	-	-	-	-	-	N	-
SBN01	7005	312	01012016	153740	ED268245231MY	01	LOONG	5308	01	-	-	-	-	-	-	-	-	-	N	-
SBN01	7005	312	01012016	153806	ED282396419MY	01	-	-	01	-	-	-	-	-	-	-	-	-	Y	M.DROP
SBN01	7005	312	01012016	153840	ED282153377MY	01	-	-	01	-	-	-	-	-	-	-	-	-	Y	M.DROP
SBN01	7005	312	01012016	153856	ED272276629MY	01	HANA HADI	5308	01	-	-	-	-	-	-	-	-	-	N	-
SBN01	7005	312	01012016	153900	ED272275036MY	01	HANA HADI	5308	01	-	-	-	-	-	-	-	-	-	N	-
SBN01	7005	312	01012016	154027	EG193335333MY	01	VISA	5923	01	-	-	-	-	-	-	-	-	-	N	-
SBN01	7005	312	01012016	154056	ED250348536MY	01	MELVIN	5923	01	-	-	-	-	-	-	-	-	-	N	-
SBN01	7005	312	01012016	154101	ED250348522MY	01	MELVIN	5923	01	-	-	-	-	-	-	-	-	-	N	-
SBN01	7005	312	01012016	154145	ED282370884MY	01	-	-	01	-	-	-	-	-	-	-	-	-	Y	M.DROP
SBN01	7005	312	01012016	154212	ED271815018MY	01	TAN HUI	5326	01	-	-	-	-	-	-	-	-	-	N	-
SBN01	7005	312	01012016	154243	ED282416688MY	01	-	-	01	-	-	-	-	-	-	-	-	-	Y	M.DROP
SBN01	7005	312	01012016	154258	EG193537888MY	01	GINA	4437762	01	-	-	-	-	-	-	-	-	-	N	-
SBN01	7005	312	01012016	154331	ED270982031MY	01	CHONG MEE	5020	01	-	-	-	-	-	-	-	-	-	N	-
SBN01	7005	312	01012016	154422	EG192947087MY	01	KUAR	5354	01	-	-	-	-	-	-	-	-	-	N	-
SBN01	7005	312	01012016	154448	ED282258616MY	01	-	-	01	-	-	-	-	-	-	-	-	-	Y	M.DROP
SBN01	7005	312	01012016	154504	ED282434491MY	01	-	-	01	-	-	-	-	-	-	-	-	-	Y	M.DROP
SBN01	7005	312	01012016	154519	EG193524990MY	01	ZAINAD	5076	01	-	-	-	-	-	-	-	-	-	N	-
SBN01	7005	312	01012016	154642	ED272626832MY	01	-	-	01	-	-	-	-	-	-	-	-	-	Y	M.DROP
SBN01	7005	312	01012016	154700	EN056899678MY	01	-	-	01	-	-	-	-	-	-	-	-	-	Y	M.DROP
SBN01	7005	312	01012016	154802	EH073092731MY	02	-	-	-	-	-	CUBE LAGI	-	-	-	-	-	-	-	-
SBN01	7005	312	01012016	154807	EH053635986MY	02	-	-	-	-	-	CUBE LAGI	-	-	-	-	-	-	-	-
SBN01	7005	312	01012016	154812	EH111530554MY	02	-	-	-	-	-	CUBE LAGI	-	-	-	-	-	-	-	-
SBN01	7005	312	01012016	154818	EP208392657MY	02	-	-	-	-	-	CUBE LAGI	-	-	-	-	-	-	-	-
SBN01	7005	312	01012016	154830	ED267038652MY	02	-	-	-	-	-	CUBE LAGI	-	-	-	-	-	-	-	-
SBN01	7005	312	01012016	154836	ED282478625MY	02	-	-	-	-	-	CUBE LAGI	-	-	-	-	-	-	-	-
SBN01	7005	312	01012016	154838	EG193696836MY	02	-	-	-	-	-	CUBE LAGI	-	-	-	-	-	-	-	-
SBN01	7005	312	01012016	154840	EG193018083MY	02	-	-	-	-	-	CUBE LAGI	-	-	-	-	-	-	-	-
SBN01	7005	312	01012016	154843	ED266585524MY	02	-	-	-	-	-	CUBE LAGI	-	-	-	-	-	-	-	-
SBN01	7005	312	01012016	154845	ED282463229MY	02	-	-	-	-	-	CUBE LAGI	-	-	-	-	-	-	-	-
SBN01	7005	312	01012016	154847	ED282475417MY	02	-	-	-	-	-	CUBE LAGI	-	-	-	-	-	-	-	-
SBN01	7005	312	01012016	154848	ED268971300MY	02	-	-	-	-	-	CUBE LAGI	-	-	-	-	-	-	-	-
SBN01	7005	312	01012016	154913	ED271221589MY	02	-	-	-	-	-	ALAMAT TIDAK LENGKAP	-	-	-	-	-	-	-	-
SBN01	7005	312	01012016	155016	EH075751768MY	02	-	-	-	-	-	POSCARD	-	-	-	-	-	-	-	-
SBN01	7005	312	01012016	155023	EH111287863MY	02	-	-	-	-	-	POSCARD	-	-	-	-	-	-	-	-
SBN01	7005	312	01012016	155025	EF455135873MY	02	-	-	-	-	-	POSCARD	-	-	-	-	-	-	-	-
SBN01	7005	312	01012016	155029	EG482200642MY	02	-	-	-	-	-	POSCARD	-	-	-	-	-	-	-	-
SBN01	7005	312	01012016	155034	EH085903777MY	02	-	-	-	-	-	POSCARD	-	-	-	-	-	-	-	-
SBN01	7005	312	01012016	155036	EH137134119MY	02	-	-	-	-	-	POSCARD	-	-	-	-	-	-	-	-
SBN01	7005	312	01012016	155039	EF572265995MY	02	-	-	-	-	-	POSCARD	-	-	-	-	-	-	-	-
SBN01	7005	312	01012016	155041	ER004125200MY	02	-	-	-	-	-	POSCARD	-	-	-	-	-	-	-	-
SBN02	7005	104	04012016	113031	EP168567018MY	02	-	-	-	-	-	PCARD	-	-	-	-	-	-	-	-
SBN02	7005	104	04012016	113032	EH007795416MY	02	-	-	-	-	-	PCARD	-	-	-	-	-	-	-	-
SBN02	7005	104	04012016	113136	EP161213280MY	01	HAZIM	SIGN	01	-	-	-	-	-	-	-	-	-	N	-
SBN02	7005	104	04012016	113311	EN070202132MY	01	NASARUDIN	DMAIL	01	-	-	-	-	-	-	-	-	-	Y	DMAIL
SBN02	7005	104	04012016	113430	EN039059112MY	01	SITIAWATI	ORGGAJI	01	-	-	-	-	-	-	-	-	-	N	-
SBN02	7005	104	04012016	114111	EP151618223MY	01	HAZIM	SIGN	01	-	-	-	-	-	-	-	-	-	N	-
SBN02	7005	104	04012016	114247	EH135444784MY	01	FARID	SIGN	01	-	-	-	-	-	-	-	-	-	N	-
SBN02	7005	104	04012016	114452	EN073728792MY	01	NUR	SIGN	01	-	-	-	-	-	-	-	-	-	N	-
SBN02	7005	104	04012016	114838	EG193071353MY	01	SUNOR	SIGN	01	-	-	-	-	-	-	-	-	-	N	-
SBN02	7005	104	04012016	115201	EN069848961MY	02	-	-	-	-	-	PCARD	-	-	-	-	-	-	-	-
SBN02	7005	104	04012016	115344	EH010237134MY	01	ULUM	COP	01	-	-	-	-	-	-	-	-	-	N	-
SBN02	7005	104	04012016	115728	EP154145920MY	01	AZROL	COP	01	-	-	-	-	-	-	-	-	-	N	-
SBN02	7005	104	04012016	115730	EH083149444MY	01	AZROL	COP	01	-	-	-	-	-	-	-	-	-	N	-
SBN02	7005	104	04012016	115921	EM305538568MY	01	AIN	COP	01	-	-	-	-	-	-	-	-	-	N	-
SBN02	7005	104	04012016	120311	EN077154581MY	01	FUAD	SIGN	01	-	-	-	-	-	-	-	-	-	N	-
SBN02	7005	104	04012016	120640	EH139885447MY	02	-	-	-	-	-	PCARD	-	-	-	-	-	-	-	-
SBN02	7005	104	04012016	120814	EP176233440MY	01	ABD	COP	01	-	-	-	-	-	-	-	-	-	N	-
SBN02	7005	104	04012016	120822	LG199391418MY	01	ABD	COP	01	-	-	-	-	-	-	-	-	-	N	-
SBN02	7005	104	04012016	120829	EN085838319MY	01	ABD	COP	01	-	-	-	-	-	-	-	-	-	N	-
SBN02	7005	104	04012016	121206	EN023217840MY	02	-	-	-	-	-	PCARD	-	-	-	-	-	-	-	-
SBN02	7005	104	04012016	121315	EN039674670MY	01	NOR	SIGN	01	-	-	-	-	-	-	-	-	-	N	-
SBN02	7005	104	04012016	121544	EN096986106MY	01	ZAINUN	SIGN	01	-	-	-	-	-	-	-	-	-	N	-
SBN02	7005	104	04012016	121750	EP181241948MY	02	-	-	-	-	-	PCARD	-	-	-	-	-	-	-	-
SBN02	7005	104	04012016	122105	EF854347912MY	01	ROSLEE	SIGN	01	-	-	-	-	-	-	-	-	-	N	-
SBN02	7005	104	04012016	122333	EH139458625MY	01	AZZAH	SIGN	01	-	-	-	-	-	-	-	-	-	N	-
SBN02	7005	104	04012016	122336	EH063420565MY	01	AZZAH	SIGN	01	-	-	-	-	-	-	-	-	-	N	-
SBN02	7005	104	04012016	122533	EP183703603MY	02	-	-	-	-	-	PCARD	-	-	-	-	-	-	-	-
SBN02	7005	104	04012016	122805	EG193728865MY	02	-	-	-	-	-	PCARD	-	-	-	-	-	-	-	-
SBN02	7005	104	04012016	122859	EF830760231MY	01	SUHAIMI	SIGN	01	-	-	-	-	-	-	-	-	-	N	-
SBN02	7005	104	04012016	123127	EN086054122MY	01	ROSMAN	SIGN	01	-	-	-	-	-	-	-	-	-	N	-
SBN02	7005	104	04012016	123331	EH126623297MY	02	-	-	-	-	-	PCARD	-	-	-	-	-	-	-	-
SBN02	7005	104	04012016	123611	EH073079307MY	01	JIDAH	SIGN	01	-	-	-	-	-	-	-	-	-	N	-
SBN02	7005	104	04012016	123757	ED266588106MY	02	-	-	-	-	-	PCARD	-	-	-	-	-	-	-	-
SBN02	7005	104	04012016	124056	EH111264479MY	01	DIANA	SIGN	01	-	-	-	-	-	-	-	-	-	N	-
SBN02	7005	104	04012016	124554	EH137363350MY	01	HALIMAH	SIGN	01	-	-	-	-	-	-	-	-	-	N	-
SBN02	7005	104	04012016	124738	LM359512555US	01	NOR	SIGN	01	-	-	-	-	-	-	-	-	-	N	-
SBN02	7005	104	04012016	124911	EP159097483MY	01	SARIPAH	SIGN	01	-	-	-	-	-	-	-	-	-	N	-
SBN02	7005	104	04012016	125112	EP063781714MY	01	MARIAM	SIGN	01	-	-	-	-	-	-	-	-	-	N	-
SBN02	7005	104	04012016	125247	EP191585885MY	01	HIZA	SIGN	01	-	-	-	-	-	-	-	-	-	N	-
SBN02	7005	104	04012016	125441	EH071987193MY	01	YASSIR	SIGN	01	-	-	-	-	-	-	-	-	-	N	-
SBN02	7005	104	04012016	125757	EH124390073MY	02	-	-	-	-	-	PCARD	-	-	-	-	-	-	-	-
SBN02	7005	104	04012016	125918	EF864184578MY	01	ZAIDAR	SIGN	01	-	-	-	-	-	-	-	-	-	N	-
SBN02	7005	104	04012016	130107	EM911277559MY	02	-	-	-	-	-	PCARD	-	-	-	-	-	-	-	-
SBN02	7005	104	04012016	130414	EN028790564MY	01	KOLEJ	COP	01	-	-	-	-	-	-	-	-	-	N	-
SBN02	7005	104	04012016	130416	EF871249787MY	01	KOLEJ	COP	01	-	-	-	-	-	-	-	-	-	N	-
SBN02	7005	104	04012016	130655	LD209149225MY	01	MAZLAN	COP	01	-	-	-	-	-	-	-	-	-	N	-
SBN02	7005	104	04012016	130657	EH125850139MY	01	MAZLAN	COP	01	-	-	-	-	-	-	-	-	-	N	-
SBN02	7005	104	04012016	130949	EN071277137MY	01	HASNAH	SIGN	01	-	-	-	-	-	-	-	-	-	N	-
SBN02	7005	104	04012016	131217	EH126790808MY	01	LYNDA	COP	01	-	-	-	-	-	-	-	-	-	N	-
SBN02	7005	104	04012016	131221	EH139575737MY	01	LYNDA	COP	01	-	-	-	-	-	-	-	-	-	N	-
SBN02	7005	104	04012016	131225	EN052229465MY	01	LYNDA	COP	01	-	-	-	-	-	-	-	-	-	N	-
SBN02	7005	104	04012016	131524	ED271873523MY	01	SITI	COP	01	-	-	-	-	-	-	-	-	-	N	-
SBN02	7005	104	04012016	133007	ED259904457MY	01	AFRINA	SIGN	01	-	-	-	-	-	-	-	-	-	N	-
SBN02	7005	104	04012016	133208	EH139343605MY	01	RAHA	SIGN	01	-	-	-	-	-	-	-	-	-	N	-
SBN02	7005	104	04012016	133413	EP077263649MY	01	ARIFF	SIGN	01	-	-	-	-	-	-	-	-	-	N	-
SBN02	7005	104	04012016	133649	EH023552695MY	01	MAISARAH	SIGN	01	-	-	-	-	-	-	-	-	-	N	-
SBN02	7005	104	04012016	133802	EH156687716MY	01	ERLINA	SIGN	01	-	-	-	-	-	-	-	-	-	N	-
SBN02	7005	104	04012016	133927	EH128537083MY	01	ROSMAN	SIGN	01	-	-	-	-	-	-	-	-	-	N	-
SBN02	7005	104	04012016	134133	EP165805402MY	01	IBRAHIM	SIGN	01	-	-	-	-	-	-	-	-	-	N	-
SBN02	7005	104	04012016	134426	EM904298519MY	02	-	-	-	-	-	PCARD	-	-	-	-	-	-	-	-
SBN02	7005	104	04012016	134558	EP201523959MY	01	AMIRA	SIGN	01	-	-	-	-	-	-	-	-	-	N	-
SBN02	7005	104	04012016	134820	EH056230910MY	02	-	-	-	-	-	PCARD	-	-	-	-	-	-	-	-
SBN02	7005	104	04012016	134933	ED269263069MY	01	YEE	SIGN	01	-	-	-	-	-	-	-	-	-	N	-
SBN02	7005	104	04012016	135153	EH007283258MY	01	MAISURI	SIGN	01	-	-	-	-	-	-	-	-	-	N	-
SBN02	7005	104	04012016	135157	EH137261554MY	01	MAISURI	SIGN	01	-	-	-	-	-	-	-	-	-	N	-
SBN02	7005	104	04012016	135200	EH137261523MY	01	MAISURI	SIGN	01	-	-	-	-	-	-	-	-	-	N	-
SBN02	7005	104	04012016	135250	EH108292364MY	01	ZAINAB	SIGN	01	-	-	-	-	-	-	-	-	-	N	-
SBN02	7005	104	04012016	135613	EP207133381MY	01	SULAIMAN	SIGN	01	-	-	-	-	-	-	-	-	-	N	-
SBN02	7005	104	04012016	140135	EP147586229MY	01	NOR	SIGN	01	-	-	-	-	-	-	-	-	-	N	-
SBN02	7005	104	04012016	135817	EH139261472MY	01	NORMAN	SIGN	01	-	-	-	-	-	-	-	-	-	N	-
SBN02	7005	104	04012016	135922	EG481949933MY	01	KHAIR	SIGN	01	-	-	-	-	-	-	-	-	-	N	-
SBN02	7005	104	04012016	140352	EP156512754MY	01	NAZRUL	SIGN	01	-	-	-	-	-	-	-	-	-	N	-
SBN02	7005	104	04012016	140509	EN086054207MY	01	NURUL	SIGN	01	-	-	-	-	-	-	-	-	-	N	-
SBN02	7005	104	04012016	140833	EP117989207MY	01	SITI	SIGN	01	-	-	-	-	-	-	-	-	-	N	-
SBN02	7005	104	04012016	140834	EN037088915MY	01	SITI	SIGN	01	-	-	-	-	-	-	-	-	-	N	-
SBN02	7005	104	04012016	141533	EP104189959MY	01	SHA	COP	01	-	-	-	-	-	-	-	-	-	N	-
SBN02	7005	104	04012016	141853	EN071801336MY	01	HISHAM	COP	01	-	-	-	-	-	-	-	-	-	N	-
SBN02	7005	104	04012016	141853	EN071801282MY	01	HISHAM	COP	01	-	-	-	-	-	-	-	-	-	N	-
SBN02	7005	104	04012016	142033	EP115516062MY	01	KLINIK	COP	01	-	-	-	-	-	-	-	-	-	N	-
SBN02	7005	104	04012016	142057	EM911276496MY	02	-	-	-	-	-	PCARD	-	-	-	-	-	-	-	-
SBN02	7005	104	04012016	142706	EH111326522MY	01	CHIA	SIGN	01	-	-	-	-	-	-	-	-	-	N	-
SBN02	7005	104	04012016	142827	EP092246047MY	01	NURUL	SIGN	01	-	-	-	-	-	-	-	-	-	N	-
SBN02	7005	104	04012016	142829	EP079303694MY	01	NURUL	SIGN	01	-	-	-	-	-	-	-	-	-	N	-
SBN02	7005	104	04012016	143831	EP032704125MY	01	JEFRY	SIGN	01	-	-	-	-	-	-	-	-	-	N	-
SBN02	7005	104	04012016	143958	EF840345386MY	01	ROSLIZA	SIGN	01	-	-	-	-	-	-	-	-	-	N	-
SBN02	7005	104	04012016	144249	EH103299745MY	01	RADZIAH	SIGN	01	-	-	-	-	-	-	-	-	-	N	-
SBN02	7005	104	04012016	145801	EP188035954MY	01	TABUNG HAJI	COP	01	-	-	-	-	-	-	-	-	-	N	-
SBN02	7005	104	04012016	145954	EN064967499MY	01	ZAINI	SIGN	01	-	-	-	-	-	-	-	-	-	N	-
SBN02	7005	104	04012016	145957	EP053457132MY	01	ZAINI	SIGN	01	-	-	-	-	-	-	-	-	-	N	-
SBN02	7005	104	04012016	150213	EP190666424MY	01	NORAZLIN	SIGN	01	-	-	-	-	-	-	-	-	-	N	-
SBN02	7005	104	04012016	150620	EN058343199MY	02	-	-	-	-	-	PCARD	-	-	-	-	-	-	-	-
SBN02	7005	104	04012016	150818	EF773555416MY	01	ZAINALS	IGN	01	-	-	-	-	-	-	-	-	-	N	-
SBN02	7005	104	04012016	151711	EM911275005MY	01	ALI	SIGN	01	-	-	-	-	-	-	-	-	-	N	-
SBN02	7005	104	04012016	152207	EP191090726MY	01	AZREEN	SIGN	01	-	-	-	-	-	-	-	-	-	N	-
SBN02	7005	104	04012016	152314	EH137546361MY	01	HADI	SIGN	01	-	-	-	-	-	-	-	-	-	N	-
SBN02	7005	104	04012016	152529	EH073923765MY	01	NUR	SIGN	01	-	-	-	-	-	-	-	-	-	N	-
SBN02	7005	104	04012016	152906	EG193017131MY	01	NISAL	SIGN	01	-	-	-	-	-	-	-	-	-	N	-
SBN02	7005	104	04012016	153022	EH027564646MY	01	JAAFAR	SIGN	01	-	-	-	-	-	-	-	-	-	N	-
SBN02	7005	104	04012016	153202	EH020756669MY	01	SAFIA	SIGN	01	-	-	-	-	-	-	-	-	-	N	-
SBN02	7005	104	04012016	153344	ED282483254MY	01	AFFEIZ	DMAIL	01	-	-	-	-	-	-	-	-	-	Y	DMAIL
SBN02	7005	104	04012016	153658	EG193744576MY	01	HASAN	SIGN	01	-	-	-	-	-	-	-	-	-	N	-
SBN02	7005	104	04012016	153908	EP174810652MY	01	NOR	SIGN	01	-	-	-	-	-	-	-	-	-	N	-
SBN02	7005	104	04012016	154051	EM904300671MY	02	-	-	-	-	-	PCARD	-	-	-	-	-	-	-	-
SBN02	7005	104	04012016	154315	EN004465530MY	01	FAZLY	SIGN	01	-	-	-	-	-	-	-	-	-	N	-
SBN02	7005	104	04012016	154446	ED256809134MY	02	-	-	-	-	-	PCARD	-	-	-	-	-	-	-	-
SBN02	7005	104	04012016	154733	EH156121679MY	01	ADHAM	COP	01	-	-	-	-	-	-	-	-	-	N	-
SBN02	7005	104	04012016	155113	EH041439940MY	01	FAIQ	SIGN	01	-	-	-	-	-	-	-	-	-	N	-
SBN02	7005	104	04012016	155318	EP206975690MY	01	WAN	SIGN	01	-	-	-	-	-	-	-	-	-	N	-
SBN02	7005	104	04012016	155651	EH035882408MY	01	TOLHAH	SIGN	01	-	-	-	-	-	-	-	-	-	N	-
SBN02	7005	104	04012016	162302	ED266437931MY	01	GOLF	COP	01	-	-	-	-	-	-	-	-	-	N	-
SBN02	7005	104	04012016	162314	EH032229395MY	01	GOLF	COP	01	-	-	-	-	-	-	-	-	-	N	-
SBN02	7005	104	04012016	162651	EG441002395MY	01	FAUZIAH	SIGN	01	-	-	-	-	-	-	-	-	-	N	-
SBN02	7005	104	04012016	162829	EP174782727MY	01	NOR	SIGN	01	-	-	-	-	-	-	-	-	-	N	-
SBN02	7005	104	04012016	163050	EP200837372MY	01	SITI	SIGN	01	-	-	-	-	-	-	-	-	-	N	-
SBN02	7005	104	04012016	163251	ED282483577MY	01	RAHMAN	DMAIL	01	-	-	-	-	-	-	-	-	-	Y	DMAIL
SBN02	7005	104	04012016	163252	ED282482174MY	01	RAHMAN	DMAIL	01	-	-	-	-	-	-	-	-	-	Y	DMAIL
SBN02	7005	104	04012016	163415	EH139568325MY	01	RAMLAN	SIGN	01	-	-	-	-	-	-	-	-	-	N	-
SBN02	7005	104	04012016	163416	EH119013701MY	01	RAMLAN	SIGN	01	-	-	-	-	-	-	-	-	-	N	-
SBN02	7005	104	04012016	163610	EH104620121MY	02	-	-	-	-	-	PCARD	-	-	-	-	-	-	-	-
SBN02	7005	104	04012016	164153	EH101287254MY	01	NUR	SIGN	01	-	-	-	-	-	-	-	-	-	N	-
SBN02	7005	104	04012016	164558	EN078804986MY	01	HAMIDAH	SIGN	01	-	-	-	-	-	-	-	-	-	N	-
SBN02	7005	104	04012016	164559	EF855719283MY	01	HAMIDAH	SIGN	01	-	-	-	-	-	-	-	-	-	N	-
SBN02	7005	104	04012016	164725	LM868436277US	01	AYUB	SIGN	01	-	-	-	-	-	-	-	-	-	N	-
SBN02	7005	104	04012016	164853	EP188370615MY	01	NAIM	SIGN	01	-	-	-	-	-	-	-	-	-	N	-
SBN02	7005	104	04012016	165105	ED282486233MY	01	ISMAH	SIGN	01	-	-	-	-	-	-	-	-	-	N	-
SBN02	7005	104	04012016	165257	EP182229360MY	02	-	-	-	-	-	PCARD	-	-	-	-	-	-	-	-
SBN02	7005	104	04012016	165826	EP208463512MY	01	SMKPZ	COP	01	-	-	-	-	-	-	-	-	-	N	-
SBN02	7005	104	04012016	165833	EH033387684MY	01	SMKPZ	COP	01	-	-	-	-	-	-	-	-	-	N	-
SBN02	7005	104	04012016	165837	EH072529013MY	01	SMKPZ	COP	01	-	-	-	-	-	-	-	-	-	N	-
SBN02	7005	104	04012016	170357	EP159097452MY	01	SITI	SIGN	01	-	-	-	-	-	-	-	-	-	N	-
SBN02	7005	104	04012016	170548	EF865959969MY	01	SYAHIDA	SIGN	01	-	-	-	-	-	-	-	-	-	N	-
SBN02	7005	104	04012016	170712	EM905160560MY	01	AZLY	SIGN	01	-	-	-	-	-	-	-	-	-	N	-
SBN02	7005	104	04012016	170714	EH071069236MY	01	AZLY	SIGN	01	-	-	-	-	-	-	-	-	-	N	-
SBN02	7005	104	04012016	170835	EP145514241MY	02	-	-	-	-	-	PCARD	-	-	-	-	-	-	-	-
SBN02	7005	104	04012016	171259	EG193075390MY	02	-	-	-	-	-	PCARD	-	-	-	-	-	-	-	-
SBN02	7005	104	04012016	171458	EP212044463MY	01	NOR	COP	01	-	-	-	-	-	-	-	-	-	N	-
SBN02	7005	104	04012016	171748	EP144617960MY	02	-	-	-	-	-	PCARD	-	-	-	-	-	-	-	-
SBN02	7005	104	04012016	171928	EN086196995MY	01	GHAZALE	SIGN	01	-	-	-	-	-	-	-	-	-	N	-
SBN02	7005	104	04012016	172246	EN010065187MY	01	SABARIAH	SIGN	01	-	-	-	-	-	-	-	-	-	N	-
SBN02	7005	104	04012016	172248	EN010065173MY	01	SABARIAH	SIGN	01	-	-	-	-	-	-	-	-	-	N	-
SBN02	7005	104	04012016	172359	EH086710319MY	02	-	-	-	-	-	PCARD	-	-	-	-	-	-	-	-
SBN02	7005	104	04012016	172735	EP155227165MY	01	HALIN	SIGN	01	-	-	-	-	-	-	-	-	-	N	-
SBN02	7005	104	04012016	172903	LZ958423271US	01	FIKH	SIGN	01	-	-	-	-	-	-	-	-	-	N	-
SBN02	7005	104	04012016	173135	EN021156153MY	01	FATIMAH	SIGN	01	-	-	-	-	-	-	-	-	-	N	-
SBN02	7005	104	04012016	173312	ED279660590MY	01	ADAM	DMAIL	01	-	-	-	-	-	-	-	-	-	Y	DMAIL
SBN02	7005	104	04012016	173427	EP182826552MY	01	YUNUS	SIGN	01	-	-	-	-	-	-	-	-	-	N	-
SBN02	7005	104	04012016	173625	EF611338935MY	01	HARUN	SIGN	01	-	-	-	-	-	-	-	-	-	N	-
SBN02	7005	104	04012016	173826	EH156521155MY	01	NURUL	SIGN	01	-	-	-	-	-	-	-	-	-	N	-
SBN02	7005	104	04012016	183610	EG193744939MY	07	-	-	-	-	-	CUBA LAGI	-	-	-	-	-	-	-	-
SBN02	7005	104	04012016	183611	EG193476778MY	07	-	-	-	-	-	CUBA LAGI	-	-	-	-	-	-	-	-
SBN02	7005	104	04012016	183616	EH112139631MY	07	-	-	-	-	-	CUBA LAGI	-	-	-	-	-	-	-	-
SBN02	7005	104	04012016	183654	LG209086256MY	01	DMAIL	DMAIL	01	-	-	-	-	-	-	-	-	-	Y	DMAIL
SBN02	7005	104	04012016	183701	LG211661685MY	01	DMAIL	DMAIL	01	-	-	-	-	-	-	-	-	-	Y	DMAIL
SBN02	7005	104	04012016	183702	LG197839186MY	01	DMAIL	DMAIL	01	-	-	-	-	-	-	-	-	-	Y	DMAIL
