36974	3000	702	06012016	072458	-	CG030980804MY	3000	MPC.GPO
36974	3000	702	06012016	072459	-	CG030980806MY	3000	MPC.GPO
36974	3000	702	06012016	072500	-	CG030980805MY	3000	MPC.GPO
36974	3000	702	06012016	072501	-	CG030980812MY	3000	MPC.GPO
36974	3000	702	06012016	072502	-	CG030980813MY	3000	MPC.GPO
36974	3000	702	06012016	072503	-	CG030980814MY	3000	MPC.GPO
36974	3000	702	06012016	072505	-	CG030980816MY	3000	MPC.GPO
36974	3000	702	06012016	072505	-	CG030980815MY	3000	MPC.GPO
36974	3000	702	06012016	072507	-	CG030980803MY	3000	MPC.GPO
36974	3000	702	06012016	072508	-	CG030980818MY	3000	MPC.GPO
36974	3000	702	06012016	072509	-	CG030980817MY	3000	MPC.GPO
36974	3000	702	06012016	072513	-	CG030980775MY	3000	MPC.GPO
36974	3000	702	06012016	072516	-	CG030980774MY	3000	MPC.GPO
36974	3000	702	06012016	072518	-	CG030980773MY	3000	MPC.GPO
36974	3000	702	06012016	072520	-	CG030980786MY	3000	MPC.GPO
36974	3000	702	06012016	072522	-	CG030980785MY	3000	MPC.GPO
36974	3000	702	06012016	072524	-	CG030980784MY	3000	MPC.GPO
36974	3000	702	06012016	072526	-	CG030980783MY	3000	MPC.GPO
36974	3000	702	06012016	072527	-	CG030980807MY	3000	MPC.GPO
36974	3000	702	06012016	072530	-	CG030980782MY	3000	MPC.GPO
36974	3000	702	06012016	072531	-	CG030980781MY	3000	MPC.GPO
36974	3000	702	06012016	072536	-	CG030980808MY	3000	MPC.GPO
36974	3000	702	06012016	072537	-	CG030980810MY	3000	MPC.GPO
36974	3000	702	06012016	072539	-	CG030980809MY	3000	MPC.GPO
36974	3000	702	06012016	072543	-	CG030980811MY	3000	MPC.GPO
36974	3000	702	06012016	072547	-	CG030980789MY	3000	MPC.GPO
36974	3000	702	06012016	072547	-	CG030980788MY	3000	MPC.GPO
36974	3000	702	06012016	072549	-	CG030980780MY	3000	MPC.GPO
36974	3000	702	06012016	072550	-	CG030980776MY	3000	MPC.GPO
36974	3000	702	06012016	072551	-	CG030980777MY	3000	MPC.GPO
36974	3000	702	06012016	072552	-	CG030980778MY	3000	MPC.GPO
36974	3000	702	06012016	072555	-	CG030980779MY	3000	MPC.GPO
36974	3000	702	06012016	072556	-	CG030980792MY	3000	MPC.GPO
36974	3000	702	06012016	072557	-	CG030980791MY	3000	MPC.GPO
36974	3000	702	06012016	072558	-	CG030980795MY	3000	MPC.GPO
36974	3000	702	06012016	072559	-	CG030980790MY	3000	MPC.GPO
36974	3000	702	06012016	072600	-	CG030980787MY	3000	MPC.GPO
36974	3000	702	06012016	072601	-	CG030980793MY	3000	MPC.GPO
36974	3000	702	06012016	072602	-	CG030980796MY	3000	MPC.GPO
36974	3000	702	06012016	072603	-	CG030980794MY	3000	MPC.GPO
36974	3000	702	06012016	072604	-	CG030980797MY	3000	MPC.GPO
36974	3000	702	06012016	072606	-	CG030980799MY	3000	MPC.GPO
36974	3000	702	06012016	072606	-	CG030980802MY	3000	MPC.GPO
36974	3000	702	06012016	072607	-	CG030980798MY	3000	MPC.GPO
36974	3000	702	06012016	072609	-	CG030980801MY	3000	MPC.GPO
36974	3000	702	06012016	072610	-	CG030980800MY	3000	MPC.GPO
