28648	4332	115	01012016	073438	EF114714248MY	01	SALLEH
28648	4332	115	01012016	073442	EP151610281MY	01	SALLEH
28648	4332	115	01012016	073442	ED272390218MY	01	SALLEH
28648	4332	115	01012016	073446	EN055570497MY	01	SALLEH
28648	4332	115	01012016	073536	EP041388134MY	01	SALLEH
28648	4332	115	01012016	073537	EP206636365MY	01	SALLEH
28648	4332	115	01012016	073539	EP127409851MY	01	SALLEH
28648	4332	115	01012016	073540	EN050318091MY	01	SALLEH
28648	4332	115	01012016	073627	EG193019035MY	01	SALLEH
28648	4332	115	01012016	073628	EP203546507MY	01	SALLEH
28648	4332	115	01012016	073630	EP181378190MY	01	SALLEH
28648	4332	115	01012016	073631	EN091272730MY	01	SALLEH
28648	4332	115	01012016	073636	EH111921334MY	01	SALLEH
28648	4332	115	01012016	073637	EP169463765MY	01	SALLEH
28648	4332	115	01012016	073720	EG193060801MY	01	SALLEH
28648	4332	115	01012016	073721	EH144710465MY	01	SALLEH
28648	4332	115	01012016	073723	EN046989175MY	01	SALLEH
28648	4332	115	01012016	073725	EN065732438MY	01	SALLEH
28648	4332	115	01012016	073754	EP178068122MY	01	SALLEH
28648	4332	115	01012016	073820	ED276793756MY	01	SALLEH
28648	4332	115	01012016	073821	EP142774110MY	01	SALLEH
28648	4332	115	01012016	073823	EG482079819MY	01	SALLEH
28648	4332	115	01012016	073825	ED282449071MY	01	SALLEH
28648	4332	115	01012016	073827	EN011029380MY	01	SALLEH
28648	4332	115	01012016	073829	EF455111404MY	01	SALLEH
28648	4332	115	01012016	073936	EN021006105MY	01	SALLEH
28648	4332	115	01012016	073937	EN071817132MY	01	SALLEH
28648	4332	115	01012016	073938	EP124925025MY	01	SALLEH
28648	4332	115	01012016	073939	ED282486366MY	01	SALLEH
28648	4332	115	01012016	073940	EH146386141MY	01	SALLEH
28648	4332	115	01012016	073942	EN071610107MY	01	SALLEH
28648	4332	115	01012016	074021	EG193574293MY	01	SALLEH
28648	4332	115	01012016	074022	EH079486480MY	01	SALLEH
28648	4332	115	01012016	074024	EH024558227MY	01	SALLEH
28648	4332	115	01012016	074026	EP124819923MY	01	SALLEH
28648	4332	115	01012016	074027	EN068372464MY	01	SALLEH
28648	4332	115	01012016	074132	EG193054338MY	01	SALLEH
28648	4332	115	01012016	074133	EH000374921MY	01	SALLEH
28648	4332	115	01012016	074134	EH079543125MY	01	SALLEH
28648	4332	115	01012016	074722	EN049114595MY	01	SALLEH
28648	4332	115	01012016	074731	ED282478285MY	01	SALLEH
28648	4332	115	01012016	074757	EH083194704MY	01	SALLEH
28648	4332	115	01012016	074800	EN044791064MY	01	SALLEH
28648	4332	115	01012016	074801	EM912245711MY	01	SALLEH
28648	4332	115	01012016	074803	EF725970685MY	01	SALLEH
28648	4332	115	01012016	075035	EP208275576MY	01	SALLEH
28648	4332	115	01012016	075036	EP175689374MY	01	SALLEH
28648	4332	115	01012016	075039	EN022028495MY	01	SALLEH
28648	4332	115	01012016	075040	EH134541657MY	01	SALLEH
28648	4332	115	01012016	075043	EF820814522MY	01	SALLEH
28648	4332	115	01012016	075043	EF817794690MY	01	SALLEH
28648	4332	115	01012016	075114	EF063827107MY	01	SALLEH
28648	4332	115	01012016	075116	EF063827098MY	01	SALLEH
28648	4332	115	01012016	075119	EH062242262MY	01	SALLEH
28648	4332	115	01012016	075122	EH139999651MY	01	SALLEH
28648	4332	115	01012016	075123	EF857465825MY	01	SALLEH
28648	4332	115	01012016	075157	EH070250637MY	01	SALLEH
28648	4332	115	01012016	075158	EM910129426MY	01	SALLEH
28648	4332	115	01012016	075159	EM910128394MY	01	SALLEH
28648	4332	115	01012016	075200	EP141474895MY	01	SALLEH
28648	4332	115	01012016	075201	EG482175090MY	01	SALLEH
28648	4332	115	01012016	075321	EN057511911MY	01	SALLEH
28648	4332	115	01012016	075322	EH111361263MY	01	SALLEH
28648	4332	115	01012016	075324	EP064201495MY	01	SALLEH
28648	4332	115	01012016	075324	EN067292835MY	01	SALLEH
28648	4332	115	01012016	075329	EH155974551MY	01	SALLEH
28648	4332	115	01012016	075359	EN070202415MY	01	SALLEH
28648	4332	115	01012016	075400	EG192999711MY	01	SALLEH
28648	4332	115	01012016	075401	ED275939738MY	01	SALLEH
28648	4332	115	01012016	075403	EP129412884MY	01	SALLEH
28648	4332	115	01012016	075404	EH124995843MY	01	SALLEH
28648	4332	115	01012016	075405	EM911259780MY	01	SALLEH
28648	4332	115	01012016	075447	EP201135733MY	01	SALLEH
28648	4332	115	01012016	075448	EH068974036MY	01	SALLEH
28648	4332	115	01012016	075449	EP182040077MY	01	SALLEH
28648	4332	115	01012016	075451	EH081478181MY	01	SALLEH
28648	4332	115	01012016	075530	EH078750214MY	01	SALLEH
28648	4332	115	01012016	075532	EN073956826MY	01	SALLEH
28648	4332	115	01012016	075533	EP204808615MY	01	SALLEH
28648	4332	115	01012016	075534	EH127998251MY	01	SALLEH
28648	4332	115	01012016	075626	EP212747215MY	01	SALLEH
28648	4332	115	01012016	075628	EG193079649MY	01	SALLEH
28648	4332	115	01012016	075635	ED272472760MY	01	SALLEH
28648	4332	115	01012016	075636	ED272473028MY	01	SALLEH
28648	4332	115	01012016	075637	EP201008730MY	01	SALLEH
28648	4332	115	01012016	075641	EF842680677MY	01	SALLEH
28648	4332	115	01012016	075643	EN034657895MY	01	SALLEH
28648	4332	115	01012016	075644	EH128208017MY	01	SALLEH
28648	4332	115	01012016	075645	EH052282267MY	01	SALLEH
28648	4332	115	01012016	075723	EG193081174MY	01	SALLEH
28648	4332	115	01012016	075725	EH120344484MY	01	SALLEH
28648	4332	115	01012016	075805	EE144607021ID	01	SALLEH
