35072	2000	105	01012016	081130	EH026942134MY	01	HARETH
35072	2000	105	01012016	081132	EH085825730MY	01	HARETH
35072	2000	105	01012016	081134	EH020342551MY	01	HARETH
35072	2000	105	01012016	081139	EF869434927MY	01	HARETH
35072	2000	105	01012016	081140	EG482003470MY	01	HARETH
35072	2000	105	01012016	081143	EN082481377MY	01	HARETH
35072	2000	105	01012016	081147	LD199569756MY	01	HARETH
35072	2000	105	01012016	081149	EP151618912MY	01	HARETH
35072	2000	105	01012016	081152	EP165089486MY	01	HARETH
35072	2000	105	01012016	081156	EP147827715MY	01	HARETH
35072	2000	105	01012016	081159	EH127154025MY	01	HARETH
35072	2000	105	01012016	081213	EH105730826MY	01	HARETH
35072	2000	105	01012016	081218	EH079955744MY	01	HARETH
35072	2000	105	01012016	081220	EH131077679MY	01	HARETH
35072	2000	105	01012016	081222	EP153016787MY	01	HARETH
35072	2000	105	01012016	081225	EN040025884MY	01	HARETH
35072	2000	105	01012016	081226	LG207692598MY	01	HARETH
35072	2000	105	01012016	081231	EH132028878MY	01	HARETH
35072	2000	105	01012016	081235	EP128414314MY	01	HARETH
35072	2000	105	01012016	081242	EF791574990MY	01	HARETH
35072	2000	105	01012016	081245	EP191931341MY	01	HARETH
35072	2000	105	01012016	081247	EP127384837MY	01	HARETH
35072	2000	105	01012016	081254	EP203089682MY	01	HARETH
35072	2000	105	01012016	081255	EH109083169MY	01	HARETH
35072	2000	105	01012016	081301	EH085511360MY	01	HARETH
35072	2000	105	01012016	081303	EP172922642MY	01	HARETH
35072	2000	105	01012016	081305	EF846461805MY	01	HARETH
35072	2000	105	01012016	081309	EP191098146MY	01	HARETH
35072	2000	105	01012016	081313	ED265988558MY	01	HARETH
35072	2000	105	01012016	081315	EH115160885MY	01	HARETH
35072	2000	105	01012016	081320	EH117958292MY	01	HARETH
35072	2000	105	01012016	081342	EH139046244MY	01	HARETH
35072	2000	105	01012016	081355	EH093096508MY	01	HARETH
35072	2000	105	01012016	081358	LE145013903MY	01	HARETH
35072	2000	105	01012016	081436	EG482153412MY	01	HARETH
35072	2000	105	01012016	081446	EF804215560MY	01	HARETH
35072	2000	105	01012016	081448	EN069095294MY	01	HARETH
35072	2000	105	01012016	081451	EH058632292MY	01	HARETH
35072	2000	105	01012016	081452	LD205235860MY	01	HARETH
35072	2000	105	01012016	081454	EN041916746MY	01	HARETH
35072	2000	105	01012016	081458	EN022994989MY	01	HARETH
35072	2000	105	01012016	081501	EN076974316MY	01	HARETH
35072	2000	105	01012016	081509	EF498884940MY	01	HARETH
35072	2000	105	01012016	081511	EN006001154MY	01	HARETH
35072	2000	105	01012016	081512	EP151618458MY	01	HARETH
35072	2000	105	01012016	081514	LE151935464MY	01	HARETH
35072	2000	105	01012016	081522	EH118190461MY	01	HARETH
35072	2000	105	01012016	081525	EP201785053MY	01	HARETH
35072	2000	105	01012016	081530	EH052333953MY	01	HARETH
35072	2000	105	01012016	081533	EP209981195MY	01	HARETH
35072	2000	105	01012016	081536	EH138563560MY	01	HARETH
35072	2000	105	01012016	081537	EP206949173MY	01	HARETH
35072	2000	105	01012016	081540	EP182839715MY	01	HARETH
35072	2000	105	01012016	081542	EG258597565MY	01	HARETH
35072	2000	105	01012016	081544	EF587197470MY	01	HARETH
35072	2000	105	01012016	081549	EF838317024MY	01	HARETH
35072	2000	105	01012016	081553	EH108778774MY	01	HARETH
35072	2000	105	01012016	081556	EN084062545MY	01	HARETH
35072	2000	105	01012016	081559	EP148438306MY	01	HARETH
35072	2000	105	01012016	081602	EP125795313MY	01	HARETH
